(base) hell@Dell-Precision-T1600:~$ ssh sunbird
Last login: Sat Apr 16 15:30:22 2022 from 5.151.27.172
====================== Supercomputing Wales - Sunbird ========================

   This system is for authorised users, if you do not have authorised access
        please disconnect immediately, and contact Technical Support.

 -----------------------------------------------------------------------------

            For user guides, documentation and technical support:
                  Web: http://portal.supercomputing.wales

 -------------------------- Message of the Day -------------------------------

  UPDATE: SCW SUPPORT DURING COVID-19, 18/03/2020

    Please be aware that, due to the current situation with COVID-19,
      support services are still available but may take longer to
      respond than normal.

  Please donâ€™t hesitate to ask if we can be of assistance to you at this time.

===============================================================================

[s.1915438@sl1 ~]$ module load anaconda/
anaconda/2019.03  anaconda/2020.07  anaconda/2021.05  anaconda/3        
[s.1915438@sl1 ~]$ module load anaconda/2021.05 
[s.1915438@sl1 ~]$ conda env list
# conda environments:
#
base                  *  /apps/local/languages/anaconda/2021.05
ml                       /home/s.1915438/.conda/envs/ml
modulus                  /home/s.1915438/.conda/envs/modulus
                         /scratch/s.1915438/modulus

[s.1915438@sl1 ~]$ cd /scratch
[s.1915438@sl1 scratch]$ ls
a.aak12   a.dab130  a.jan21   a.nap25       a.wec2      s.360117  s.849269  s.937872       s.alberto.coccarelli    s.i.a.fairley             s.r.p.hugtenburg        x.d.g.03    x.j.s.01      x.s.z.01
a.abm7    a.dab45   a.jap39   a.nas39       a.wew8      s.442714  s.850340  s.938863       s.alberto.hornero       s.iatloskp                s.r.p.lewis             x.d.h.01    x.j.s.02      x.t.e.01
a.adh28   a.dae27   a.jat69   a.ncm         a.wgr       s.445305  s.850459  s.938982       s.aleksandr.nikolaev    s.i.masters               s.r.s.conlan            x.d.h.02    x.j.t.01      x.t.m.01
a.adp28   a.dah56   a.jat70   a.ngc2        a.wgr1      s.579067  s.853369  s.939155       s.alexander.j.williams  s.i.r.morris              s.r.sevilla             x.d.m.01    x.j.t.02      x.t.p.01
a.adr     a.daj29   a.jcf1    a.nib47       a.wis27     s.612629  s.853435  s.939406       s.allan.spessa          s.isaac.vidaldaza         s.r.s.ransing           x.d.p.01    x.j.v.01      x.t.u.01
a.adt24   a.dak21   a.jeh59   a.nid16       a.wiw14     s.632281  s.855374  s.940154       s.a.m.knepper           s.jack.townsend           s.ryan.bignell          x.d.s.01    x.k.g.01      x.t.u.02
a.afc     a.dao24   a.jei     a.nis40       a.wok5      s.636595  s.855943  s.940248       s.a.s.ademiloye         s.j.a.h.jones             s.sahar.basiriesfahani  x.d.v.01    x.k.m.01      x.t.u.03
a.afd6    a.dap     a.jem26   a.odr1        a.xic10     s.637559  s.855974  s.940560       s.a.s.lacey             s.jason.m.carson          s.sanjay.pant           x.e.e.01    x.k.s.01      x.t.u.04
a.agp1    a.das50   a.jes15   a.oib         a.xig4      s.637612  s.856475  s.940631       s.a.t.m.paiement        s.j.c.bull                s.s.consuegra           x.e.f.01    x.k.y.01      x.t.u.05
a.ahz1    a.das82   a.jgb12   a.oln2        a.yas14     s.638006  s.856478  s.940721       s.a.vazquez-quesada     s.j.deng                  s.scsdavgi              x.e.f.02    x.l.b.01      x.t.u.06
a.aio     a.der23   a.jiw26   a.olt13       a.yic10     s.646717  s.863326  s.940958       s.a.z.wyner             s.j.e.bateman             s.scshitcm              x.e.o.01    x.l.c.01      x.t.u.07
a.ajh13   a.des23   a.jod45   a.osp1        a.yih6      s.654516  s.865767  s.941119       s.b.greenfield          s.jeff.s.davies           s.s.j.hands             x.e.p.01    x.l.f.01      x.t.u.08
a.alb112  a.dif1    a.jof47   a.ota1        a.yot       s.655178  s.866648  s.941219       s.b.j.evans             s.jennifer.thompson       s.s.k.behara            x.e.r.01    x.liam.jones  x.t.u.09
a.ald70   a.dig11   a.jom89   a.owc1        a.yuf4      s.659413  s.866740  s.941905       s.b.j.thorpe            s.j.g.l.mullins           s.s.l.bevan             x.e.w.01    x.l.j.01      x.t.u.10
a.ale27   a.dir18   a.jon28   ap            a.yuf5      s.659547  s.868030  s.943083       s.b.lucini              s.j.h.giansiracusa        s.s.l.cornford          x.f.l.01    x.l.m.01      x.t.u.11
a.alg53   a.djs22   a.jor69   a.pfb         a.zac4      s.668696  s.868431  s.943364       s.b.mora                s.j.h.stovold             s.s.mohamedkunju        x.f.m.01    x.l.w.01      x.t.u.12
a.alj68   a.dkb3    a.jot42   a.phs         a.zah3      s.670166  s.868893  s.943366       s.can.zhang             s.ji.li                   s.s.n.w.robinson        x.f.s.01    x.m.g.01      x.t.u.13
a.alp66   a.dor3    a.jrc15   a.pjm4        a.zhl6      s.689793  s.869257  s.943535       s.c.b.cunningham        s.jinlong.fu              s.stephen.p.jones       x.G.A.01    x.m.g.02      x.t.u.14
a.alv12   a.dsg1    a.jub27   a.puz         a.ziy4      s.690575  s.870431  s.943931       s.c.e.badoe             s.j.m.horrillo-caraballo  s.susan.murray          x.g.a.02    x.m.h.01      x.t.u.15
a.alz11   a.dso     a.jul23   a.ree28       b.eeu60d    s.700761  s.870869  s.944190       s.cerys.jenkins         s.j.m.o.rantaharju        s.tadas.nikonovas       x.g.b.01    x.m.h.02      x.t.u.16
a.amh45   a.dsv     a.juv7    a.reh40       b.iss03c    s.705970  s.871115  s.944745       s.c.f.li                s.john.walshe             s.tanmoy.chatterjee     x.g.b.02    x.m.l.01      x.t.u.17
a.amh5    a.eac16   a.jxc1    a.rew19       b.issa16    s.708774  s.871406  s.945482       s.cgobey                s.jonas.glesaaen          s.t.b.j.digiusto        x.g.c.01    x.m.m.01      x.t.u.18
a.anc78   a.edf     a.kab71   a.rfk         bonnie      s.708967  s.872018  s.945802       s.chen.wang             s.j.p.morgan              s.t.d.pritchard         x.g.g.01    x.m.n.01      x.t.u.19
a.anj52   a.edj16   a.kab84   a.rfs11       b.vnc18jrv  s.710188  s.873987  s.946802       s.chitrakshi.goel       s.j.t.cantin              s.test                  x.g.g.02    x.m.o.01      x.t.u.20
a.anl50   a.ejk3    a.kad38   a.rhj24       c.c1045890  s.710994  s.874757  s.953384       s.ciaran.ryan-anderson  s.k.dyussekeneva          s.t.fairchild           x.g.g.03    x.m.p.01      x.t.u.21
a.ann25   a.eko5    a.kas63   a.rig12       c.c1325126  s.712361  s.876382  s.953420       s.c.m.barnes            s.k.kalna                 s.theodoros.pavloudis   x.g.j.01    x.m.r.01      x.t.u.22
a.anp69   a.elf18   a.kaz8    a.rij12       c.c1628696  s.740886  s.876672  s.956351       s.c.m.bertelli          s.k.krishnan              s.tianyi.pan            x.g.k.01    x.m.w.01      x.t.u.23
a.ans105  a.elj47   a.keg21   a.rle10       c.c1838736  s.741490  s.879228  s.957829       s.c.r.allton            s.k.lakshmanan            s.t.lake                x.g.p.01    x.n.d.01      x.t.u.24
a.ans74   a.elm62   a.khd2    a.rml2        c.c1929967  s.749752  s.879272  s.959546       s.cshamid               s.k.l.wells               s.t.m.urenwebster       x.g.t.01    x.n.h.01      x.t.u.25
a.ans94   a.elz2    a.kia5    a.rof13       c.c1971193  s.786421  s.881550  s.959642       scw1019                 s.k.okeeffe               stripy                  x.guest001  x.n.m.01      x.t.u.26
a.apd06   a.emd35   a.kir14   a.row40       c.c1994367  s.787346  s.881957  s.961500       scw1065                 s.k.yahara                s.t.t.chan              x.guest002  x.n.t.01      x.t.u.27
a.apn3    a.esa3    a.kis27   a.rpj1        c.c2005608  s.787501  s.882556  s.961603       scw1376                 s.lars.marstaller         s.vesna.vuksanovic      x.guest003  x.o.h.01      x.t.u.28
a.aqm     a.esw3    a.klh5    a.rrz         c.c2005613  s.790057  s.885242  s.966751       scw1383                 s.liang-kai.wu            s.vladimir.khodygo      x.guest004  x.o.h.02      x.t.u.29
a.arm21   a.faa14   a.kub2    a.rsb11       c.c2005627  s.791328  s.885875  s.966781       scw1409                 s.l.li                    s.w.c.tsoi              x.guest005  x.o.k.01      x.t.u.30
a.arm28   a.fec11   a.kyc6    a.rtm10       c.sacip     s.792092  s.886284  s.966992       scw1573                 s.llion.evans             s.w.harrison            x.guest006  x.o.m.01      x.t.u.31
a.ars22   a.fyc     a.lac57   a.rub12       c.sacsn5    s.792104  s.887140  s.967106       scw1615                 s.lucy.minford            s.yue.mei               x.guest007  x.o.s.01      x.t.u.32
a.asg15   a.gaa12   a.laf26   a.rur7        c.scebk3    s.793350  s.887396  s.967698       scw1654                 s.luke.ardolino           s.yunzhu.yin            x.guest008  x.p.a.01      x.t.u.33
a.ask11   a.gag16   a.lah44   a.ruz8        c.sismfg    s.794362  s.889532  s.967740       scw1803                 s.m.a.n.pohl              s.yuzheng.guo           x.guest009  x.p.d.01      x.t.u.34
a.ask2    a.gam27   a.lar28   a.ryb11       c.sistg1    s.795682  s.890013  s.967741       scw1907                 s.marinos.manolesos       s.z.jelic               x.guest010  x.p.d.02      x.t.u.35
a.asv2    a.gan7    a.lav4    a.ryg5        migrate     s.795986  s.891583  s.967820       s.davide.vodola         s.mark.dawson             x.a.a.01                x.guest011  x.p.g.01      x.t.u.36
a.asz     a.gip7    a.lic42   a.saa58       s.1902838   s.798104  s.900727  s.967846       s.debika.chowdhury      s.massen                  x.a.a.02                x.guest012  x.p.k.01      x.t.u.37
a.ats14   a.grg3    a.lie6    a.sad35       s.1905021   s.802037  s.902162  s.968137       s.deb.roy               s.m.barbu                 x.a.b.01                x.guest013  x.p.o.01      x.t.u.38
a.azh2    a.gro3    a.lim41   a.sah65       s.1905217   s.803702  s.902509  s.970530       s.d.l.finkelshtein      s.m.d.holton              x.a.c.01                x.guest014  x.p.p.01      x.t.u.39
a.bap     a.gro5    a.lit26   a.sea8        s.1906366   s.806259  s.905961  s.970834       s.d.r.sahoo             s.mehdi.seddiq            x.a.c.02                x.guest015  x.p.w.01      x.t.u.40
a.bas21   a.grt24   a.llh18   a.seb12       s.1914744   s.806702  s.906446  s.973830       s.dunhui.xiao           s.m.ellero                x.a.h.01                x.guest016  x.p.x.01      x.t.u.41
a.bas22   a.grt26   a.luh35   a.seb26       s.1915417   s.807567  s.907243  s.973879       s.d.w.james             s.m.f.torquato            x.a.j.01                x.guest017  x.r.g.01      x.t.u.42
a.bef17   a.gul12   a.luj17   a.sec27       s.1915438   s.809508  s.907351  s.973991       s.e.j.bennett           s.m.g.e.white             x.a.k.01                x.guest018  x.r.h.01      x.t.u.43
a.beg38   a.gwg     a.lul12   a.sec30       s.1915819   s.809850  s.908040  s.974218       s.e.j.loveridge         s.m.hitchings             x.a.m.01                x.guest019  x.r.l.01      x.t.u.44
a.bet20   a.hag43   a.lum     a.sef7        s.1915821   s.821428  s.908781  s.974806       s.emrah.sozumert        s.michele.mesiti          x.a.m.02                x.guest020  x.r.o.01      x.t.u.45
a.bet32   a.hal24   a.lum39   a.seg18       s.1915995   s.823426  s.910995  s.978231       s.engedmum              s.miguel.lurgi            x.a.p.01                x.h.b.01    x.r.o.02      x.t.u.46
a.bfw4    a.hap39   a.lum44   a.shd7        s.1915996   s.825403  s.911061  s.983045       s.engellem              s.min.luo                 x.a.p.02                x.h.d.01    x.r.r.01      x.t.u.47
a.bip5    a.haw42   a.lur20   a.sib49       s.1916005   s.825584  s.911483  s.985602       s.engevabj              s.mokarram.hossain        x.a.r.01                x.h.l.01    x.r.w.01      x.t.u.48
a.bow3    a.heb27   a.mab152  a.sis30       s.2021564   s.827380  s.911489  s.986205       s.engfrimi              s.m.p.f.realdon           x.a.r.02                x.h.l.02    x.s.b.01      x.t.u.49
a.brg21   a.heh38   a.maj44   a.smp15       s.2023118   s.830142  s.912100  s.987513       s.enggianc              s.m.p.s.gwilliam          x.a.s.01                x.h.z.01    x.s.c.01      x.t.u.50
a.brr24   a.hek4    a.maj54   a.soc23       s.2023825   s.831491  s.912683  s.987888       s.engjamdw              s.m.w.jones               x.a.s.02                x.i.m.01    x.s.h.01      x.t.u.9
a.caa22   a.hew05   a.mak80   a.soj11       s.2024594   s.832582  s.913057  s.988171       s.engkadac              s.m.y.pei                 x.atostest              x.j.a.01    x.s.h.02      x.t.v.01
a.cam90   a.hjf1    a.mal103  a.sol11       s.2024597   s.833887  s.914829  s.988644       s.engsandb              s.m.y.t.a.hanna           x.a.v.01                x.j.a.02    x.s.h.03      x.u.s.01
a.cap33   a.hmd1    a.mam133  a.sxc         s.2026353   s.834271  s.915367  s.988920       s.engsevir              s.nashid.alam             x.a.y.01                x.j.a.03    x.sismf4      x.v.l.01
a.cap34   a.hum2    a.man15   a.tak16       s.2026408   s.835537  s.917931  s.989336       s.engsimth              s.nicholas.king           x.b.b.01                x.j.a.04    x.s.k.01      x.w.c.01
a.cdd     a.iap2    a.map26   a.thb30       s.2027638   s.836763  s.918550  s.989563       s.engvanr               s.nidhal.jamia            x.b.b.02                x.j.a.2     x.s.l.01      x.w.e.01
a.chc30   a.ilg2    a.map48   a.thw38       s.2031472   s.837921  s.919094  s.989923       s.engxuany              s.n.madsen                x.b.j.01                x.j.a.3     x.s.m.01      x.x.o.01
a.chc73   a.ils4    a.mas109  a.tir2        s.2031744   s.838282  s.919097  s.992559       s.eugenio.borghini      s.n.p.lavery              x.b.m.01                x.j.a.4     x.s.m.02      x.x.y.01
a.chj39   a.isi     a.mep19   a.tjb10       s.2035620   s.838999  s.919165  s.992721       s.fatemeh.torabi        s.o.bodger                x.c.a.01                x.j.a.5     x.s.m.03      x.y.h.01
a.chs73   a.itd     a.mhm1    a.toc20       s.2036508   s.840130  s.919250  s.992983       s.fereshteh.izadi       software.builder          x.c.a.02                x.j.b.01    x.s.p.01      x.z.a.01
a.chw77   a.ium     a.mna     a.toh36       s.2037458   s.840333  s.919589  s.994375       s.f.j.martin-martinez   s.p.facey                 x.c.e.01                x.j.b.02    x.s.r.01      x.z.s.01
a.chy10   a.izk     a.mng2    a.top19       s.2037484   s.840519  s.920039  s.994562       s.f.martinezgarcia      s.philip.ansell           x.c.f.01                x.j.d.01    x.s.s.01      x.z.x.01
a.chz8    a.jab157  a.mog19   atostestuser  s.2100552   s.842428  s.921400  s.995249       s.g.aarts               s.p.parradorodriguez      x.c.k.01                x.j.f.01    x.s.s.02      x.z.z.01
a.cir10   a.jac131  a.mog9    a.tpw2        s.2102758   s.842895  s.922187  s.996870       s.german.martinezayuso  s.p.rees                  x.c.m.01                x.j.g.01    x.s.s.03      x.z.z.02
a.clc20   a.jad105  a.msl5    a.ttb7        s.2115589   s.843261  s.922560  s.997100       s.g.j.ayres             s.p.refachinhodecampos    x.c.v.01                x.j.k.01    x.s.s.04
a.clr19   a.jad55   a.msn     a.ttl         s.2130101   s.844814  s.929100  s.997889       s.g.n.alexandrowicz     s.p.t.dlotko              x.c.w.01                x.j.l.01    x.s.s.05
a.cos     a.jah135  a.mtb     a.ucb         s.2132253   s.845231  s.929493  s.a.aggarwal   s.grazia.todeschini     s.pyhands                 x.d.c.01                x.j.l.02    x.s.s.06
a.cos31   a.jah148  a.mts11   a.vad7        s.2132307   s.845700  s.930500  s.a.a.m.rahat  s.guillem.barroso       s.r.a.jenkins             x.d.c.02                x.j.m.01    x.s.s.07
a.cot12   a.jak55   a.myc3    a.vlk         s.2135675   s.845973  s.930925  s.a.a.s.amad   s.hamza.labiad          s.r.e.palmer              x.d.f.01                x.j.p.01    x.s.s.08
a.csn     a.jam139  a.naa28   a.vmm1        s.2135682   s.846135  s.935594  s.a.e.essien   s.hari.arora            s.richard.ororke          x.d.g.01                x.j.p.02    x.s.s.09
a.cul     a.jam86   a.naf4    a.wcy         s.2145185   s.846909  s.936647  s.a.k.pal      s.h.j.chadwick          s.r.j.fry                 x.d.g.02                x.j.r.01    x.s.t.01
[s.1915438@sl1 scratch]$ cs s.1915438
-bash: cs: command not found
[s.1915438@sl1 scratch]$ cd s.1915438
[s.1915438@sl1 s.1915438]$ ls
ansys195  modulus  Modulus_examples  Modulus_source
[s.1915438@sl1 s.1915438]$ source activate modulus/
(/scratch/s.1915438/modulus) [s.1915438@sl1 s.1915438]$ python
Python 3.9.12 (main, Apr  5 2022, 06:56:58) 
[GCC 7.5.0] :: Anaconda, Inc. on linux
Type "help", "copyright", "credits" or "license" for more information.
>>> import torch
>>> torch.__version__
'1.11.0+cu102'
>>> torch.__version__
'1.11.0+cu102'
>>> import tensorflow
Traceback (most recent call last):
  File "<stdin>", line 1, in <module>
ModuleNotFoundError: No module named 'tensorflow'
>>> which pythomn
  File "<stdin>", line 1
    which pythomn
          ^
SyntaxError: invalid syntax
>>> which python
  File "<stdin>", line 1
    which python
          ^
SyntaxError: invalid syntax
>>> exit()
(/scratch/s.1915438/modulus) [s.1915438@sl1 s.1915438]$ which python
/scratch/s.1915438/modulus/bin/python
(/scratch/s.1915438/modulus) [s.1915438@sl1 s.1915438]$ ls
ansys195  modulus  Modulus_examples  Modulus_source
(/scratch/s.1915438/modulus) [s.1915438@sl1 s.1915438]$ pwd
/scratch/s.1915438
(/scratch/s.1915438/modulus) [s.1915438@sl1 s.1915438]$ pip3 install matplotlib transforms3d future typing numpy quadpy\
>              numpy-stl==2.11.2 h5py sympy==1.5.1 termcolor psutil\
>              symengine==0.6.1 numba Cython chaospy torch_optimizer\
>              vtk chaospy termcolor omegaconf hydra-core einops\
> pip3 install matplotlib transforms3d future typing numpy quadpy             numpy-stl==2.11.2 h5py sympy==1.5.1 termcolor psutil             symengine==0.6.1 numba Cython chaospy torch_optimizer             vtk chaospy termcolor omegaconf hydra-core einops\^C
(/scratch/s.1915438/modulus) [s.1915438@sl1 s.1915438]$ pip3 install matplotlib transforms3d future typing numpy quadpy numpy-stl==2.11.2 h5py sympy==1.5.1 termcolor psutil symengine==0.6.1 numba Cython chaospy torch_optimizer vtk chaospy termcolor omegaconf hydra-core einops timm tensorboard pandas orthopy ndim
Requirement already satisfied: matplotlib in ./modulus/lib/python3.9/site-packages (3.5.1)
Requirement already satisfied: transforms3d in ./modulus/lib/python3.9/site-packages (0.3.1)
Requirement already satisfied: future in ./modulus/lib/python3.9/site-packages (0.18.2)
Requirement already satisfied: typing in ./modulus/lib/python3.9/site-packages (3.7.4.3)
Requirement already satisfied: numpy in ./modulus/lib/python3.9/site-packages (1.21.5)
Requirement already satisfied: quadpy in ./modulus/lib/python3.9/site-packages (0.16.13)
Requirement already satisfied: numpy-stl==2.11.2 in ./modulus/lib/python3.9/site-packages (2.11.2)
Requirement already satisfied: h5py in ./modulus/lib/python3.9/site-packages (3.6.0)
Requirement already satisfied: sympy==1.5.1 in ./modulus/lib/python3.9/site-packages (1.5.1)
Requirement already satisfied: termcolor in ./modulus/lib/python3.9/site-packages (1.1.0)
Requirement already satisfied: psutil in ./modulus/lib/python3.9/site-packages (5.9.0)
Requirement already satisfied: symengine==0.6.1 in ./modulus/lib/python3.9/site-packages (0.6.1)
Requirement already satisfied: numba in ./modulus/lib/python3.9/site-packages (0.55.1)
Requirement already satisfied: Cython in ./modulus/lib/python3.9/site-packages (0.29.28)
Requirement already satisfied: chaospy in ./modulus/lib/python3.9/site-packages (4.3.7)
Requirement already satisfied: torch_optimizer in ./modulus/lib/python3.9/site-packages (0.3.0)
Requirement already satisfied: vtk in ./modulus/lib/python3.9/site-packages (9.1.0)
Requirement already satisfied: omegaconf in ./modulus/lib/python3.9/site-packages (2.1.1)
Requirement already satisfied: hydra-core in ./modulus/lib/python3.9/site-packages (1.1.1)
Requirement already satisfied: einops in ./modulus/lib/python3.9/site-packages (0.4.1)
Requirement already satisfied: timm in ./modulus/lib/python3.9/site-packages (0.5.4)
Requirement already satisfied: tensorboard in ./modulus/lib/python3.9/site-packages (2.8.0)
Requirement already satisfied: pandas in ./modulus/lib/python3.9/site-packages (1.4.2)
Requirement already satisfied: orthopy in ./modulus/lib/python3.9/site-packages (0.9.6)
Requirement already satisfied: ndim in ./modulus/lib/python3.9/site-packages (0.1.7)
Requirement already satisfied: python-utils>=1.6.2 in ./modulus/lib/python3.9/site-packages (from numpy-stl==2.11.2) (3.1.0)
Requirement already satisfied: mpmath>=0.19 in ./modulus/lib/python3.9/site-packages (from sympy==1.5.1) (1.2.1)
Requirement already satisfied: kiwisolver>=1.0.1 in ./modulus/lib/python3.9/site-packages (from matplotlib) (1.4.2)
Requirement already satisfied: pyparsing>=2.2.1 in ./modulus/lib/python3.9/site-packages (from matplotlib) (3.0.8)
Requirement already satisfied: cycler>=0.10 in ./modulus/lib/python3.9/site-packages (from matplotlib) (0.11.0)
Requirement already satisfied: pillow>=6.2.0 in ./modulus/lib/python3.9/site-packages (from matplotlib) (9.1.0)
Requirement already satisfied: packaging>=20.0 in ./modulus/lib/python3.9/site-packages (from matplotlib) (21.3)
Requirement already satisfied: python-dateutil>=2.7 in ./modulus/lib/python3.9/site-packages (from matplotlib) (2.8.2)
Requirement already satisfied: fonttools>=4.22.0 in ./modulus/lib/python3.9/site-packages (from matplotlib) (4.32.0)
Requirement already satisfied: x21>=0.2.4 in ./modulus/lib/python3.9/site-packages (from quadpy) (0.2.4)
Requirement already satisfied: scipy in ./modulus/lib/python3.9/site-packages (from quadpy) (1.8.0)
Requirement already satisfied: setuptools in ./modulus/lib/python3.9/site-packages (from numba) (58.0.4)
Requirement already satisfied: llvmlite<0.39,>=0.38.0rc1 in ./modulus/lib/python3.9/site-packages (from numba) (0.38.0)
Requirement already satisfied: numpoly in ./modulus/lib/python3.9/site-packages (from chaospy) (1.2.3)
Requirement already satisfied: pytorch-ranger>=0.1.1 in ./modulus/lib/python3.9/site-packages (from torch_optimizer) (0.1.1)
Requirement already satisfied: torch>=1.5.0 in ./modulus/lib/python3.9/site-packages (from torch_optimizer) (1.11.0)
Requirement already satisfied: wslink>=1.0.4 in ./modulus/lib/python3.9/site-packages (from vtk) (1.5.2)
Requirement already satisfied: antlr4-python3-runtime==4.8 in ./modulus/lib/python3.9/site-packages (from omegaconf) (4.8)
Requirement already satisfied: PyYAML>=5.1.0 in ./modulus/lib/python3.9/site-packages (from omegaconf) (6.0)
Requirement already satisfied: torchvision in ./modulus/lib/python3.9/site-packages (from timm) (0.12.0)
Requirement already satisfied: wheel>=0.26 in ./modulus/lib/python3.9/site-packages (from tensorboard) (0.37.1)
Requirement already satisfied: requests<3,>=2.21.0 in ./modulus/lib/python3.9/site-packages (from tensorboard) (2.27.1)
Requirement already satisfied: protobuf>=3.6.0 in ./modulus/lib/python3.9/site-packages (from tensorboard) (3.20.0)
Requirement already satisfied: google-auth-oauthlib<0.5,>=0.4.1 in ./modulus/lib/python3.9/site-packages (from tensorboard) (0.4.6)
Requirement already satisfied: absl-py>=0.4 in ./modulus/lib/python3.9/site-packages (from tensorboard) (1.0.0)
Requirement already satisfied: tensorboard-data-server<0.7.0,>=0.6.0 in ./modulus/lib/python3.9/site-packages (from tensorboard) (0.6.1)
Requirement already satisfied: markdown>=2.6.8 in ./modulus/lib/python3.9/site-packages (from tensorboard) (3.3.6)
Requirement already satisfied: werkzeug>=0.11.15 in ./modulus/lib/python3.9/site-packages (from tensorboard) (2.1.1)
Requirement already satisfied: grpcio>=1.24.3 in ./modulus/lib/python3.9/site-packages (from tensorboard) (1.44.0)
Requirement already satisfied: tensorboard-plugin-wit>=1.6.0 in ./modulus/lib/python3.9/site-packages (from tensorboard) (1.8.1)
Requirement already satisfied: google-auth<3,>=1.6.3 in ./modulus/lib/python3.9/site-packages (from tensorboard) (2.6.3)
Requirement already satisfied: pytz>=2020.1 in ./modulus/lib/python3.9/site-packages (from pandas) (2022.1)
Requirement already satisfied: kgt in ./modulus/lib/python3.9/site-packages (from ndim) (0.4.5)
Requirement already satisfied: six in ./modulus/lib/python3.9/site-packages (from absl-py>=0.4->tensorboard) (1.16.0)
Requirement already satisfied: rsa<5,>=3.1.4 in ./modulus/lib/python3.9/site-packages (from google-auth<3,>=1.6.3->tensorboard) (4.8)
Requirement already satisfied: pyasn1-modules>=0.2.1 in ./modulus/lib/python3.9/site-packages (from google-auth<3,>=1.6.3->tensorboard) (0.2.8)
Requirement already satisfied: cachetools<6.0,>=2.0.0 in ./modulus/lib/python3.9/site-packages (from google-auth<3,>=1.6.3->tensorboard) (5.0.0)
Requirement already satisfied: requests-oauthlib>=0.7.0 in ./modulus/lib/python3.9/site-packages (from google-auth-oauthlib<0.5,>=0.4.1->tensorboard) (1.3.1)
Requirement already satisfied: importlib-metadata>=4.4 in ./modulus/lib/python3.9/site-packages (from markdown>=2.6.8->tensorboard) (4.11.3)
Requirement already satisfied: zipp>=0.5 in ./modulus/lib/python3.9/site-packages (from importlib-metadata>=4.4->markdown>=2.6.8->tensorboard) (3.8.0)
Requirement already satisfied: pyasn1<0.5.0,>=0.4.6 in ./modulus/lib/python3.9/site-packages (from pyasn1-modules>=0.2.1->google-auth<3,>=1.6.3->tensorboard) (0.4.8)
Requirement already satisfied: urllib3<1.27,>=1.21.1 in ./modulus/lib/python3.9/site-packages (from requests<3,>=2.21.0->tensorboard) (1.26.9)
Requirement already satisfied: idna<4,>=2.5 in ./modulus/lib/python3.9/site-packages (from requests<3,>=2.21.0->tensorboard) (3.3)
Requirement already satisfied: certifi>=2017.4.17 in ./modulus/lib/python3.9/site-packages (from requests<3,>=2.21.0->tensorboard) (2021.10.8)
Requirement already satisfied: charset-normalizer~=2.0.0 in ./modulus/lib/python3.9/site-packages (from requests<3,>=2.21.0->tensorboard) (2.0.12)
Requirement already satisfied: oauthlib>=3.0.0 in ./modulus/lib/python3.9/site-packages (from requests-oauthlib>=0.7.0->google-auth-oauthlib<0.5,>=0.4.1->tensorboard) (3.2.0)
Requirement already satisfied: typing-extensions in ./modulus/lib/python3.9/site-packages (from torch>=1.5.0->torch_optimizer) (4.1.1)
Requirement already satisfied: aiohttp in ./modulus/lib/python3.9/site-packages (from wslink>=1.0.4->vtk) (3.8.1)
Requirement already satisfied: PyNaCl in ./modulus/lib/python3.9/site-packages (from x21>=0.2.4->quadpy) (1.5.0)
Requirement already satisfied: frozenlist>=1.1.1 in ./modulus/lib/python3.9/site-packages (from aiohttp->wslink>=1.0.4->vtk) (1.3.0)
Requirement already satisfied: yarl<2.0,>=1.0 in ./modulus/lib/python3.9/site-packages (from aiohttp->wslink>=1.0.4->vtk) (1.7.2)
Requirement already satisfied: attrs>=17.3.0 in ./modulus/lib/python3.9/site-packages (from aiohttp->wslink>=1.0.4->vtk) (21.4.0)
Requirement already satisfied: multidict<7.0,>=4.5 in ./modulus/lib/python3.9/site-packages (from aiohttp->wslink>=1.0.4->vtk) (6.0.2)
Requirement already satisfied: aiosignal>=1.1.2 in ./modulus/lib/python3.9/site-packages (from aiohttp->wslink>=1.0.4->vtk) (1.2.0)
Requirement already satisfied: async-timeout<5.0,>=4.0.0a3 in ./modulus/lib/python3.9/site-packages (from aiohttp->wslink>=1.0.4->vtk) (4.0.2)
Requirement already satisfied: tomli in ./modulus/lib/python3.9/site-packages (from kgt->ndim) (2.0.1)
Requirement already satisfied: tomli-w in ./modulus/lib/python3.9/site-packages (from kgt->ndim) (1.0.0)
Requirement already satisfied: cryptography in ./modulus/lib/python3.9/site-packages (from kgt->ndim) (36.0.2)
Requirement already satisfied: rich in ./modulus/lib/python3.9/site-packages (from kgt->ndim) (12.2.0)
Requirement already satisfied: appdirs in ./modulus/lib/python3.9/site-packages (from kgt->ndim) (1.4.4)
Requirement already satisfied: cffi>=1.12 in ./modulus/lib/python3.9/site-packages (from cryptography->kgt->ndim) (1.15.0)
Requirement already satisfied: pycparser in ./modulus/lib/python3.9/site-packages (from cffi>=1.12->cryptography->kgt->ndim) (2.21)
Requirement already satisfied: commonmark<0.10.0,>=0.9.0 in ./modulus/lib/python3.9/site-packages (from rich->kgt->ndim) (0.9.1)
Requirement already satisfied: pygments<3.0.0,>=2.6.0 in ./modulus/lib/python3.9/site-packages (from rich->kgt->ndim) (2.11.2)
(/scratch/s.1915438/modulus) [s.1915438@sl1 s.1915438]$ pip3 install -U https://github.com/paulo-herrera/PyEVTK/archive/v1.1.2.tar.gz
Collecting https://github.com/paulo-herrera/PyEVTK/archive/v1.1.2.tar.gz
  Using cached https://github.com/paulo-herrera/PyEVTK/archive/v1.1.2.tar.gz
Building wheels for collected packages: evtk
  Building wheel for evtk (setup.py) ... done
  Created wheel for evtk: filename=evtk-1.1.1-py3-none-any.whl size=28644 sha256=4706e48d5ccfc64dccdc0a5858c6cb580f283e7a4980cae7be92b672b8c866ba
  Stored in directory: /tmp/pip-ephem-wheel-cache-qofm6xgn/wheels/df/86/00/7b16500ad304d5b436792c7e9ffed3ae595125f089bbfb7d8e
Successfully built evtk
Installing collected packages: evtk
Successfully installed evtk-1.1.1
(/scratch/s.1915438/modulus) [s.1915438@sl1 s.1915438]$ cd Modulus_source/
(/scratch/s.1915438/modulus) [s.1915438@sl1 Modulus_source]$ ls
Modulus
(/scratch/s.1915438/modulus) [s.1915438@sl1 Modulus_source]$ cd Modulus/
(/scratch/s.1915438/modulus) [s.1915438@sl1 Modulus]$ ls
accompanying_licences  build  changelog_tensorflow.md  dist  Dockerfile  external  MANIFEST.in  modulus  modulus.egg-info  NVIDIA-OptiX-SDK-7.0.0-linux64.sh  README.md  requirements.txt  setup.cfg  setup.py
(/scratch/s.1915438/modulus) [s.1915438@sl1 Modulus]$ python setup.py install
/scratch/s.1915438/modulus/lib/python3.9/site-packages/setuptools/dist.py:717: UserWarning: Usage of dash-separated 'description-file' will not be supported in future versions. Please use the underscore name 'description_file' instead
  warnings.warn(
/scratch/s.1915438/modulus/lib/python3.9/site-packages/setuptools/dist.py:487: UserWarning: Normalizing '22.03' to '22.3'
  warnings.warn(tmpl.format(**locals()))
running install
running bdist_egg
running egg_info
writing modulus.egg-info/PKG-INFO
writing dependency_links to modulus.egg-info/dependency_links.txt
writing requirements to modulus.egg-info/requires.txt
writing top-level names to modulus.egg-info/top_level.txt
reading manifest file 'modulus.egg-info/SOURCES.txt'
reading manifest template 'MANIFEST.in'
writing manifest file 'modulus.egg-info/SOURCES.txt'
installing library code to build/bdist.linux-x86_64/egg
running install_lib
running build_py
creating build/bdist.linux-x86_64/egg
creating build/bdist.linux-x86_64/egg/modulus
copying build/lib/modulus/key.py -> build/bdist.linux-x86_64/egg/modulus
creating build/bdist.linux-x86_64/egg/modulus/tensorboard_utils
copying build/lib/modulus/tensorboard_utils/plotter.py -> build/bdist.linux-x86_64/egg/modulus/tensorboard_utils
copying build/lib/modulus/tensorboard_utils/__init__.py -> build/bdist.linux-x86_64/egg/modulus/tensorboard_utils
creating build/bdist.linux-x86_64/egg/modulus/PDES
copying build/lib/modulus/PDES/signed_distance_function.py -> build/bdist.linux-x86_64/egg/modulus/PDES
copying build/lib/modulus/PDES/diffusion.py -> build/bdist.linux-x86_64/egg/modulus/PDES
copying build/lib/modulus/PDES/navier_stokes.py -> build/bdist.linux-x86_64/egg/modulus/PDES
copying build/lib/modulus/PDES/electromagnetic.py -> build/bdist.linux-x86_64/egg/modulus/PDES
copying build/lib/modulus/PDES/energy_equation.py -> build/bdist.linux-x86_64/egg/modulus/PDES
copying build/lib/modulus/PDES/advection_diffusion.py -> build/bdist.linux-x86_64/egg/modulus/PDES
copying build/lib/modulus/PDES/__init__.py -> build/bdist.linux-x86_64/egg/modulus/PDES
copying build/lib/modulus/PDES/basic.py -> build/bdist.linux-x86_64/egg/modulus/PDES
copying build/lib/modulus/PDES/wave_equation.py -> build/bdist.linux-x86_64/egg/modulus/PDES
copying build/lib/modulus/PDES/turbulence_zero_eq.py -> build/bdist.linux-x86_64/egg/modulus/PDES
copying build/lib/modulus/PDES/linear_elasticity.py -> build/bdist.linux-x86_64/egg/modulus/PDES
creating build/bdist.linux-x86_64/egg/modulus/geometry
creating build/bdist.linux-x86_64/egg/modulus/geometry/csg
copying build/lib/modulus/geometry/csg/csg_1d.py -> build/bdist.linux-x86_64/egg/modulus/geometry/csg
copying build/lib/modulus/geometry/csg/csg_2d.py -> build/bdist.linux-x86_64/egg/modulus/geometry/csg
copying build/lib/modulus/geometry/csg/adf.py -> build/bdist.linux-x86_64/egg/modulus/geometry/csg
copying build/lib/modulus/geometry/csg/__init__.py -> build/bdist.linux-x86_64/egg/modulus/geometry/csg
copying build/lib/modulus/geometry/csg/csg.py -> build/bdist.linux-x86_64/egg/modulus/geometry/csg
copying build/lib/modulus/geometry/csg/csg_3d.py -> build/bdist.linux-x86_64/egg/modulus/geometry/csg
copying build/lib/modulus/geometry/csg/curves.py -> build/bdist.linux-x86_64/egg/modulus/geometry/csg
copying build/lib/modulus/geometry/geometry.py -> build/bdist.linux-x86_64/egg/modulus/geometry
copying build/lib/modulus/geometry/__init__.py -> build/bdist.linux-x86_64/egg/modulus/geometry
creating build/bdist.linux-x86_64/egg/modulus/geometry/tessellation
copying build/lib/modulus/geometry/tessellation/tessellation.py -> build/bdist.linux-x86_64/egg/modulus/geometry/tessellation
copying build/lib/modulus/pdes.py -> build/bdist.linux-x86_64/egg/modulus
creating build/bdist.linux-x86_64/egg/modulus/tests
copying build/lib/modulus/tests/test_interpolation.py -> build/bdist.linux-x86_64/egg/modulus/tests
copying build/lib/modulus/tests/test_importance_sampling.py -> build/bdist.linux-x86_64/egg/modulus/tests
copying build/lib/modulus/tests/test_derivatives.py -> build/bdist.linux-x86_64/egg/modulus/tests
copying build/lib/modulus/tests/test_grid_constraint.py -> build/bdist.linux-x86_64/egg/modulus/tests
copying build/lib/modulus/tests/test_integral_constraint.py -> build/bdist.linux-x86_64/egg/modulus/tests
copying build/lib/modulus/tests/test_tesselated_geometry.py -> build/bdist.linux-x86_64/egg/modulus/tests
copying build/lib/modulus/tests/test_sympy_printer.py -> build/bdist.linux-x86_64/egg/modulus/tests
copying build/lib/modulus/tests/test_point_constraint.py -> build/bdist.linux-x86_64/egg/modulus/tests
copying build/lib/modulus/tests/__init__.py -> build/bdist.linux-x86_64/egg/modulus/tests
copying build/lib/modulus/tests/test_graph.py -> build/bdist.linux-x86_64/egg/modulus/tests
copying build/lib/modulus/tests/test_sympy_node.py -> build/bdist.linux-x86_64/egg/modulus/tests
creating build/bdist.linux-x86_64/egg/modulus/csv_utils
copying build/lib/modulus/csv_utils/csv_rw.py -> build/bdist.linux-x86_64/egg/modulus/csv_utils
copying build/lib/modulus/csv_utils/__init__.py -> build/bdist.linux-x86_64/egg/modulus/csv_utils
creating build/bdist.linux-x86_64/egg/modulus/sympy_utils
copying build/lib/modulus/sympy_utils/numpy_printer.py -> build/bdist.linux-x86_64/egg/modulus/sympy_utils
copying build/lib/modulus/sympy_utils/functions.py -> build/bdist.linux-x86_64/egg/modulus/sympy_utils
copying build/lib/modulus/sympy_utils/torch_printer.py -> build/bdist.linux-x86_64/egg/modulus/sympy_utils
copying build/lib/modulus/sympy_utils/__init__.py -> build/bdist.linux-x86_64/egg/modulus/sympy_utils
copying build/lib/modulus/graph.py -> build/bdist.linux-x86_64/egg/modulus
creating build/bdist.linux-x86_64/egg/modulus/plot_utils
copying build/lib/modulus/plot_utils/field.py -> build/bdist.linux-x86_64/egg/modulus/plot_utils
copying build/lib/modulus/plot_utils/vtk.py -> build/bdist.linux-x86_64/egg/modulus/plot_utils
copying build/lib/modulus/plot_utils/time_series.py -> build/bdist.linux-x86_64/egg/modulus/plot_utils
copying build/lib/modulus/plot_utils/__init__.py -> build/bdist.linux-x86_64/egg/modulus/plot_utils
copying build/lib/modulus/trainer.py -> build/bdist.linux-x86_64/egg/modulus
creating build/bdist.linux-x86_64/egg/modulus/distributed
copying build/lib/modulus/distributed/manager.py -> build/bdist.linux-x86_64/egg/modulus/distributed
copying build/lib/modulus/distributed/__init__.py -> build/bdist.linux-x86_64/egg/modulus/distributed
copying build/lib/modulus/distributed/utils.py -> build/bdist.linux-x86_64/egg/modulus/distributed
copying build/lib/modulus/loss.py -> build/bdist.linux-x86_64/egg/modulus
copying build/lib/modulus/constants.py -> build/bdist.linux-x86_64/egg/modulus
creating build/bdist.linux-x86_64/egg/modulus/architecture
copying build/lib/modulus/architecture/highway_fourier_net.py -> build/bdist.linux-x86_64/egg/modulus/architecture
copying build/lib/modulus/architecture/afno.py -> build/bdist.linux-x86_64/egg/modulus/architecture
copying build/lib/modulus/architecture/moving_time_window.py -> build/bdist.linux-x86_64/egg/modulus/architecture
copying build/lib/modulus/architecture/deeponet.py -> build/bdist.linux-x86_64/egg/modulus/architecture
copying build/lib/modulus/architecture/hash_encoding_net.py -> build/bdist.linux-x86_64/egg/modulus/architecture
copying build/lib/modulus/architecture/pix2pix.py -> build/bdist.linux-x86_64/egg/modulus/architecture
copying build/lib/modulus/architecture/multiplicative_filter_net.py -> build/bdist.linux-x86_64/egg/modulus/architecture
copying build/lib/modulus/architecture/super_res_net.py -> build/bdist.linux-x86_64/egg/modulus/architecture
copying build/lib/modulus/architecture/multiscale_fourier_net.py -> build/bdist.linux-x86_64/egg/modulus/architecture
copying build/lib/modulus/architecture/fully_connected.py -> build/bdist.linux-x86_64/egg/modulus/architecture
copying build/lib/modulus/architecture/fourier_net.py -> build/bdist.linux-x86_64/egg/modulus/architecture
copying build/lib/modulus/architecture/modified_fourier_net.py -> build/bdist.linux-x86_64/egg/modulus/architecture
copying build/lib/modulus/architecture/fno.py -> build/bdist.linux-x86_64/egg/modulus/architecture
copying build/lib/modulus/architecture/__init__.py -> build/bdist.linux-x86_64/egg/modulus/architecture
copying build/lib/modulus/architecture/dgm.py -> build/bdist.linux-x86_64/egg/modulus/architecture
copying build/lib/modulus/architecture/layers.py -> build/bdist.linux-x86_64/egg/modulus/architecture
copying build/lib/modulus/architecture/interpolation.py -> build/bdist.linux-x86_64/egg/modulus/architecture
copying build/lib/modulus/architecture/radial_basis.py -> build/bdist.linux-x86_64/egg/modulus/architecture
copying build/lib/modulus/architecture/siren.py -> build/bdist.linux-x86_64/egg/modulus/architecture
copying build/lib/modulus/aggregator.py -> build/bdist.linux-x86_64/egg/modulus
copying build/lib/modulus/arch.py -> build/bdist.linux-x86_64/egg/modulus
copying build/lib/modulus/constraint.py -> build/bdist.linux-x86_64/egg/modulus
copying build/lib/modulus/__init__.py -> build/bdist.linux-x86_64/egg/modulus
copying build/lib/modulus/derivatives.py -> build/bdist.linux-x86_64/egg/modulus
creating build/bdist.linux-x86_64/egg/modulus/vpinn_utils
copying build/lib/modulus/vpinn_utils/__init__.py -> build/bdist.linux-x86_64/egg/modulus/vpinn_utils
copying build/lib/modulus/vpinn_utils/test_functions.py -> build/bdist.linux-x86_64/egg/modulus/vpinn_utils
copying build/lib/modulus/vpinn_utils/integral.py -> build/bdist.linux-x86_64/egg/modulus/vpinn_utils
copying build/lib/modulus/node.py -> build/bdist.linux-x86_64/egg/modulus
creating build/bdist.linux-x86_64/egg/modulus/continuous
creating build/bdist.linux-x86_64/egg/modulus/continuous/solvers
copying build/lib/modulus/continuous/solvers/solver.py -> build/bdist.linux-x86_64/egg/modulus/continuous/solvers
creating build/bdist.linux-x86_64/egg/modulus/continuous/domain
copying build/lib/modulus/continuous/domain/domain.py -> build/bdist.linux-x86_64/egg/modulus/continuous/domain
creating build/bdist.linux-x86_64/egg/modulus/continuous/constraints
copying build/lib/modulus/continuous/constraints/constraint.py -> build/bdist.linux-x86_64/egg/modulus/continuous/constraints
creating build/bdist.linux-x86_64/egg/modulus/continuous/monitor
copying build/lib/modulus/continuous/monitor/monitor.py -> build/bdist.linux-x86_64/egg/modulus/continuous/monitor
copying build/lib/modulus/continuous/__init__.py -> build/bdist.linux-x86_64/egg/modulus/continuous
creating build/bdist.linux-x86_64/egg/modulus/continuous/inferencer
copying build/lib/modulus/continuous/inferencer/inferencer.py -> build/bdist.linux-x86_64/egg/modulus/continuous/inferencer
creating build/bdist.linux-x86_64/egg/modulus/continuous/dataset
copying build/lib/modulus/continuous/dataset/dataset.py -> build/bdist.linux-x86_64/egg/modulus/continuous/dataset
creating build/bdist.linux-x86_64/egg/modulus/continuous/validator
copying build/lib/modulus/continuous/validator/validator.py -> build/bdist.linux-x86_64/egg/modulus/continuous/validator
creating build/bdist.linux-x86_64/egg/modulus/discrete
creating build/bdist.linux-x86_64/egg/modulus/discrete/solvers
copying build/lib/modulus/discrete/solvers/solver.py -> build/bdist.linux-x86_64/egg/modulus/discrete/solvers
creating build/bdist.linux-x86_64/egg/modulus/discrete/domain
copying build/lib/modulus/discrete/domain/domain.py -> build/bdist.linux-x86_64/egg/modulus/discrete/domain
creating build/bdist.linux-x86_64/egg/modulus/discrete/constraints
copying build/lib/modulus/discrete/constraints/constraint.py -> build/bdist.linux-x86_64/egg/modulus/discrete/constraints
creating build/bdist.linux-x86_64/egg/modulus/discrete/monitor
copying build/lib/modulus/discrete/monitor/monitor.py -> build/bdist.linux-x86_64/egg/modulus/discrete/monitor
copying build/lib/modulus/discrete/__init__.py -> build/bdist.linux-x86_64/egg/modulus/discrete
creating build/bdist.linux-x86_64/egg/modulus/discrete/inferencer
copying build/lib/modulus/discrete/inferencer/inferencer.py -> build/bdist.linux-x86_64/egg/modulus/discrete/inferencer
creating build/bdist.linux-x86_64/egg/modulus/discrete/dataset
copying build/lib/modulus/discrete/dataset/dataset.py -> build/bdist.linux-x86_64/egg/modulus/discrete/dataset
copying build/lib/modulus/discrete/dataset/datafile.py -> build/bdist.linux-x86_64/egg/modulus/discrete/dataset
creating build/bdist.linux-x86_64/egg/modulus/discrete/validator
copying build/lib/modulus/discrete/validator/validator.py -> build/bdist.linux-x86_64/egg/modulus/discrete/validator
creating build/bdist.linux-x86_64/egg/modulus/hydra
copying build/lib/modulus/hydra/pde.py -> build/bdist.linux-x86_64/egg/modulus/hydra
copying build/lib/modulus/hydra/help.yaml -> build/bdist.linux-x86_64/egg/modulus/hydra
copying build/lib/modulus/hydra/profiler.py -> build/bdist.linux-x86_64/egg/modulus/hydra
copying build/lib/modulus/hydra/hydra.py -> build/bdist.linux-x86_64/egg/modulus/hydra
copying build/lib/modulus/hydra/loss.py -> build/bdist.linux-x86_64/egg/modulus/hydra
copying build/lib/modulus/hydra/scheduler.py -> build/bdist.linux-x86_64/egg/modulus/hydra
copying build/lib/modulus/hydra/optimizer.py -> build/bdist.linux-x86_64/egg/modulus/hydra
copying build/lib/modulus/hydra/training.py -> build/bdist.linux-x86_64/egg/modulus/hydra
copying build/lib/modulus/hydra/arch.py -> build/bdist.linux-x86_64/egg/modulus/hydra
copying build/lib/modulus/hydra/__init__.py -> build/bdist.linux-x86_64/egg/modulus/hydra
copying build/lib/modulus/hydra/config.py -> build/bdist.linux-x86_64/egg/modulus/hydra
copying build/lib/modulus/hydra/utils.py -> build/bdist.linux-x86_64/egg/modulus/hydra
copying build/lib/modulus/hydra/metric.py -> build/bdist.linux-x86_64/egg/modulus/hydra
byte-compiling build/bdist.linux-x86_64/egg/modulus/key.py to key.cpython-39.pyc
byte-compiling build/bdist.linux-x86_64/egg/modulus/tensorboard_utils/plotter.py to plotter.cpython-39.pyc
byte-compiling build/bdist.linux-x86_64/egg/modulus/tensorboard_utils/__init__.py to __init__.cpython-39.pyc
byte-compiling build/bdist.linux-x86_64/egg/modulus/PDES/signed_distance_function.py to signed_distance_function.cpython-39.pyc
byte-compiling build/bdist.linux-x86_64/egg/modulus/PDES/diffusion.py to diffusion.cpython-39.pyc
byte-compiling build/bdist.linux-x86_64/egg/modulus/PDES/navier_stokes.py to navier_stokes.cpython-39.pyc
byte-compiling build/bdist.linux-x86_64/egg/modulus/PDES/electromagnetic.py to electromagnetic.cpython-39.pyc
byte-compiling build/bdist.linux-x86_64/egg/modulus/PDES/energy_equation.py to energy_equation.cpython-39.pyc
byte-compiling build/bdist.linux-x86_64/egg/modulus/PDES/advection_diffusion.py to advection_diffusion.cpython-39.pyc
byte-compiling build/bdist.linux-x86_64/egg/modulus/PDES/__init__.py to __init__.cpython-39.pyc
byte-compiling build/bdist.linux-x86_64/egg/modulus/PDES/basic.py to basic.cpython-39.pyc
byte-compiling build/bdist.linux-x86_64/egg/modulus/PDES/wave_equation.py to wave_equation.cpython-39.pyc
byte-compiling build/bdist.linux-x86_64/egg/modulus/PDES/turbulence_zero_eq.py to turbulence_zero_eq.cpython-39.pyc
byte-compiling build/bdist.linux-x86_64/egg/modulus/PDES/linear_elasticity.py to linear_elasticity.cpython-39.pyc
byte-compiling build/bdist.linux-x86_64/egg/modulus/geometry/csg/csg_1d.py to csg_1d.cpython-39.pyc
byte-compiling build/bdist.linux-x86_64/egg/modulus/geometry/csg/csg_2d.py to csg_2d.cpython-39.pyc
byte-compiling build/bdist.linux-x86_64/egg/modulus/geometry/csg/adf.py to adf.cpython-39.pyc
byte-compiling build/bdist.linux-x86_64/egg/modulus/geometry/csg/__init__.py to __init__.cpython-39.pyc
byte-compiling build/bdist.linux-x86_64/egg/modulus/geometry/csg/csg.py to csg.cpython-39.pyc
byte-compiling build/bdist.linux-x86_64/egg/modulus/geometry/csg/csg_3d.py to csg_3d.cpython-39.pyc
byte-compiling build/bdist.linux-x86_64/egg/modulus/geometry/csg/curves.py to curves.cpython-39.pyc
byte-compiling build/bdist.linux-x86_64/egg/modulus/geometry/geometry.py to geometry.cpython-39.pyc
byte-compiling build/bdist.linux-x86_64/egg/modulus/geometry/__init__.py to __init__.cpython-39.pyc
byte-compiling build/bdist.linux-x86_64/egg/modulus/geometry/tessellation/tessellation.py to tessellation.cpython-39.pyc
byte-compiling build/bdist.linux-x86_64/egg/modulus/pdes.py to pdes.cpython-39.pyc
byte-compiling build/bdist.linux-x86_64/egg/modulus/tests/test_interpolation.py to test_interpolation.cpython-39.pyc
byte-compiling build/bdist.linux-x86_64/egg/modulus/tests/test_importance_sampling.py to test_importance_sampling.cpython-39.pyc
byte-compiling build/bdist.linux-x86_64/egg/modulus/tests/test_derivatives.py to test_derivatives.cpython-39.pyc
byte-compiling build/bdist.linux-x86_64/egg/modulus/tests/test_grid_constraint.py to test_grid_constraint.cpython-39.pyc
byte-compiling build/bdist.linux-x86_64/egg/modulus/tests/test_integral_constraint.py to test_integral_constraint.cpython-39.pyc
byte-compiling build/bdist.linux-x86_64/egg/modulus/tests/test_tesselated_geometry.py to test_tesselated_geometry.cpython-39.pyc
byte-compiling build/bdist.linux-x86_64/egg/modulus/tests/test_sympy_printer.py to test_sympy_printer.cpython-39.pyc
byte-compiling build/bdist.linux-x86_64/egg/modulus/tests/test_point_constraint.py to test_point_constraint.cpython-39.pyc
byte-compiling build/bdist.linux-x86_64/egg/modulus/tests/__init__.py to __init__.cpython-39.pyc
byte-compiling build/bdist.linux-x86_64/egg/modulus/tests/test_graph.py to test_graph.cpython-39.pyc
byte-compiling build/bdist.linux-x86_64/egg/modulus/tests/test_sympy_node.py to test_sympy_node.cpython-39.pyc
byte-compiling build/bdist.linux-x86_64/egg/modulus/csv_utils/csv_rw.py to csv_rw.cpython-39.pyc
byte-compiling build/bdist.linux-x86_64/egg/modulus/csv_utils/__init__.py to __init__.cpython-39.pyc
byte-compiling build/bdist.linux-x86_64/egg/modulus/sympy_utils/numpy_printer.py to numpy_printer.cpython-39.pyc
byte-compiling build/bdist.linux-x86_64/egg/modulus/sympy_utils/functions.py to functions.cpython-39.pyc
byte-compiling build/bdist.linux-x86_64/egg/modulus/sympy_utils/torch_printer.py to torch_printer.cpython-39.pyc
byte-compiling build/bdist.linux-x86_64/egg/modulus/sympy_utils/__init__.py to __init__.cpython-39.pyc
byte-compiling build/bdist.linux-x86_64/egg/modulus/graph.py to graph.cpython-39.pyc
byte-compiling build/bdist.linux-x86_64/egg/modulus/plot_utils/field.py to field.cpython-39.pyc
byte-compiling build/bdist.linux-x86_64/egg/modulus/plot_utils/vtk.py to vtk.cpython-39.pyc
byte-compiling build/bdist.linux-x86_64/egg/modulus/plot_utils/time_series.py to time_series.cpython-39.pyc
byte-compiling build/bdist.linux-x86_64/egg/modulus/plot_utils/__init__.py to __init__.cpython-39.pyc
byte-compiling build/bdist.linux-x86_64/egg/modulus/trainer.py to trainer.cpython-39.pyc
byte-compiling build/bdist.linux-x86_64/egg/modulus/distributed/manager.py to manager.cpython-39.pyc
byte-compiling build/bdist.linux-x86_64/egg/modulus/distributed/__init__.py to __init__.cpython-39.pyc
byte-compiling build/bdist.linux-x86_64/egg/modulus/distributed/utils.py to utils.cpython-39.pyc
byte-compiling build/bdist.linux-x86_64/egg/modulus/loss.py to loss.cpython-39.pyc
byte-compiling build/bdist.linux-x86_64/egg/modulus/constants.py to constants.cpython-39.pyc
byte-compiling build/bdist.linux-x86_64/egg/modulus/architecture/highway_fourier_net.py to highway_fourier_net.cpython-39.pyc
byte-compiling build/bdist.linux-x86_64/egg/modulus/architecture/afno.py to afno.cpython-39.pyc
byte-compiling build/bdist.linux-x86_64/egg/modulus/architecture/moving_time_window.py to moving_time_window.cpython-39.pyc
byte-compiling build/bdist.linux-x86_64/egg/modulus/architecture/deeponet.py to deeponet.cpython-39.pyc
byte-compiling build/bdist.linux-x86_64/egg/modulus/architecture/hash_encoding_net.py to hash_encoding_net.cpython-39.pyc
byte-compiling build/bdist.linux-x86_64/egg/modulus/architecture/pix2pix.py to pix2pix.cpython-39.pyc
byte-compiling build/bdist.linux-x86_64/egg/modulus/architecture/multiplicative_filter_net.py to multiplicative_filter_net.cpython-39.pyc
byte-compiling build/bdist.linux-x86_64/egg/modulus/architecture/super_res_net.py to super_res_net.cpython-39.pyc
byte-compiling build/bdist.linux-x86_64/egg/modulus/architecture/multiscale_fourier_net.py to multiscale_fourier_net.cpython-39.pyc
byte-compiling build/bdist.linux-x86_64/egg/modulus/architecture/fully_connected.py to fully_connected.cpython-39.pyc
byte-compiling build/bdist.linux-x86_64/egg/modulus/architecture/fourier_net.py to fourier_net.cpython-39.pyc
byte-compiling build/bdist.linux-x86_64/egg/modulus/architecture/modified_fourier_net.py to modified_fourier_net.cpython-39.pyc
byte-compiling build/bdist.linux-x86_64/egg/modulus/architecture/fno.py to fno.cpython-39.pyc
byte-compiling build/bdist.linux-x86_64/egg/modulus/architecture/__init__.py to __init__.cpython-39.pyc
byte-compiling build/bdist.linux-x86_64/egg/modulus/architecture/dgm.py to dgm.cpython-39.pyc
byte-compiling build/bdist.linux-x86_64/egg/modulus/architecture/layers.py to layers.cpython-39.pyc
byte-compiling build/bdist.linux-x86_64/egg/modulus/architecture/interpolation.py to interpolation.cpython-39.pyc
byte-compiling build/bdist.linux-x86_64/egg/modulus/architecture/radial_basis.py to radial_basis.cpython-39.pyc
byte-compiling build/bdist.linux-x86_64/egg/modulus/architecture/siren.py to siren.cpython-39.pyc
byte-compiling build/bdist.linux-x86_64/egg/modulus/aggregator.py to aggregator.cpython-39.pyc
byte-compiling build/bdist.linux-x86_64/egg/modulus/arch.py to arch.cpython-39.pyc
byte-compiling build/bdist.linux-x86_64/egg/modulus/constraint.py to constraint.cpython-39.pyc
byte-compiling build/bdist.linux-x86_64/egg/modulus/__init__.py to __init__.cpython-39.pyc
byte-compiling build/bdist.linux-x86_64/egg/modulus/derivatives.py to derivatives.cpython-39.pyc
byte-compiling build/bdist.linux-x86_64/egg/modulus/vpinn_utils/__init__.py to __init__.cpython-39.pyc
byte-compiling build/bdist.linux-x86_64/egg/modulus/vpinn_utils/test_functions.py to test_functions.cpython-39.pyc
byte-compiling build/bdist.linux-x86_64/egg/modulus/vpinn_utils/integral.py to integral.cpython-39.pyc
byte-compiling build/bdist.linux-x86_64/egg/modulus/node.py to node.cpython-39.pyc
byte-compiling build/bdist.linux-x86_64/egg/modulus/continuous/solvers/solver.py to solver.cpython-39.pyc
byte-compiling build/bdist.linux-x86_64/egg/modulus/continuous/domain/domain.py to domain.cpython-39.pyc
byte-compiling build/bdist.linux-x86_64/egg/modulus/continuous/constraints/constraint.py to constraint.cpython-39.pyc
byte-compiling build/bdist.linux-x86_64/egg/modulus/continuous/monitor/monitor.py to monitor.cpython-39.pyc
byte-compiling build/bdist.linux-x86_64/egg/modulus/continuous/__init__.py to __init__.cpython-39.pyc
byte-compiling build/bdist.linux-x86_64/egg/modulus/continuous/inferencer/inferencer.py to inferencer.cpython-39.pyc
byte-compiling build/bdist.linux-x86_64/egg/modulus/continuous/dataset/dataset.py to dataset.cpython-39.pyc
byte-compiling build/bdist.linux-x86_64/egg/modulus/continuous/validator/validator.py to validator.cpython-39.pyc
byte-compiling build/bdist.linux-x86_64/egg/modulus/discrete/solvers/solver.py to solver.cpython-39.pyc
byte-compiling build/bdist.linux-x86_64/egg/modulus/discrete/domain/domain.py to domain.cpython-39.pyc
byte-compiling build/bdist.linux-x86_64/egg/modulus/discrete/constraints/constraint.py to constraint.cpython-39.pyc
byte-compiling build/bdist.linux-x86_64/egg/modulus/discrete/monitor/monitor.py to monitor.cpython-39.pyc
byte-compiling build/bdist.linux-x86_64/egg/modulus/discrete/__init__.py to __init__.cpython-39.pyc
byte-compiling build/bdist.linux-x86_64/egg/modulus/discrete/inferencer/inferencer.py to inferencer.cpython-39.pyc
byte-compiling build/bdist.linux-x86_64/egg/modulus/discrete/dataset/dataset.py to dataset.cpython-39.pyc
byte-compiling build/bdist.linux-x86_64/egg/modulus/discrete/dataset/datafile.py to datafile.cpython-39.pyc
byte-compiling build/bdist.linux-x86_64/egg/modulus/discrete/validator/validator.py to validator.cpython-39.pyc
byte-compiling build/bdist.linux-x86_64/egg/modulus/hydra/pde.py to pde.cpython-39.pyc
byte-compiling build/bdist.linux-x86_64/egg/modulus/hydra/profiler.py to profiler.cpython-39.pyc
byte-compiling build/bdist.linux-x86_64/egg/modulus/hydra/hydra.py to hydra.cpython-39.pyc
byte-compiling build/bdist.linux-x86_64/egg/modulus/hydra/loss.py to loss.cpython-39.pyc
byte-compiling build/bdist.linux-x86_64/egg/modulus/hydra/scheduler.py to scheduler.cpython-39.pyc
byte-compiling build/bdist.linux-x86_64/egg/modulus/hydra/optimizer.py to optimizer.cpython-39.pyc
byte-compiling build/bdist.linux-x86_64/egg/modulus/hydra/training.py to training.cpython-39.pyc
byte-compiling build/bdist.linux-x86_64/egg/modulus/hydra/arch.py to arch.cpython-39.pyc
byte-compiling build/bdist.linux-x86_64/egg/modulus/hydra/__init__.py to __init__.cpython-39.pyc
byte-compiling build/bdist.linux-x86_64/egg/modulus/hydra/config.py to config.cpython-39.pyc
byte-compiling build/bdist.linux-x86_64/egg/modulus/hydra/utils.py to utils.cpython-39.pyc
byte-compiling build/bdist.linux-x86_64/egg/modulus/hydra/metric.py to metric.cpython-39.pyc
creating build/bdist.linux-x86_64/egg/EGG-INFO
copying modulus.egg-info/PKG-INFO -> build/bdist.linux-x86_64/egg/EGG-INFO
copying modulus.egg-info/SOURCES.txt -> build/bdist.linux-x86_64/egg/EGG-INFO
copying modulus.egg-info/dependency_links.txt -> build/bdist.linux-x86_64/egg/EGG-INFO
copying modulus.egg-info/requires.txt -> build/bdist.linux-x86_64/egg/EGG-INFO
copying modulus.egg-info/top_level.txt -> build/bdist.linux-x86_64/egg/EGG-INFO
zip_safe flag not set; analyzing archive contents...
modulus.hydra.__pycache__.hydra.cpython-39: module references __file__
modulus.sympy_utils.__pycache__.numpy_printer.cpython-39: module MAY be using inspect.stack
creating 'dist/modulus-22.3-py3.9.egg' and adding 'build/bdist.linux-x86_64/egg' to it
removing 'build/bdist.linux-x86_64/egg' (and everything under it)
Processing modulus-22.3-py3.9.egg
removing '/scratch/s.1915438/modulus/lib/python3.9/site-packages/modulus-22.3-py3.9.egg' (and everything under it)
creating /scratch/s.1915438/modulus/lib/python3.9/site-packages/modulus-22.3-py3.9.egg
Extracting modulus-22.3-py3.9.egg to /scratch/s.1915438/modulus/lib/python3.9/site-packages
modulus 22.3 is already the active version in easy-install.pth

Installed /scratch/s.1915438/modulus/lib/python3.9/site-packages/modulus-22.3-py3.9.egg
Processing dependencies for modulus==22.3
Searching for numpy==1.21.5
Best match: numpy 1.21.5
Adding numpy 1.21.5 to easy-install.pth file
Installing f2py script to /scratch/s.1915438/modulus/bin
Installing f2py3 script to /scratch/s.1915438/modulus/bin
Installing f2py3.9 script to /scratch/s.1915438/modulus/bin

Using /scratch/s.1915438/modulus/lib/python3.9/site-packages
Finished processing dependencies for modulus==22.3
(/scratch/s.1915438/modulus) [s.1915438@sl1 Modulus]$ pwd
/scratch/s.1915438/Modulus_source/Modulus
(/scratch/s.1915438/modulus) [s.1915438@sl1 Modulus]$ cd external/
(/scratch/s.1915438/modulus) [s.1915438@sl1 external]$ ls
eggs  lib  pysdf
(/scratch/s.1915438/modulus) [s.1915438@sl1 external]$ export LD_LIBRARY_PATH=$(pwd)/pysdf/:${LD_LIBRARY_PATH}
(/scratch/s.1915438/modulus) [s.1915438@sl1 external]$ $(pwd)/pysdf
-bash: /scratch/s.1915438/Modulus_source/Modulus/external/pysdf: Is a directory
(/scratch/s.1915438/modulus) [s.1915438@sl1 external]$  cd $(pwd)/pysdf
(/scratch/s.1915438/modulus) [s.1915438@sl1 pysdf]$ cd ..
(/scratch/s.1915438/modulus) [s.1915438@sl1 external]$ cd pysdf/
(/scratch/s.1915438/modulus) [s.1915438@sl1 pysdf]$ ls
build  environment.yml  include  pysdf  setup.py
(/scratch/s.1915438/modulus) [s.1915438@sl1 pysdf]$ python setup.py install
Compiling pysdf/sdf.pyx because it changed.
[1/1] Cythonizing pysdf/sdf.pyx
/scratch/s.1915438/modulus/lib/python3.9/site-packages/Cython/Compiler/Main.py:369: FutureWarning: Cython directive 'language_level' not set, using 2 for now (Py2). This will change in a later release! File: /scratch/s.1915438/Modulus_source/Modulus/external/pysdf/pysdf/sdf.pyx
  tree = Parsing.p_module(s, pxd, full_module_name)
running install
running bdist_egg
running egg_info
creating pysdf.egg-info
writing pysdf.egg-info/PKG-INFO
writing dependency_links to pysdf.egg-info/dependency_links.txt
writing top-level names to pysdf.egg-info/top_level.txt
writing manifest file 'pysdf.egg-info/SOURCES.txt'
reading manifest file 'pysdf.egg-info/SOURCES.txt'
writing manifest file 'pysdf.egg-info/SOURCES.txt'
installing library code to build/bdist.linux-x86_64/egg
running install_lib
running build_ext
building 'pysdf.sdf' extension
creating build/temp.linux-x86_64-3.9
creating build/temp.linux-x86_64-3.9/pysdf
gcc -pthread -B /scratch/s.1915438/modulus/compiler_compat -Wno-unused-result -Wsign-compare -DNDEBUG -O2 -Wall -fPIC -O2 -isystem /scratch/s.1915438/modulus/include -I/scratch/s.1915438/modulus/include -fPIC -O2 -isystem /scratch/s.1915438/modulus/include -fPIC -Iinclude -I/scratch/s.1915438/modulus/lib/python3.9/site-packages/numpy/core/include -I/scratch/s.1915438/modulus/include/python3.9 -c pysdf/sdf.c -o build/temp.linux-x86_64-3.9/pysdf/sdf.o
In file included from /scratch/s.1915438/modulus/lib/python3.9/site-packages/numpy/core/include/numpy/ndarraytypes.h:1969:0,
                 from /scratch/s.1915438/modulus/lib/python3.9/site-packages/numpy/core/include/numpy/ndarrayobject.h:12,
                 from /scratch/s.1915438/modulus/lib/python3.9/site-packages/numpy/core/include/numpy/arrayobject.h:4,
                 from pysdf/sdf.c:717:
/scratch/s.1915438/modulus/lib/python3.9/site-packages/numpy/core/include/numpy/npy_1_7_deprecated_api.h:17:2: warning: #warning "Using deprecated NumPy API, disable it with " "#define NPY_NO_DEPRECATED_API NPY_1_7_API_VERSION" [-Wcpp]
 #warning "Using deprecated NumPy API, disable it with " \
  ^
creating build/lib.linux-x86_64-3.9
creating build/lib.linux-x86_64-3.9/pysdf
gcc -pthread -B /scratch/s.1915438/modulus/compiler_compat -shared -Wl,-rpath,/scratch/s.1915438/modulus/lib -Wl,-rpath-link,/scratch/s.1915438/modulus/lib -L/scratch/s.1915438/modulus/lib -L/scratch/s.1915438/modulus/lib -Wl,-rpath,/scratch/s.1915438/modulus/lib -Wl,-rpath-link,/scratch/s.1915438/modulus/lib -L/scratch/s.1915438/modulus/lib build/temp.linux-x86_64-3.9/pysdf/sdf.o -Lbuild -lsdf -o build/lib.linux-x86_64-3.9/pysdf/sdf.cpython-39-x86_64-linux-gnu.so
creating build/bdist.linux-x86_64
creating build/bdist.linux-x86_64/egg
creating build/bdist.linux-x86_64/egg/pysdf
copying build/lib.linux-x86_64-3.9/pysdf/sdf.cpython-39-x86_64-linux-gnu.so -> build/bdist.linux-x86_64/egg/pysdf
creating stub loader for pysdf/sdf.cpython-39-x86_64-linux-gnu.so
byte-compiling build/bdist.linux-x86_64/egg/pysdf/sdf.py to sdf.cpython-39.pyc
creating build/bdist.linux-x86_64/egg/EGG-INFO
copying pysdf.egg-info/PKG-INFO -> build/bdist.linux-x86_64/egg/EGG-INFO
copying pysdf.egg-info/SOURCES.txt -> build/bdist.linux-x86_64/egg/EGG-INFO
copying pysdf.egg-info/dependency_links.txt -> build/bdist.linux-x86_64/egg/EGG-INFO
copying pysdf.egg-info/top_level.txt -> build/bdist.linux-x86_64/egg/EGG-INFO
writing build/bdist.linux-x86_64/egg/EGG-INFO/native_libs.txt
zip_safe flag not set; analyzing archive contents...
pysdf.__pycache__.sdf.cpython-39: module references __file__
creating dist
creating 'dist/pysdf-0.1-py3.9-linux-x86_64.egg' and adding 'build/bdist.linux-x86_64/egg' to it
removing 'build/bdist.linux-x86_64/egg' (and everything under it)
Processing pysdf-0.1-py3.9-linux-x86_64.egg
creating /scratch/s.1915438/modulus/lib/python3.9/site-packages/pysdf-0.1-py3.9-linux-x86_64.egg
Extracting pysdf-0.1-py3.9-linux-x86_64.egg to /scratch/s.1915438/modulus/lib/python3.9/site-packages
Adding pysdf 0.1 to easy-install.pth file

Installed /scratch/s.1915438/modulus/lib/python3.9/site-packages/pysdf-0.1-py3.9-linux-x86_64.egg
Processing dependencies for pysdf==0.1
Finished processing dependencies for pysdf==0.1
(/scratch/s.1915438/modulus) [s.1915438@sl1 pysdf]$ cd ..
(/scratch/s.1915438/modulus) [s.1915438@sl1 external]$ ls
eggs  lib  pysdf
(/scratch/s.1915438/modulus) [s.1915438@sl1 external]$ cd ..
(/scratch/s.1915438/modulus) [s.1915438@sl1 Modulus]$ cd ..
(/scratch/s.1915438/modulus) [s.1915438@sl1 Modulus_source]$ cd ..
(/scratch/s.1915438/modulus) [s.1915438@sl1 s.1915438]$ cd Modulus_examples/
(/scratch/s.1915438/modulus) [s.1915438@sl1 Modulus_examples]$ ls
examples
(/scratch/s.1915438/modulus) [s.1915438@sl1 Modulus_examples]$ cd examples/
(/scratch/s.1915438/modulus) [s.1915438@sl1 examples]$ cd ldc/
(/scratch/s.1915438/modulus) [s.1915438@sl1 ldc]$ ls
conf  conf_zeroEq  ldc_2d_importance_sampling.py  ldc_2d.py  ldc_2d_zeroEq.py  openfoam  outputs
(/scratch/s.1915438/modulus) [s.1915438@sl1 ldc]$ python python ldc_2d.py 
python: can't open file '/scratch/s.1915438/Modulus_examples/examples/ldc/python': [Errno 2] No such file or directory
(/scratch/s.1915438/modulus) [s.1915438@sl1 ldc]$ python ldc_2d.py 
training:
  max_steps: 10000
  grad_agg_freq: 1
  rec_results_freq: 1000
  rec_validation_freq: 1000
  rec_inference_freq: 2000
  rec_monitor_freq: 1000
  rec_constraint_freq: 2000
  save_network_freq: 1000
  print_stats_freq: 100
  summary_freq: 1000
  amp: false
  amp_dtype: float16
  ntk:
    use_ntk: false
    save_name: null
    run_freq: 1000
profiler:
  profile: false
  start_step: 0
  end_step: 100
  name: nvtx
network_dir: .
initialization_network_dir: ''
save_filetypes: vtk
summary_histograms: false
jit: false
device: ''
debug: false
run_mode: train
arch:
  fully_connected:
    _target_: modulus.architecture.fully_connected.FullyConnectedArch
    layer_size: 512
    nr_layers: 6
    skip_connections: false
    adaptive_activations: false
    weight_norm: true
loss:
  _target_: modulus.aggregator.Sum
  weights: null
optimizer:
  _params_:
    compute_gradients: adam_compute_gradients
    apply_gradients: adam_apply_gradients
  _target_: torch.optim.Adam
  lr: 0.001
  betas:
  - 0.9
  - 0.999
  eps: 1.0e-08
  weight_decay: 0.0
  amsgrad: false
scheduler:
  _target_: custom
  _name_: tf.ExponentialLR
  decay_rate: 0.95
  decay_steps: 4000
batch_size:
  TopWall: 1000
  NoSlip: 1000
  Interior: 4000
custom: ???

[13:38:45] - attempting to restore from: outputs/ldc_2d
[13:38:45] - optimizer checkpoint not found
[13:38:45] - model flow_network.pth not found
[13:39:42] - [step:          0] record contraint batch time:  1.786e+01s
[13:40:32] - [step:          0] record validators time:  5.004e+01s
[13:41:26] - [step:          0] record inferencers time:  5.342e+01s
[13:41:26] - [step:          0] saved checkpoint to outputs/ldc_2d
[13:41:26] - [step:          0] loss:  4.876e-02
^CTraceback (most recent call last):
  File "/scratch/s.1915438/Modulus_examples/examples/ldc/ldc_2d.py", line 122, in <module>
    run()
  File "/scratch/s.1915438/modulus/lib/python3.9/site-packages/modulus-22.3-py3.9.egg/modulus/hydra/utils.py", line 66, in func_decorated
    _run_hydra(
  File "/scratch/s.1915438/modulus/lib/python3.9/site-packages/hydra/_internal/utils.py", line 377, in _run_hydra
    run_and_report(
  File "/scratch/s.1915438/modulus/lib/python3.9/site-packages/hydra/_internal/utils.py", line 211, in run_and_report
    return func()
  File "/scratch/s.1915438/modulus/lib/python3.9/site-packages/hydra/_internal/utils.py", line 378, in <lambda>
    lambda: hydra.run(
  File "/scratch/s.1915438/modulus/lib/python3.9/site-packages/hydra/_internal/hydra.py", line 98, in run
    ret = run_job(
  File "/scratch/s.1915438/modulus/lib/python3.9/site-packages/hydra/core/utils.py", line 160, in run_job
    ret.return_value = task_function(task_cfg)
  File "/scratch/s.1915438/Modulus_examples/examples/ldc/ldc_2d.py", line 118, in run
    slv.solve()
  File "/scratch/s.1915438/modulus/lib/python3.9/site-packages/modulus-22.3-py3.9.egg/modulus/continuous/solvers/solver.py", line 131, in solve
    self._train_loop()
  File "/scratch/s.1915438/modulus/lib/python3.9/site-packages/modulus-22.3-py3.9.egg/modulus/trainer.py", line 433, in _train_loop
    loss, losses = self.compute_gradients(
  File "/scratch/s.1915438/modulus/lib/python3.9/site-packages/modulus-22.3-py3.9.egg/modulus/trainer.py", line 52, in adam_compute_gradients
    losses_minibatch = self.compute_losses(step)
  File "/scratch/s.1915438/modulus/lib/python3.9/site-packages/modulus-22.3-py3.9.egg/modulus/continuous/solvers/solver.py", line 68, in compute_losses
    return self.domain.compute_losses(step)
  File "/scratch/s.1915438/modulus/lib/python3.9/site-packages/modulus-22.3-py3.9.egg/modulus/continuous/domain/domain.py", line 99, in compute_losses
    constraint_losses = constraint.loss(step)
  File "/scratch/s.1915438/modulus/lib/python3.9/site-packages/modulus-22.3-py3.9.egg/modulus/continuous/constraints/constraint.py", line 126, in loss
    pred_outvar = self.model(invar)
  File "/scratch/s.1915438/modulus/lib/python3.9/site-packages/torch/nn/modules/module.py", line 1110, in _call_impl
    return forward_call(*input, **kwargs)
  File "/scratch/s.1915438/modulus/lib/python3.9/site-packages/modulus-22.3-py3.9.egg/modulus/graph.py", line 147, in forward
    outvar.update(e(outvar))
  File "/scratch/s.1915438/modulus/lib/python3.9/site-packages/torch/nn/modules/module.py", line 1110, in _call_impl
    return forward_call(*input, **kwargs)
  File "/scratch/s.1915438/modulus/lib/python3.9/site-packages/modulus-22.3-py3.9.egg/modulus/derivatives.py", line 74, in forward
    grad = gradient(var, grad_var)
KeyboardInterrupt

(/scratch/s.1915438/modulus) [s.1915438@sl1 ldc]$ cd /scratch/s.1915438
(/scratch/s.1915438/modulus) [s.1915438@sl1 s.1915438]$ module load anaconda/
anaconda/2019.03  anaconda/2020.07  anaconda/3        
(/scratch/s.1915438/modulus) [s.1915438@sl1 s.1915438]$ module load anaconda/module purge
ModuleCmd_Load.c(213):ERROR:105: Unable to locate a modulefile for 'anaconda/module'
ModuleCmd_Load.c(213):ERROR:105: Unable to locate a modulefile for 'purge'
(/scratch/s.1915438/modulus) [s.1915438@sl1 s.1915438]$ module purge
(/scratch/s.1915438/modulus) [s.1915438@sl1 s.1915438]$ conda
usage: conda [-h] [-V] command ...

conda is a tool for managing and deploying applications, environments and packages.

Options:

positional arguments:
  command
    clean        Remove unused packages and caches.
    compare      Compare packages between conda environments.
    config       Modify configuration values in .condarc. This is modeled after the git config command. Writes to the user .condarc file (/home/s.1915438/.condarc) by default.
    create       Create a new conda environment from a list of specified packages.
    help         Displays a list of available conda commands and their help strings.
    info         Display information about current conda install.
    init         Initialize conda for shell interaction. [Experimental]
    install      Installs a list of packages into a specified conda environment.
    list         List linked packages in a conda environment.
    package      Low-level conda package utility. (EXPERIMENTAL)
    remove       Remove a list of packages from a specified conda environment.
    uninstall    Alias for conda remove.
    run          Run an executable in a conda environment. [Experimental]
    search       Search for packages and display associated information. The input is a MatchSpec, a query language for conda packages. See examples below.
    update       Updates conda packages to the latest compatible version.
    upgrade      Alias for conda update.

optional arguments:
  -h, --help     Show this help message and exit.
  -V, --version  Show the conda version number and exit.

conda commands available from other packages:
  build
  content-trust
  convert
  debug
  develop
  env
  index
  inspect
  metapackage
  render
  repo
  server
  skeleton
  token
  verify
(/scratch/s.1915438/modulus) [s.1915438@sl1 s.1915438]$ module load anaconda/
anaconda/2019.03  anaconda/2020.07  anaconda/2021.05  anaconda/3        
(/scratch/s.1915438/modulus) [s.1915438@sl1 s.1915438]$ module load anaconda/exit
ModuleCmd_Load.c(213):ERROR:105: Unable to locate a modulefile for 'anaconda/exit'
(/scratch/s.1915438/modulus) [s.1915438@sl1 s.1915438]$ exit
logout
Connection to sunbird.swansea.ac.uk closed.
(base) hell@Dell-Precision-T1600:~$ ssh sunbird
Last login: Fri Apr 15 10:21:47 2022 from 5.151.27.172
====================== Supercomputing Wales - Sunbird ========================

   This system is for authorised users, if you do not have authorised access
        please disconnect immediately, and contact Technical Support.

 -----------------------------------------------------------------------------

            For user guides, documentation and technical support:
                  Web: http://portal.supercomputing.wales

 -------------------------- Message of the Day -------------------------------

  UPDATE: SCW SUPPORT DURING COVID-19, 18/03/2020

    Please be aware that, due to the current situation with COVID-19,
      support services are still available but may take longer to
      respond than normal.

  Please donâ€™t hesitate to ask if we can be of assistance to you at this time.

===============================================================================

[s.1915438@sl2 ~]$ module load anaconda/
anaconda/2019.03  anaconda/2020.07  anaconda/2021.05  anaconda/3        
[s.1915438@sl2 ~]$ module load anaconda/2021.05 
[s.1915438@sl2 ~]$ cd /scratch/s.1915438
[s.1915438@sl2 s.1915438]$ ls
ansys195  jupyter_log  modulus  Modulus_examples  Modulus_source
[s.1915438@sl2 s.1915438]$ source activate modulus/
(/scratch/s.1915438/modulus) [s.1915438@sl2 s.1915438]$ jupyter-lab
[I 2022-04-17 13:48:50.678 ServerApp] jupyterlab | extension was successfully linked.
[I 2022-04-17 13:48:55.911 ServerApp] nbclassic | extension was successfully linked.
[I 2022-04-17 13:48:56.695 LabApp] JupyterLab extension loaded from /apps/local/languages/anaconda/2021.05/lib/python3.8/site-packages/jupyterlab
[I 2022-04-17 13:48:56.695 LabApp] JupyterLab application directory is /lustrehome/apps/local/languages/anaconda/2021.05/share/jupyter/lab
[I 2022-04-17 13:48:56.698 ServerApp] jupyterlab | extension was successfully loaded.
[I 2022-04-17 13:48:56.790 ServerApp] nbclassic | extension was successfully loaded.
[I 2022-04-17 13:48:56.790 ServerApp] Serving notebooks from local directory: /scratch/s.1915438
[I 2022-04-17 13:48:56.790 ServerApp] Jupyter Server 1.4.1 is running at:
[I 2022-04-17 13:48:56.790 ServerApp] http://localhost:8888/lab?token=b994ae52823ce76276816c63c9ba3e0142318a367e0449a6
[I 2022-04-17 13:48:56.790 ServerApp]  or http://127.0.0.1:8888/lab?token=b994ae52823ce76276816c63c9ba3e0142318a367e0449a6
[I 2022-04-17 13:48:56.790 ServerApp] Use Control-C to stop this server and shut down all kernels (twice to skip confirmation).
[W 2022-04-17 13:48:56.799 ServerApp] No web browser found: could not locate runnable browser.
[C 2022-04-17 13:48:56.800 ServerApp] 
    
    To access the server, open this file in a browser:
        file:///lustrehome/home/s.1915438/.local/share/jupyter/runtime/jpserver-35942-open.html
    Or copy and paste one of these URLs:
        http://localhost:8888/lab?token=b994ae52823ce76276816c63c9ba3e0142318a367e0449a6
     or http://127.0.0.1:8888/lab?token=b994ae52823ce76276816c63c9ba3e0142318a367e0449a6
^X^C[I 2022-04-17 13:49:06.429 ServerApp] interrupted
Serving notebooks from local directory: /scratch/s.1915438
0 active kernels
Jupyter Server 1.4.1 is running at:
http://localhost:8888/lab?token=b994ae52823ce76276816c63c9ba3e0142318a367e0449a6
 or http://127.0.0.1:8888/lab?token=b994ae52823ce76276816c63c9ba3e0142318a367e0449a6
Shutdown this Jupyter server (y/[n])? y
[C 2022-04-17 13:49:07.796 ServerApp] Shutdown confirmed
[I 2022-04-17 13:49:07.797 ServerApp] Shutting down 0 kernels
(/scratch/s.1915438/modulus) [s.1915438@sl2 s.1915438]$ ls
ansys195  jupyter_log  jupyter.sh  modulus  Modulus_examples  Modulus_source
(/scratch/s.1915438/modulus) [s.1915438@sl2 s.1915438]$ cat jupyter.sh 
#!/bin/bash
#SBATCH --nodes 1
#SBATCH --cpus-per-task 8
#SBATCH --time 06:00:00
#SBATCH --ntasks=1
#SBATCH --job-name Nvidia-modulus-jupyter-lab
#SBATCH -o /scratch/s.1915438/jupyter_log/jupyter-lab-%J.log
#SBATCH -e /scratch/s.1915438/jupyter_log/jupyter-lab-%J.log
#SBATCH --gres=gpu:1
#SBATCH --account=scw1901
#SBATCH --partition=accel_ai

# get tunneling info

port=8888
node=$(hostname -s)
user=$(whoami)


# run jupyter notebook
module load anaconda/2021.05
cd /scratch/s.1915438
source activate modulus/
jupyter-lab --no-browser --port=${port} --ip=${node}
(/scratch/s.1915438/modulus) [s.1915438@sl2 s.1915438]$ sbatch jupyter.sh 
Submitted batch job 7161823
(/scratch/s.1915438/modulus) [s.1915438@sl2 s.1915438]$ squeue --partition=accel_ai
             JOBID PARTITION     NAME     USER ST       TIME  NODES NODELIST(REASON)
           7159779  accel_ai c_segres   a.bip5 PD       0:00      1 (Dependency)
           7159780  accel_ai c_segres   a.bip5 PD       0:00      1 (Dependency)
           7159781  accel_ai c_segres   a.bip5 PD       0:00      1 (Dependency)
           7159782  accel_ai c_segres   a.bip5 PD       0:00      1 (Dependency)
           7159783  accel_ai segres_b   a.bip5 PD       0:00      1 (Dependency)
           7159784  accel_ai segres_b   a.bip5 PD       0:00      1 (Dependency)
           7161823  accel_ai Nvidia-m s.191543  R       0:09      1 scs2041
           7159761  accel_ai segres_b   a.bip5  R   18:21:04      1 scs2044
           7159760  accel_ai segres_b   a.bip5  R   18:21:12      1 scs2044
           7159759  accel_ai segres_b   a.bip5  R   18:21:20      1 scs2043
           7159758  accel_ai segres_b   a.bip5  R   18:21:31      1 scs2043
           7159757  accel_ai segres_b   a.bip5  R   18:21:43      1 scs2043
(/scratch/s.1915438/modulus) [s.1915438@sl2 s.1915438]$ ls -l jupyter_log/
total 4
-rw-rw-r--. 1 s.1915438 s.1915438 1578 Apr 17 13:51 jupyter-lab-7161823.log
(/scratch/s.1915438/modulus) [s.1915438@sl2 s.1915438]$ cat jupyter-lab-7161823.log
cat: jupyter-lab-7161823.log: No such file or directory
(/scratch/s.1915438/modulus) [s.1915438@sl2 s.1915438]$ 
(/scratch/s.1915438/modulus) [s.1915438@sl2 s.1915438]$ cat jupyter_log/jupyter-lab-7161823.log
[I 2022-04-17 13:51:44.651 ServerApp] jupyterlab | extension was successfully linked.
[I 2022-04-17 13:51:45.390 ServerApp] nbclassic | extension was successfully linked.
[I 2022-04-17 13:51:45.497 LabApp] JupyterLab extension loaded from /apps/local/languages/anaconda/2021.05/lib/python3.8/site-packages/jupyterlab
[I 2022-04-17 13:51:45.497 LabApp] JupyterLab application directory is /lustrehome/apps/local/languages/anaconda/2021.05/share/jupyter/lab
[I 2022-04-17 13:51:45.501 ServerApp] jupyterlab | extension was successfully loaded.
[I 2022-04-17 13:51:45.516 ServerApp] nbclassic | extension was successfully loaded.
[I 2022-04-17 13:51:45.516 ServerApp] Serving notebooks from local directory: /scratch/s.1915438
[I 2022-04-17 13:51:45.517 ServerApp] Jupyter Server 1.4.1 is running at:
[I 2022-04-17 13:51:45.517 ServerApp] http://scs2041:8888/lab?token=defcb4b3d13af1ab21ef855db98650a99c3cdbf9656c96bd
[I 2022-04-17 13:51:45.517 ServerApp]  or http://127.0.0.1:8888/lab?token=defcb4b3d13af1ab21ef855db98650a99c3cdbf9656c96bd
[I 2022-04-17 13:51:45.517 ServerApp] Use Control-C to stop this server and shut down all kernels (twice to skip confirmation).
[C 2022-04-17 13:51:45.524 ServerApp] 
    
    To access the server, open this file in a browser:
        file:///lustrehome/home/s.1915438/.local/share/jupyter/runtime/jpserver-12069-open.html
    Or copy and paste one of these URLs:
        http://scs2041:8888/lab?token=defcb4b3d13af1ab21ef855db98650a99c3cdbf9656c96bd
     or http://127.0.0.1:8888/lab?token=defcb4b3d13af1ab21ef855db98650a99c3cdbf9656c96bd
(/scratch/s.1915438/modulus) [s.1915438@sl2 s.1915438]$ exit
logout
Connection to sunbird.swansea.ac.uk closed.
(base) hell@Dell-Precision-T1600:~$ ssh
usage: ssh [-46AaCfGgKkMNnqsTtVvXxYy] [-B bind_interface]
           [-b bind_address] [-c cipher_spec] [-D [bind_address:]port]
           [-E log_file] [-e escape_char] [-F configfile] [-I pkcs11]
           [-i identity_file] [-J [user@]host[:port]] [-L address]
           [-l login_name] [-m mac_spec] [-O ctl_cmd] [-o option] [-p port]
           [-Q query_option] [-R address] [-S ctl_path] [-W host:port]
           [-w local_tun[:remote_tun]] destination [command]
(base) hell@Dell-Precision-T1600:~$ ssh sunbird
Last login: Sun Apr 17 13:47:14 2022 from 5.151.27.169
====================== Supercomputing Wales - Sunbird ========================

   This system is for authorised users, if you do not have authorised access
        please disconnect immediately, and contact Technical Support.

 -----------------------------------------------------------------------------

            For user guides, documentation and technical support:
                  Web: http://portal.supercomputing.wales

 -------------------------- Message of the Day -------------------------------

  UPDATE: SCW SUPPORT DURING COVID-19, 18/03/2020

    Please be aware that, due to the current situation with COVID-19,
      support services are still available but may take longer to
      respond than normal.

  Please donâ€™t hesitate to ask if we can be of assistance to you at this time.

===============================================================================

[s.1915438@sl2 ~]$ squeue --partition=accel_ai
             JOBID PARTITION     NAME     USER ST       TIME  NODES NODELIST(REASON)
           7159780  accel_ai c_segres   a.bip5 PD       0:00      1 (Dependency)
           7159783  accel_ai segres_b   a.bip5  R       0:06      1 scs2041
           7159784  accel_ai segres_b   a.bip5  R       0:06      1 scs2041
           7159760  accel_ai segres_b   a.bip5  R   18:31:18      1 scs2044
[s.1915438@sl2 ~]$ pwd
/home/s.1915438
[s.1915438@sl2 ~]$ cd scratch
-bash: cd: scratch: No such file or directory
[s.1915438@sl2 ~]$ cd scratch
-bash: cd: scratch: No such file or directory
[s.1915438@sl2 ~]$ cd /scratch/s.1915438
[s.1915438@sl2 s.1915438]$ ls
ansys195  jupyter_log  jupyter.sh  modulus  Modulus_examples  Modulus_source
[s.1915438@sl2 s.1915438]$ cat jupyter.sh 
#!/bin/bash
#SBATCH --nodes 1
#SBATCH --cpus-per-task 8
#SBATCH --time 06:00:00
#SBATCH --ntasks=1
#SBATCH --job-name Nvidia-modulus-jupyter-lab
#SBATCH -o /scratch/s.1915438/jupyter_log/jupyter-lab-%J.log
#SBATCH -e /scratch/s.1915438/jupyter_log/jupyter-lab-%J.log
#SBATCH --gres=gpu:1
#SBATCH --account=scw1901
#SBATCH --partition=accel_ai

# get tunneling info

port=8888
node=$(hostname -s)
user=$(whoami)


# run jupyter notebook
module load anaconda/2021.05
cd /scratch/s.1915438
source activate modulus/
jupyter-lab --no-browser --port=${port} --ip=${node}
[s.1915438@sl2 s.1915438]$ nano jupyter.sh 
[s.1915438@sl2 s.1915438]$ cat jupyter.sh 
#!/bin/bash
#SBATCH --nodes 1
#SBATCH --cpus-per-task 8
#SBATCH --time 06:00:00
#SBATCH --ntasks=1
#SBATCH --job-name Nvidia-modulus-jupyter-lab
#SBATCH -o /scratch/s.1915438/jupyter_log/jupyter-lab-%J.log
#SBATCH -e /scratch/s.1915438/jupyter_log/jupyter-lab-%J.log
#SBATCH --gres=gpu:2
#SBATCH --account=scw1901
#SBATCH --partition=accel_ai

# get tunneling info

port=8888
node=$(hostname -s)
user=$(whoami)


# run jupyter notebook
module load anaconda/2021.05
cd /scratch/s.1915438
source activate modulus/
jupyter-lab --no-browser --port=${port} --ip=${node}
[s.1915438@sl2 s.1915438]$ sbatch jupyter.sh 
Submitted batch job 7161824
[s.1915438@sl2 s.1915438]$ squeue --partition=accel_ai
             JOBID PARTITION     NAME     USER ST       TIME  NODES NODELIST(REASON)
           7159780  accel_ai c_segres   a.bip5 PD       0:00      1 (Dependency)
           7161824  accel_ai Nvidia-m s.191543  R       0:06      1 scs2041
           7159760  accel_ai segres_b   a.bip5  R   18:32:27      1 scs2044
[s.1915438@sl2 s.1915438]$ ls -l jupyter_log/
total 48
-rw-rw-r--. 1 s.1915438 s.1915438 39114 Apr 17 14:01 jupyter-lab-7161823.log
-rw-rw-r--. 1 s.1915438 s.1915438  1578 Apr 17 14:03 jupyter-lab-7161824.log
[s.1915438@sl2 s.1915438]$ cat jupyter_log/jupyter-lab-7161824.log
[I 2022-04-17 14:03:00.993 ServerApp] jupyterlab | extension was successfully linked.
[I 2022-04-17 14:03:01.330 ServerApp] nbclassic | extension was successfully linked.
[I 2022-04-17 14:03:01.399 LabApp] JupyterLab extension loaded from /apps/local/languages/anaconda/2021.05/lib/python3.8/site-packages/jupyterlab
[I 2022-04-17 14:03:01.399 LabApp] JupyterLab application directory is /lustrehome/apps/local/languages/anaconda/2021.05/share/jupyter/lab
[I 2022-04-17 14:03:01.403 ServerApp] jupyterlab | extension was successfully loaded.
[I 2022-04-17 14:03:01.410 ServerApp] nbclassic | extension was successfully loaded.
[I 2022-04-17 14:03:01.410 ServerApp] Serving notebooks from local directory: /scratch/s.1915438
[I 2022-04-17 14:03:01.410 ServerApp] Jupyter Server 1.4.1 is running at:
[I 2022-04-17 14:03:01.410 ServerApp] http://scs2041:8888/lab?token=0e56604e4b0e587d577f3b4cc292c28986f3ff8f15e25ca4
[I 2022-04-17 14:03:01.410 ServerApp]  or http://127.0.0.1:8888/lab?token=0e56604e4b0e587d577f3b4cc292c28986f3ff8f15e25ca4
[I 2022-04-17 14:03:01.410 ServerApp] Use Control-C to stop this server and shut down all kernels (twice to skip confirmation).
[C 2022-04-17 14:03:01.418 ServerApp] 
    
    To access the server, open this file in a browser:
        file:///lustrehome/home/s.1915438/.local/share/jupyter/runtime/jpserver-13338-open.html
    Or copy and paste one of these URLs:
        http://scs2041:8888/lab?token=0e56604e4b0e587d577f3b4cc292c28986f3ff8f15e25ca4
     or http://127.0.0.1:8888/lab?token=0e56604e4b0e587d577f3b4cc292c28986f3ff8f15e25ca4
[s.1915438@sl2 s.1915438]$ squeue --partition=accel_ai
             JOBID PARTITION     NAME     USER ST       TIME  NODES NODELIST(REASON)
           7161825  accel_ai Eval_ens   a.bip5  R       6:15      1 scs2041
[s.1915438@sl2 s.1915438]$ virtualenv
-bash: virtualenv: command not found
[s.1915438@sl2 s.1915438]$ ls /usr/bin/python*
/usr/bin/python  /usr/bin/python2  /usr/bin/python2.7  /usr/bin/python2.7-config  /usr/bin/python2-config  /usr/bin/python3  /usr/bin/python3.6  /usr/bin/python3.6m  /usr/bin/python-config
[s.1915438@sl2 s.1915438]$ which python
/usr/bin/python
[s.1915438@sl2 s.1915438]$ ls
ansys195  jupyter_log  jupyter.sh  modulus  Modulus_examples  Modulus_source
[s.1915438@sl2 s.1915438]$ pwd
/scratch/s.1915438
[s.1915438@sl2 s.1915438]$ mkdir env
[s.1915438@sl2 s.1915438]$ python --version
Python 2.7.5
[s.1915438@sl2 s.1915438]$ squeue
             JOBID PARTITION     NAME     USER ST       TIME  NODES NODELIST(REASON)
           7157876   compute beta0.32 x.s.h.03 PD       0:00     16 (Resources)
           7159770   compute -0.6417. s.968137 PD       0:00     16 (Priority)
           7159769   compute -0.6417. s.968137 PD       0:00     16 (Priority)
           7159768   compute -0.6417. s.968137 PD       0:00     16 (Priority)
           7159767   compute -0.6417. s.968137 PD       0:00     16 (Priority)
           7159766   compute -0.6417. s.968137 PD       0:00     16 (Priority)
           7159777   compute -1.0017. s.968137 PD       0:00     16 (Priority)
           7159776   compute -1.0017. s.968137 PD       0:00     16 (Priority)
           7159775   compute -1.0017. s.968137 PD       0:00     16 (Priority)
           7159774   compute -1.0017. s.968137 PD       0:00     16 (Priority)
           7159773   compute -1.0017. s.968137 PD       0:00     16 (Priority)
           7159803   compute -1.0416. s.968137 PD       0:00     16 (Priority)
           7158933   compute beta0.24 x.s.h.03 PD       0:00     16 (Dependency)
           7158935   compute beta0.32 x.s.h.03 PD       0:00     16 (Dependency)
           7159791   compute   su-gst s.can.zh PD       0:00      4 (Priority)
           7161815   compute  WF22.65 x.d.v.01 PD       0:00      7 (Priority)
           7159744   compute  wj-zpo1 s.can.zh PD       0:00      2 (Priority)
           7159743   compute wj-zpoh1 s.can.zh PD       0:00      2 (Priority)
           7160113   compute      way s.can.zh PD       0:00      2 (Priority)
           7160114   compute      way s.can.zh PD       0:00      2 (Priority)
           7160150   compute      way s.can.zh PD       0:00      2 (Priority)
           7161817   compute wj-zpoh2 s.can.zh PD       0:00      2 (Priority)
           7161818   compute wj-zpoh3 s.can.zh PD       0:00      2 (Priority)
           7161819   compute  wj-zpo2 s.can.zh PD       0:00      2 (Priority)
           7161820   compute  wj-zpo3 s.can.zh PD       0:00      2 (Priority)
           7161821   compute  wj-zpo4 s.can.zh PD       0:00      2 (Priority)
           7161822   compute  wj-zpo8 s.can.zh PD       0:00      2 (Priority)
           7159800   compute    yw-BO s.yuzhen PD       0:00      1 (Priority)
           7159738   compute    tioga x.g.p.01  R   22:48:03     10 scs[0049,0058,0061,0065-0067,0069-0070,0081-0082]
           7159737   compute    tioga x.g.p.01  R   22:49:09      8 scs[0004,0006,0083,0085,0090,0094-0096]
           7159665   compute opt_covi s.a.a.m.  R 1-21:59:40      1 scs0098
           7159663   compute opt_covi s.a.a.m.  R 2-00:30:53      1 scs0037
           7159696   compute -0.9917. s.968137  R    4:23:04     16 scs[0025,0033-0034,0038-0046,0084,0087-0089]
           7159695   compute -0.9917. s.968137  R    6:59:54     16 scs[0025,0028,0033-0036,0038-0046,0048]
           7159739   compute HiRep_SP x.j.l.01  R    1:43:37     32 scs[0051-0057,0059-0060,0062-0064,0068,0071-0077,0079-0080,0084,0087-0089,0099-0100,0102-0103,0105,0108]
           7157591   compute beta0.24 x.s.h.03  R   18:55:02     16 scs[0002,0005,0010-0011,0018-0023,0027,0031,0117,0119-0120,0122]
           7159437   compute ER_ve_B1 s.engell  R 2-19:45:33     13 scs[0003,0015,0024,0097,0099-0100,0104,0106-0107,0109,0113-0115]
           7159266   compute    yw-BO s.yuzhen  R 2-19:10:34      2 scs[0086,0091]
           7159726   compute  wayAIMD s.can.zh  R 1-06:36:28      4 scs[0007-0008,0017,0121]
           7159641   compute  wayAIMD s.can.zh  R 2-05:54:47      4 scs[0026,0029-0030,0032]
           7161813   compute   WF22.7 x.d.v.01  R    3:23:15      9 scs[0003,0012-0015,0024,0097,0113-0114]
           7159384   compute slantCha s.engell  R 2-16:16:59      1 scs0003
           7159649   compute    yw-BO s.yuzhen  R 2-03:40:04      2 scs[0092-0093]
           7159711   compute yw-GST14 s.yuzhen  R   23:50:46      1 scs0078
           7161825  accel_ai Eval_ens   a.bip5  R      10:58      1 scs2041
           7159798   compute    yw-BO s.yuzhen  R    6:59:33      1 scs0047
           7161652   compute slantCha s.engell  R    4:19:19      1 scs0097
           7159697   compute slantCha s.engell  R 1-18:54:51      1 scs0097
           7160582       gpu    yw-dp s.yuzhen  R    6:48:01      1 scs2002
           7159804       gpu    yw-dp s.yuzhen  R    8:46:20      1 scs2003
           7159792       gpu    yw-dp s.yuzhen  R   10:35:28      1 scs2001
[s.1915438@sl2 s.1915438]$ squeue --user=s.191*
squeue: error: Invalid user: s.191*

             JOBID PARTITION     NAME     USER ST       TIME  NODES NODELIST(REASON)
[s.1915438@sl2 s.1915438]$ squeue --user=s.1915438
             JOBID PARTITION     NAME     USER ST       TIME  NODES NODELIST(REASON)
[s.1915438@sl2 s.1915438]$ exit
logout
Connection to sunbird.swansea.ac.uk closed.
(base) hell@Dell-Precision-T1600:~$ ssh
usage: ssh [-46AaCfGgKkMNnqsTtVvXxYy] [-B bind_interface]
           [-b bind_address] [-c cipher_spec] [-D [bind_address:]port]
           [-E log_file] [-e escape_char] [-F configfile] [-I pkcs11]
           [-i identity_file] [-J [user@]host[:port]] [-L address]
           [-l login_name] [-m mac_spec] [-O ctl_cmd] [-o option] [-p port]
           [-Q query_option] [-R address] [-S ctl_path] [-W host:port]
           [-w local_tun[:remote_tun]] destination [command]
(base) hell@Dell-Precision-T1600:~$ ssh sunbird
Last login: Sun Apr 17 13:03:22 2022 from 5.151.27.169
====================== Supercomputing Wales - Sunbird ========================

   This system is for authorised users, if you do not have authorised access
        please disconnect immediately, and contact Technical Support.

 -----------------------------------------------------------------------------

            For user guides, documentation and technical support:
                  Web: http://portal.supercomputing.wales

 -------------------------- Message of the Day -------------------------------

  UPDATE: SCW SUPPORT DURING COVID-19, 18/03/2020

    Please be aware that, due to the current situation with COVID-19,
      support services are still available but may take longer to
      respond than normal.

  Please donâ€™t hesitate to ask if we can be of assistance to you at this time.

===============================================================================

[s.1915438@sl1 ~]$ cd /scratch/s.1915438
[s.1915438@sl1 s.1915438]$ ls
ansys195  env  jupyter_log  jupyter.sh  modulus  Modulus_examples  Modulus_source
[s.1915438@sl1 s.1915438]$ python --version
Python 2.7.5
[s.1915438@sl1 s.1915438]$ ls /usr/bin/python*
/usr/bin/python  /usr/bin/python2  /usr/bin/python2.7  /usr/bin/python2.7-config  /usr/bin/python2-config  /usr/bin/python3  /usr/bin/python3.6  /usr/bin/python3.6m  /usr/bin/python-config
[s.1915438@sl1 s.1915438]$ ls /usr/bin/python --version
ls (GNU coreutils) 8.22
Copyright (C) 2013 Free Software Foundation, Inc.
License GPLv3+: GNU GPL version 3 or later <http://gnu.org/licenses/gpl.html>.
This is free software: you are free to change and redistribute it.
There is NO WARRANTY, to the extent permitted by law.

Written by Richard M. Stallman and David MacKenzie.
[s.1915438@sl1 s.1915438]$ ls /usr/bin/python3 --version
ls (GNU coreutils) 8.22
Copyright (C) 2013 Free Software Foundation, Inc.
License GPLv3+: GNU GPL version 3 or later <http://gnu.org/licenses/gpl.html>.
This is free software: you are free to change and redistribute it.
There is NO WARRANTY, to the extent permitted by law.

Written by Richard M. Stallman and David MacKenzie.
[s.1915438@sl1 s.1915438]$ ls /usr/bin/python3.6 --version
ls (GNU coreutils) 8.22
Copyright (C) 2013 Free Software Foundation, Inc.
License GPLv3+: GNU GPL version 3 or later <http://gnu.org/licenses/gpl.html>.
This is free software: you are free to change and redistribute it.
There is NO WARRANTY, to the extent permitted by law.

Written by Richard M. Stallman and David MacKenzie.
[s.1915438@sl1 s.1915438]$ source
-bash: source: filename argument required
source: usage: source filename [arguments]
[s.1915438@sl1 s.1915438]$ source
-bash: source: filename argument required
source: usage: source filename [arguments]
[s.1915438@sl1 s.1915438]$ source /usr/bin/python3.6
-bash: source: /usr/bin/python3.6: cannot execute binary file
[s.1915438@sl1 s.1915438]$ python3 --version
Python 3.6.8
[s.1915438@sl1 s.1915438]$ pwd
/scratch/s.1915438
[s.1915438@sl1 s.1915438]$ python3 -m venv modulus
[s.1915438@sl1 s.1915438]$ ls
ansys195  env  jupyter_log  jupyter.sh  modulus  Modulus_examples  Modulus_source
[s.1915438@sl1 s.1915438]$  cd modulus/
[s.1915438@sl1 modulus]$ ls
bin  compiler_compat  conda-meta  include  lib  lib64  pyvenv.cfg  share  ssl  x86_64-conda_cos6-linux-gnu  x86_64-conda-linux-gnu
[s.1915438@sl1 modulus]$ source bin/activate
(modulus) [s.1915438@sl1 modulus]$ source bin/
-bash: source: bin/: is a directory
(modulus) [s.1915438@sl1 modulus]$ source bin
-bash: source: bin: is a directory
(modulus) [s.1915438@sl1 modulus]$ cd ..
(modulus) [s.1915438@sl1 s.1915438]$ cd env/
(modulus) [s.1915438@sl1 env]$ ls
(modulus) [s.1915438@sl1 env]$ python3 -m venv modulus
(modulus) [s.1915438@sl1 env]$ ls
modulus
(modulus) [s.1915438@sl1 env]$ cd modulus/
(modulus) [s.1915438@sl1 modulus]$ ls
bin  include  lib  lib64  pyvenv.cfg
(modulus) [s.1915438@sl1 modulus]$ source bin/
-bash: source: bin/: is a directory
(modulus) [s.1915438@sl1 modulus]$ cd ..
(modulus) [s.1915438@sl1 env]$ ls
modulus
(modulus) [s.1915438@sl1 env]$ cd ..
(modulus) [s.1915438@sl1 s.1915438]$ source ~/env
-bash: /home/s.1915438/env: No such file or directory
(modulus) [s.1915438@sl1 s.1915438]$ ls
ansys195  env  jupyter_log  jupyter.sh  modulus  Modulus_examples  Modulus_source
(modulus) [s.1915438@sl1 s.1915438]$ source env/modulus/bin/
-bash: source: env/modulus/bin/: is a directory
(modulus) [s.1915438@sl1 s.1915438]$ cd env/modulus/bin/
(modulus) [s.1915438@sl1 bin]$ ls
activate  activate.csh  activate.fish  Activate.ps1  pip  pip3  pip3.9  python  python3  python3.9
(modulus) [s.1915438@sl1 bin]$ modulus purge
-bash: modulus: command not found
(modulus) [s.1915438@sl1 bin]$ module purge
(modulus) [s.1915438@sl1 bin]$ conda
-bash: conda: command not found
(modulus) [s.1915438@sl1 bin]$ which pythopn
/usr/bin/which: no pythopn in (/scratch/s.1915438/modulus/bin:/usr/lib64/qt-3.3/bin:/usr/local/bin:/usr/bin:/usr/local/sbin:/usr/sbin:/home/s.1915438/bin)
(modulus) [s.1915438@sl1 bin]$ which python
/scratch/s.1915438/modulus/bin/python
(modulus) [s.1915438@sl1 bin]$ pwd
/scratch/s.1915438/env/modulus/bin
(modulus) [s.1915438@sl1 bin]$ ls
activate  activate.csh  activate.fish  Activate.ps1  pip  pip3  pip3.9  python  python3  python3.9
(modulus) [s.1915438@sl1 bin]$ source activate
(modulus) [s.1915438@sl1 bin]$ exit
logout
Connection to sunbird.swansea.ac.uk closed.
(base) hell@Dell-Precision-T1600:~$ ssh sunbird
Last login: Sun Apr 17 14:01:53 2022 from 5.151.27.169
====================== Supercomputing Wales - Sunbird ========================

   This system is for authorised users, if you do not have authorised access
        please disconnect immediately, and contact Technical Support.

 -----------------------------------------------------------------------------

            For user guides, documentation and technical support:
                  Web: http://portal.supercomputing.wales

 -------------------------- Message of the Day -------------------------------

  UPDATE: SCW SUPPORT DURING COVID-19, 18/03/2020

    Please be aware that, due to the current situation with COVID-19,
      support services are still available but may take longer to
      respond than normal.

  Please donâ€™t hesitate to ask if we can be of assistance to you at this time.

===============================================================================

[s.1915438@sl2 ~]$ cd /scratch/s.1915438
[s.1915438@sl2 s.1915438]$ ls
ansys195  env  jupyter_log  jupyter.sh  modulus  Modulus_examples  Modulus_source
[s.1915438@sl2 s.1915438]$ source env/modulus/bin/activate
(modulus) [s.1915438@sl2 s.1915438]$ python --version
Python 3.9.12
(modulus) [s.1915438@sl2 s.1915438]$ which python
/scratch/s.1915438/env/modulus/bin/python
(modulus) [s.1915438@sl2 s.1915438]$ which pip
/scratch/s.1915438/env/modulus/bin/pip
(modulus) [s.1915438@sl2 s.1915438]$ ls env
modulus
(modulus) [s.1915438@sl2 s.1915438]$ which pip3
/scratch/s.1915438/env/modulus/bin/pip3
(modulus) [s.1915438@sl2 s.1915438]$ pip3 install torch torchvision torchaudio
Collecting torch
  Using cached torch-1.11.0-cp39-cp39-manylinux1_x86_64.whl (750.6 MB)
Collecting torchvision
  Using cached torchvision-0.12.0-cp39-cp39-manylinux1_x86_64.whl (21.0 MB)
Collecting torchaudio
  Downloading torchaudio-0.11.0-cp39-cp39-manylinux1_x86_64.whl (2.9 MB)
     â”â”â”â”â”â”â”â”â”â”â”â”â”â”â”â”â”â”â”â”â”â”â”â”â”â”â”â”â”â”â”â”â”â”â”â”â”â”â”â” 2.9/2.9 MB 48.2 MB/s eta 0:00:00
Collecting typing-extensions
  Using cached typing_extensions-4.1.1-py3-none-any.whl (26 kB)
Collecting pillow!=8.3.*,>=5.3.0
  Using cached Pillow-9.1.0-cp39-cp39-manylinux_2_17_x86_64.manylinux2014_x86_64.whl (4.3 MB)
Collecting numpy
  Using cached numpy-1.22.3-cp39-cp39-manylinux_2_17_x86_64.manylinux2014_x86_64.whl (16.8 MB)
Collecting requests
  Using cached requests-2.27.1-py2.py3-none-any.whl (63 kB)
Collecting charset-normalizer~=2.0.0
  Using cached charset_normalizer-2.0.12-py3-none-any.whl (39 kB)
Collecting urllib3<1.27,>=1.21.1
  Using cached urllib3-1.26.9-py2.py3-none-any.whl (138 kB)
Collecting idna<4,>=2.5
  Using cached idna-3.3-py3-none-any.whl (61 kB)
Collecting certifi>=2017.4.17
  Downloading certifi-2021.10.8-py2.py3-none-any.whl (149 kB)
     â”â”â”â”â”â”â”â”â”â”â”â”â”â”â”â”â”â”â”â”â”â”â”â”â”â”â”â”â”â”â”â”â”â”â”â”â”â”â”â” 149.2/149.2 KB 11.0 MB/s eta 0:00:00
Installing collected packages: certifi, urllib3, typing-extensions, pillow, numpy, idna, charset-normalizer, torch, requests, torchvision, torchaudio
Successfully installed certifi-2021.10.8 charset-normalizer-2.0.12 idna-3.3 numpy-1.22.3 pillow-9.1.0 requests-2.27.1 torch-1.11.0 torchaudio-0.11.0 torchvision-0.12.0 typing-extensions-4.1.1 urllib3-1.26.9
(modulus) [s.1915438@sl2 s.1915438]$ python
Python 3.9.12 (main, Apr  5 2022, 06:56:58) 
[GCC 7.5.0] :: Anaconda, Inc. on linux
Type "help", "copyright", "credits" or "license" for more information.
>>> import torch
>>> torch.__version__
'1.11.0+cu102'
>>> exit()
(modulus) [s.1915438@sl2 s.1915438]$ pip3 install matplotlib transforms3d future typing numpy quadpy numpy-stl==2.11.2 h5py sympy==1.5.1 termcolor psutil symengine==0.6.1 numba Cython chaospy torch_optimizer vtk chaospy termcolor omegaconf hydra-core einops timm tensorboard pandas orthopy ndim
Collecting matplotlib
  Using cached matplotlib-3.5.1-cp39-cp39-manylinux_2_5_x86_64.manylinux1_x86_64.whl (11.2 MB)
Collecting transforms3d
  Using cached transforms3d-0.3.1-py3-none-any.whl
Collecting future
  Using cached future-0.18.2-py3-none-any.whl
Collecting typing
  Using cached typing-3.7.4.3-py3-none-any.whl
Requirement already satisfied: numpy in ./env/modulus/lib/python3.9/site-packages (1.22.3)
Collecting quadpy
  Using cached quadpy-0.16.13-py3-none-any.whl (4.5 MB)
Collecting numpy-stl==2.11.2
  Using cached numpy_stl-2.11.2-py3-none-any.whl
Collecting h5py
  Using cached h5py-3.6.0-cp39-cp39-manylinux_2_12_x86_64.manylinux2010_x86_64.whl (4.5 MB)
Collecting sympy==1.5.1
  Using cached sympy-1.5.1-py2.py3-none-any.whl (5.6 MB)
Collecting termcolor
  Using cached termcolor-1.1.0-py3-none-any.whl
Collecting psutil
  Using cached psutil-5.9.0-cp39-cp39-manylinux_2_12_x86_64.manylinux2010_x86_64.manylinux_2_17_x86_64.manylinux2014_x86_64.whl (280 kB)
Collecting symengine==0.6.1
  Using cached symengine-0.6.1-cp39-cp39-manylinux1_x86_64.whl (12.6 MB)
Collecting numba
  Using cached numba-0.55.1-1-cp39-cp39-manylinux2014_x86_64.manylinux_2_17_x86_64.whl (3.3 MB)
Collecting Cython
  Using cached Cython-0.29.28-cp39-cp39-manylinux_2_17_x86_64.manylinux2014_x86_64.manylinux_2_24_x86_64.whl (1.9 MB)
Collecting chaospy
  Using cached chaospy-4.3.7-py3-none-any.whl (247 kB)
Collecting torch_optimizer
  Using cached torch_optimizer-0.3.0-py3-none-any.whl (61 kB)
Collecting vtk
  Using cached vtk-9.1.0-cp39-cp39-manylinux_2_17_x86_64.manylinux2014_x86_64.whl (88.3 MB)
Collecting omegaconf
  Downloading omegaconf-2.1.2-py3-none-any.whl (74 kB)
     â”â”â”â”â”â”â”â”â”â”â”â”â”â”â”â”â”â”â”â”â”â”â”â”â”â”â”â”â”â”â”â”â”â”â”â”â”â”â”â” 74.7/74.7 KB 5.5 MB/s eta 0:00:00
Collecting hydra-core
  Downloading hydra_core-1.1.2-py3-none-any.whl (147 kB)
     â”â”â”â”â”â”â”â”â”â”â”â”â”â”â”â”â”â”â”â”â”â”â”â”â”â”â”â”â”â”â”â”â”â”â”â”â”â”â”â” 147.4/147.4 KB 10.0 MB/s eta 0:00:00
Collecting einops
  Using cached einops-0.4.1-py3-none-any.whl (28 kB)
Collecting timm
  Using cached timm-0.5.4-py3-none-any.whl (431 kB)
Collecting tensorboard
  Using cached tensorboard-2.8.0-py3-none-any.whl (5.8 MB)
Collecting pandas
  Using cached pandas-1.4.2-cp39-cp39-manylinux_2_17_x86_64.manylinux2014_x86_64.whl (11.7 MB)
Collecting orthopy
  Using cached orthopy-0.9.6-py3-none-any.whl (281 kB)
Collecting ndim
  Using cached ndim-0.1.7-py3-none-any.whl (42 kB)
Collecting python-utils>=1.6.2
  Using cached python_utils-3.1.0-py2.py3-none-any.whl (19 kB)
Collecting mpmath>=0.19
  Using cached mpmath-1.2.1-py3-none-any.whl (532 kB)
Requirement already satisfied: pillow>=6.2.0 in ./env/modulus/lib/python3.9/site-packages (from matplotlib) (9.1.0)
Collecting kiwisolver>=1.0.1
  Using cached kiwisolver-1.4.2-cp39-cp39-manylinux_2_12_x86_64.manylinux2010_x86_64.whl (1.6 MB)
Collecting packaging>=20.0
  Using cached packaging-21.3-py3-none-any.whl (40 kB)
Collecting fonttools>=4.22.0
  Using cached fonttools-4.32.0-py3-none-any.whl (900 kB)
Collecting pyparsing>=2.2.1
  Using cached pyparsing-3.0.8-py3-none-any.whl (98 kB)
Collecting python-dateutil>=2.7
  Using cached python_dateutil-2.8.2-py2.py3-none-any.whl (247 kB)
Collecting cycler>=0.10
  Using cached cycler-0.11.0-py3-none-any.whl (6.4 kB)
Collecting scipy
  Using cached scipy-1.8.0-cp39-cp39-manylinux_2_17_x86_64.manylinux2014_x86_64.whl (42.1 MB)
Collecting x21>=0.2.4
  Using cached x21-0.2.4-cp39-cp39-manylinux_2_17_x86_64.manylinux2014_x86_64.whl (289 kB)
Collecting numpy
  Downloading numpy-1.21.6-cp39-cp39-manylinux_2_12_x86_64.manylinux2010_x86_64.whl (15.7 MB)
     â”â”â”â”â”â”â”â”â”â”â”â”â”â”â”â”â”â”â”â”â”â”â”â”â”â”â”â”â”â”â”â”â”â”â”â”â”â”â”â” 15.7/15.7 MB 57.9 MB/s eta 0:00:00
Requirement already satisfied: setuptools in ./env/modulus/lib/python3.9/site-packages (from numba) (58.1.0)
Collecting llvmlite<0.39,>=0.38.0rc1
  Using cached llvmlite-0.38.0-cp39-cp39-manylinux_2_17_x86_64.manylinux2014_x86_64.whl (34.5 MB)
Collecting numpoly
  Using cached numpoly-1.2.3-py3-none-any.whl (147 kB)
Collecting pytorch-ranger>=0.1.1
  Using cached pytorch_ranger-0.1.1-py3-none-any.whl (14 kB)
Requirement already satisfied: torch>=1.5.0 in ./env/modulus/lib/python3.9/site-packages (from torch_optimizer) (1.11.0)
Collecting wslink>=1.0.4
  Downloading wslink-1.5.3-py3-none-any.whl (22 kB)
Collecting PyYAML>=5.1.0
  Using cached PyYAML-6.0-cp39-cp39-manylinux_2_5_x86_64.manylinux1_x86_64.manylinux_2_12_x86_64.manylinux2010_x86_64.whl (661 kB)
Collecting antlr4-python3-runtime==4.8
  Using cached antlr4_python3_runtime-4.8-py3-none-any.whl
Requirement already satisfied: torchvision in ./env/modulus/lib/python3.9/site-packages (from timm) (0.12.0)
Collecting google-auth<3,>=1.6.3
  Downloading google_auth-2.6.5-py2.py3-none-any.whl (156 kB)
     â”â”â”â”â”â”â”â”â”â”â”â”â”â”â”â”â”â”â”â”â”â”â”â”â”â”â”â”â”â”â”â”â”â”â”â”â”â”â”â” 156.6/156.6 KB 16.1 MB/s eta 0:00:00
Collecting grpcio>=1.24.3
  Using cached grpcio-1.44.0-cp39-cp39-manylinux_2_17_x86_64.manylinux2014_x86_64.whl (4.3 MB)
Collecting markdown>=2.6.8
  Using cached Markdown-3.3.6-py3-none-any.whl (97 kB)
Collecting wheel>=0.26
  Downloading wheel-0.37.1-py2.py3-none-any.whl (35 kB)
Collecting google-auth-oauthlib<0.5,>=0.4.1
  Using cached google_auth_oauthlib-0.4.6-py2.py3-none-any.whl (18 kB)
Collecting protobuf>=3.6.0
  Using cached protobuf-3.20.0-cp39-cp39-manylinux_2_5_x86_64.manylinux1_x86_64.whl (1.0 MB)
Collecting absl-py>=0.4
  Using cached absl_py-1.0.0-py3-none-any.whl (126 kB)
Collecting werkzeug>=0.11.15
  Using cached Werkzeug-2.1.1-py3-none-any.whl (224 kB)
Collecting tensorboard-plugin-wit>=1.6.0
  Using cached tensorboard_plugin_wit-1.8.1-py3-none-any.whl (781 kB)
Requirement already satisfied: requests<3,>=2.21.0 in ./env/modulus/lib/python3.9/site-packages (from tensorboard) (2.27.1)
Collecting tensorboard-data-server<0.7.0,>=0.6.0
  Using cached tensorboard_data_server-0.6.1-py3-none-manylinux2010_x86_64.whl (4.9 MB)
Collecting pytz>=2020.1
  Using cached pytz-2022.1-py2.py3-none-any.whl (503 kB)
Collecting kgt
  Using cached kgt-0.4.5-py3-none-any.whl (54 kB)
Collecting six
  Using cached six-1.16.0-py2.py3-none-any.whl (11 kB)
Collecting cachetools<6.0,>=2.0.0
  Using cached cachetools-5.0.0-py3-none-any.whl (9.1 kB)
Collecting rsa<5,>=3.1.4
  Using cached rsa-4.8-py3-none-any.whl (39 kB)
Collecting pyasn1-modules>=0.2.1
  Using cached pyasn1_modules-0.2.8-py2.py3-none-any.whl (155 kB)
Collecting requests-oauthlib>=0.7.0
  Using cached requests_oauthlib-1.3.1-py2.py3-none-any.whl (23 kB)
Collecting importlib-metadata>=4.4
  Using cached importlib_metadata-4.11.3-py3-none-any.whl (18 kB)
Requirement already satisfied: certifi>=2017.4.17 in ./env/modulus/lib/python3.9/site-packages (from requests<3,>=2.21.0->tensorboard) (2021.10.8)
Requirement already satisfied: charset-normalizer~=2.0.0 in ./env/modulus/lib/python3.9/site-packages (from requests<3,>=2.21.0->tensorboard) (2.0.12)
Requirement already satisfied: urllib3<1.27,>=1.21.1 in ./env/modulus/lib/python3.9/site-packages (from requests<3,>=2.21.0->tensorboard) (1.26.9)
Requirement already satisfied: idna<4,>=2.5 in ./env/modulus/lib/python3.9/site-packages (from requests<3,>=2.21.0->tensorboard) (3.3)
Requirement already satisfied: typing-extensions in ./env/modulus/lib/python3.9/site-packages (from torch>=1.5.0->torch_optimizer) (4.1.1)
Collecting aiohttp
  Using cached aiohttp-3.8.1-cp39-cp39-manylinux_2_5_x86_64.manylinux1_x86_64.manylinux_2_12_x86_64.manylinux2010_x86_64.whl (1.2 MB)
Collecting PyNaCl
  Using cached PyNaCl-1.5.0-cp36-abi3-manylinux_2_17_x86_64.manylinux2014_x86_64.whl (1.1 MB)
Collecting appdirs
  Using cached appdirs-1.4.4-py2.py3-none-any.whl (9.6 kB)
Collecting cryptography
  Using cached cryptography-36.0.2-cp36-abi3-manylinux_2_17_x86_64.manylinux2014_x86_64.whl (3.7 MB)
Collecting tomli-w
  Using cached tomli_w-1.0.0-py3-none-any.whl (6.0 kB)
Collecting rich
  Using cached rich-12.2.0-py3-none-any.whl (229 kB)
Collecting tomli
  Using cached tomli-2.0.1-py3-none-any.whl (12 kB)
Collecting zipp>=0.5
  Using cached zipp-3.8.0-py3-none-any.whl (5.4 kB)
Collecting pyasn1<0.5.0,>=0.4.6
  Using cached pyasn1-0.4.8-py2.py3-none-any.whl (77 kB)
Collecting oauthlib>=3.0.0
  Using cached oauthlib-3.2.0-py3-none-any.whl (151 kB)
Collecting frozenlist>=1.1.1
  Using cached frozenlist-1.3.0-cp39-cp39-manylinux_2_5_x86_64.manylinux1_x86_64.manylinux_2_17_x86_64.manylinux2014_x86_64.whl (156 kB)
Collecting yarl<2.0,>=1.0
  Using cached yarl-1.7.2-cp39-cp39-manylinux_2_5_x86_64.manylinux1_x86_64.manylinux_2_12_x86_64.manylinux2010_x86_64.whl (304 kB)
Collecting multidict<7.0,>=4.5
  Using cached multidict-6.0.2-cp39-cp39-manylinux_2_17_x86_64.manylinux2014_x86_64.whl (114 kB)
Collecting async-timeout<5.0,>=4.0.0a3
  Using cached async_timeout-4.0.2-py3-none-any.whl (5.8 kB)
Collecting attrs>=17.3.0
  Using cached attrs-21.4.0-py2.py3-none-any.whl (60 kB)
Collecting aiosignal>=1.1.2
  Using cached aiosignal-1.2.0-py3-none-any.whl (8.2 kB)
Collecting cffi>=1.12
  Using cached cffi-1.15.0-cp39-cp39-manylinux_2_12_x86_64.manylinux2010_x86_64.whl (444 kB)
Collecting commonmark<0.10.0,>=0.9.0
  Using cached commonmark-0.9.1-py2.py3-none-any.whl (51 kB)
Collecting pygments<3.0.0,>=2.6.0
  Using cached Pygments-2.11.2-py3-none-any.whl (1.1 MB)
Collecting pycparser
  Using cached pycparser-2.21-py2.py3-none-any.whl (118 kB)
Installing collected packages: transforms3d, termcolor, tensorboard-plugin-wit, pytz, pyasn1, mpmath, einops, commonmark, appdirs, antlr4-python3-runtime, zipp, wheel, werkzeug, typing, tomli-w, tomli, tensorboard-data-server, sympy, symengine, six, rsa, PyYAML, python-utils, pyparsing, pygments, pycparser, pyasn1-modules, psutil, protobuf, oauthlib, numpy, multidict, llvmlite, kiwisolver, future, frozenlist, fonttools, Cython, cycler, cachetools, attrs, async-timeout, yarl, scipy, rich, requests-oauthlib, pytorch-ranger, python-dateutil, packaging, omegaconf, numpy-stl, numpoly, numba, importlib-metadata, h5py, grpcio, google-auth, cffi, aiosignal, absl-py, torch_optimizer, timm, PyNaCl, pandas, matplotlib, markdown, hydra-core, google-auth-oauthlib, cryptography, chaospy, aiohttp, x21, wslink, tensorboard, vtk, orthopy, kgt, ndim, quadpy
  Attempting uninstall: numpy
    Found existing installation: numpy 1.22.3
    Uninstalling numpy-1.22.3:
      Successfully uninstalled numpy-1.22.3
Successfully installed Cython-0.29.28 PyNaCl-1.5.0 PyYAML-6.0 absl-py-1.0.0 aiohttp-3.8.1 aiosignal-1.2.0 antlr4-python3-runtime-4.8 appdirs-1.4.4 async-timeout-4.0.2 attrs-21.4.0 cachetools-5.0.0 cffi-1.15.0 chaospy-4.3.7 commonmark-0.9.1 cryptography-36.0.2 cycler-0.11.0 einops-0.4.1 fonttools-4.32.0 frozenlist-1.3.0 future-0.18.2 google-auth-2.6.5 google-auth-oauthlib-0.4.6 grpcio-1.44.0 h5py-3.6.0 hydra-core-1.1.2 importlib-metadata-4.11.3 kgt-0.4.5 kiwisolver-1.4.2 llvmlite-0.38.0 markdown-3.3.6 matplotlib-3.5.1 mpmath-1.2.1 multidict-6.0.2 ndim-0.1.7 numba-0.55.1 numpoly-1.2.3 numpy-1.21.6 numpy-stl-2.11.2 oauthlib-3.2.0 omegaconf-2.1.2 orthopy-0.9.6 packaging-21.3 pandas-1.4.2 protobuf-3.20.0 psutil-5.9.0 pyasn1-0.4.8 pyasn1-modules-0.2.8 pycparser-2.21 pygments-2.11.2 pyparsing-3.0.8 python-dateutil-2.8.2 python-utils-3.1.0 pytorch-ranger-0.1.1 pytz-2022.1 quadpy-0.16.13 requests-oauthlib-1.3.1 rich-12.2.0 rsa-4.8 scipy-1.8.0 six-1.16.0 symengine-0.6.1 sympy-1.5.1 tensorboard-2.8.0 tensorboard-data-server-0.6.1 tensorboard-plugin-wit-1.8.1 termcolor-1.1.0 timm-0.5.4 tomli-2.0.1 tomli-w-1.0.0 torch_optimizer-0.3.0 transforms3d-0.3.1 typing-3.7.4.3 vtk-9.1.0 werkzeug-2.1.1 wheel-0.37.1 wslink-1.5.3 x21-0.2.4 yarl-1.7.2 zipp-3.8.0
(modulus) [s.1915438@sl2 s.1915438]$ pip install setuptools
Requirement already satisfied: setuptools in ./env/modulus/lib/python3.9/site-packages (58.1.0)
(modulus) [s.1915438@sl2 s.1915438]$ pip3 install -U https://github.com/paulo-herrera/PyEVTK/archive/v1.1.2.tar.gz
Collecting https://github.com/paulo-herrera/PyEVTK/archive/v1.1.2.tar.gz
  Using cached https://github.com/paulo-herrera/PyEVTK/archive/v1.1.2.tar.gz
  Preparing metadata (setup.py) ... done
Building wheels for collected packages: evtk
  Building wheel for evtk (setup.py) ... done
  Created wheel for evtk: filename=evtk-1.1.1-py3-none-any.whl size=28644 sha256=6945ad24268333b19c4e1b96baf87aea4a34d0c9d3b4a9a875e58938c9e1721a
  Stored in directory: /tmp/pip-ephem-wheel-cache-jteopqr1/wheels/df/86/00/7b16500ad304d5b436792c7e9ffed3ae595125f089bbfb7d8e
Successfully built evtk
Installing collected packages: evtk
Successfully installed evtk-1.1.1
(modulus) [s.1915438@sl2 s.1915438]$ cd Modulus_source/
(modulus) [s.1915438@sl2 Modulus_source]$ cd Modulus/
(modulus) [s.1915438@sl2 Modulus]$ ls
accompanying_licences  build  changelog_tensorflow.md  dist  Dockerfile  external  MANIFEST.in  modulus  modulus.egg-info  NVIDIA-OptiX-SDK-7.0.0-linux64.sh  README.md  requirements.txt  setup.cfg  setup.py
(modulus) [s.1915438@sl2 Modulus]$ python setup.py install
/scratch/s.1915438/env/modulus/lib/python3.9/site-packages/setuptools/dist.py:717: UserWarning: Usage of dash-separated 'description-file' will not be supported in future versions. Please use the underscore name 'description_file' instead
  warnings.warn(
/scratch/s.1915438/env/modulus/lib/python3.9/site-packages/setuptools/dist.py:487: UserWarning: Normalizing '22.03' to '22.3'
  warnings.warn(tmpl.format(**locals()))
running install
running bdist_egg
running egg_info
writing modulus.egg-info/PKG-INFO
writing dependency_links to modulus.egg-info/dependency_links.txt
writing requirements to modulus.egg-info/requires.txt
writing top-level names to modulus.egg-info/top_level.txt
reading manifest file 'modulus.egg-info/SOURCES.txt'
reading manifest template 'MANIFEST.in'
writing manifest file 'modulus.egg-info/SOURCES.txt'
installing library code to build/bdist.linux-x86_64/egg
running install_lib
running build_py
creating build/bdist.linux-x86_64/egg
creating build/bdist.linux-x86_64/egg/modulus
copying build/lib/modulus/key.py -> build/bdist.linux-x86_64/egg/modulus
creating build/bdist.linux-x86_64/egg/modulus/tensorboard_utils
copying build/lib/modulus/tensorboard_utils/plotter.py -> build/bdist.linux-x86_64/egg/modulus/tensorboard_utils
copying build/lib/modulus/tensorboard_utils/__init__.py -> build/bdist.linux-x86_64/egg/modulus/tensorboard_utils
creating build/bdist.linux-x86_64/egg/modulus/PDES
copying build/lib/modulus/PDES/signed_distance_function.py -> build/bdist.linux-x86_64/egg/modulus/PDES
copying build/lib/modulus/PDES/diffusion.py -> build/bdist.linux-x86_64/egg/modulus/PDES
copying build/lib/modulus/PDES/navier_stokes.py -> build/bdist.linux-x86_64/egg/modulus/PDES
copying build/lib/modulus/PDES/electromagnetic.py -> build/bdist.linux-x86_64/egg/modulus/PDES
copying build/lib/modulus/PDES/energy_equation.py -> build/bdist.linux-x86_64/egg/modulus/PDES
copying build/lib/modulus/PDES/advection_diffusion.py -> build/bdist.linux-x86_64/egg/modulus/PDES
copying build/lib/modulus/PDES/__init__.py -> build/bdist.linux-x86_64/egg/modulus/PDES
copying build/lib/modulus/PDES/basic.py -> build/bdist.linux-x86_64/egg/modulus/PDES
copying build/lib/modulus/PDES/wave_equation.py -> build/bdist.linux-x86_64/egg/modulus/PDES
copying build/lib/modulus/PDES/turbulence_zero_eq.py -> build/bdist.linux-x86_64/egg/modulus/PDES
copying build/lib/modulus/PDES/linear_elasticity.py -> build/bdist.linux-x86_64/egg/modulus/PDES
creating build/bdist.linux-x86_64/egg/modulus/geometry
creating build/bdist.linux-x86_64/egg/modulus/geometry/csg
copying build/lib/modulus/geometry/csg/csg_1d.py -> build/bdist.linux-x86_64/egg/modulus/geometry/csg
copying build/lib/modulus/geometry/csg/csg_2d.py -> build/bdist.linux-x86_64/egg/modulus/geometry/csg
copying build/lib/modulus/geometry/csg/adf.py -> build/bdist.linux-x86_64/egg/modulus/geometry/csg
copying build/lib/modulus/geometry/csg/__init__.py -> build/bdist.linux-x86_64/egg/modulus/geometry/csg
copying build/lib/modulus/geometry/csg/csg.py -> build/bdist.linux-x86_64/egg/modulus/geometry/csg
copying build/lib/modulus/geometry/csg/csg_3d.py -> build/bdist.linux-x86_64/egg/modulus/geometry/csg
copying build/lib/modulus/geometry/csg/curves.py -> build/bdist.linux-x86_64/egg/modulus/geometry/csg
copying build/lib/modulus/geometry/geometry.py -> build/bdist.linux-x86_64/egg/modulus/geometry
copying build/lib/modulus/geometry/__init__.py -> build/bdist.linux-x86_64/egg/modulus/geometry
creating build/bdist.linux-x86_64/egg/modulus/geometry/tessellation
copying build/lib/modulus/geometry/tessellation/tessellation.py -> build/bdist.linux-x86_64/egg/modulus/geometry/tessellation
copying build/lib/modulus/pdes.py -> build/bdist.linux-x86_64/egg/modulus
creating build/bdist.linux-x86_64/egg/modulus/tests
copying build/lib/modulus/tests/test_interpolation.py -> build/bdist.linux-x86_64/egg/modulus/tests
copying build/lib/modulus/tests/test_importance_sampling.py -> build/bdist.linux-x86_64/egg/modulus/tests
copying build/lib/modulus/tests/test_derivatives.py -> build/bdist.linux-x86_64/egg/modulus/tests
copying build/lib/modulus/tests/test_grid_constraint.py -> build/bdist.linux-x86_64/egg/modulus/tests
copying build/lib/modulus/tests/test_integral_constraint.py -> build/bdist.linux-x86_64/egg/modulus/tests
copying build/lib/modulus/tests/test_tesselated_geometry.py -> build/bdist.linux-x86_64/egg/modulus/tests
copying build/lib/modulus/tests/test_sympy_printer.py -> build/bdist.linux-x86_64/egg/modulus/tests
copying build/lib/modulus/tests/test_point_constraint.py -> build/bdist.linux-x86_64/egg/modulus/tests
copying build/lib/modulus/tests/__init__.py -> build/bdist.linux-x86_64/egg/modulus/tests
copying build/lib/modulus/tests/test_graph.py -> build/bdist.linux-x86_64/egg/modulus/tests
copying build/lib/modulus/tests/test_sympy_node.py -> build/bdist.linux-x86_64/egg/modulus/tests
creating build/bdist.linux-x86_64/egg/modulus/csv_utils
copying build/lib/modulus/csv_utils/csv_rw.py -> build/bdist.linux-x86_64/egg/modulus/csv_utils
copying build/lib/modulus/csv_utils/__init__.py -> build/bdist.linux-x86_64/egg/modulus/csv_utils
creating build/bdist.linux-x86_64/egg/modulus/sympy_utils
copying build/lib/modulus/sympy_utils/numpy_printer.py -> build/bdist.linux-x86_64/egg/modulus/sympy_utils
copying build/lib/modulus/sympy_utils/functions.py -> build/bdist.linux-x86_64/egg/modulus/sympy_utils
copying build/lib/modulus/sympy_utils/torch_printer.py -> build/bdist.linux-x86_64/egg/modulus/sympy_utils
copying build/lib/modulus/sympy_utils/__init__.py -> build/bdist.linux-x86_64/egg/modulus/sympy_utils
copying build/lib/modulus/graph.py -> build/bdist.linux-x86_64/egg/modulus
creating build/bdist.linux-x86_64/egg/modulus/plot_utils
copying build/lib/modulus/plot_utils/field.py -> build/bdist.linux-x86_64/egg/modulus/plot_utils
copying build/lib/modulus/plot_utils/vtk.py -> build/bdist.linux-x86_64/egg/modulus/plot_utils
copying build/lib/modulus/plot_utils/time_series.py -> build/bdist.linux-x86_64/egg/modulus/plot_utils
copying build/lib/modulus/plot_utils/__init__.py -> build/bdist.linux-x86_64/egg/modulus/plot_utils
copying build/lib/modulus/trainer.py -> build/bdist.linux-x86_64/egg/modulus
creating build/bdist.linux-x86_64/egg/modulus/distributed
copying build/lib/modulus/distributed/manager.py -> build/bdist.linux-x86_64/egg/modulus/distributed
copying build/lib/modulus/distributed/__init__.py -> build/bdist.linux-x86_64/egg/modulus/distributed
copying build/lib/modulus/distributed/utils.py -> build/bdist.linux-x86_64/egg/modulus/distributed
copying build/lib/modulus/loss.py -> build/bdist.linux-x86_64/egg/modulus
copying build/lib/modulus/constants.py -> build/bdist.linux-x86_64/egg/modulus
creating build/bdist.linux-x86_64/egg/modulus/architecture
copying build/lib/modulus/architecture/highway_fourier_net.py -> build/bdist.linux-x86_64/egg/modulus/architecture
copying build/lib/modulus/architecture/afno.py -> build/bdist.linux-x86_64/egg/modulus/architecture
copying build/lib/modulus/architecture/moving_time_window.py -> build/bdist.linux-x86_64/egg/modulus/architecture
copying build/lib/modulus/architecture/deeponet.py -> build/bdist.linux-x86_64/egg/modulus/architecture
copying build/lib/modulus/architecture/hash_encoding_net.py -> build/bdist.linux-x86_64/egg/modulus/architecture
copying build/lib/modulus/architecture/pix2pix.py -> build/bdist.linux-x86_64/egg/modulus/architecture
copying build/lib/modulus/architecture/multiplicative_filter_net.py -> build/bdist.linux-x86_64/egg/modulus/architecture
copying build/lib/modulus/architecture/super_res_net.py -> build/bdist.linux-x86_64/egg/modulus/architecture
copying build/lib/modulus/architecture/multiscale_fourier_net.py -> build/bdist.linux-x86_64/egg/modulus/architecture
copying build/lib/modulus/architecture/fully_connected.py -> build/bdist.linux-x86_64/egg/modulus/architecture
copying build/lib/modulus/architecture/fourier_net.py -> build/bdist.linux-x86_64/egg/modulus/architecture
copying build/lib/modulus/architecture/modified_fourier_net.py -> build/bdist.linux-x86_64/egg/modulus/architecture
copying build/lib/modulus/architecture/fno.py -> build/bdist.linux-x86_64/egg/modulus/architecture
copying build/lib/modulus/architecture/__init__.py -> build/bdist.linux-x86_64/egg/modulus/architecture
copying build/lib/modulus/architecture/dgm.py -> build/bdist.linux-x86_64/egg/modulus/architecture
copying build/lib/modulus/architecture/layers.py -> build/bdist.linux-x86_64/egg/modulus/architecture
copying build/lib/modulus/architecture/interpolation.py -> build/bdist.linux-x86_64/egg/modulus/architecture
copying build/lib/modulus/architecture/radial_basis.py -> build/bdist.linux-x86_64/egg/modulus/architecture
copying build/lib/modulus/architecture/siren.py -> build/bdist.linux-x86_64/egg/modulus/architecture
copying build/lib/modulus/aggregator.py -> build/bdist.linux-x86_64/egg/modulus
copying build/lib/modulus/arch.py -> build/bdist.linux-x86_64/egg/modulus
copying build/lib/modulus/constraint.py -> build/bdist.linux-x86_64/egg/modulus
copying build/lib/modulus/__init__.py -> build/bdist.linux-x86_64/egg/modulus
copying build/lib/modulus/derivatives.py -> build/bdist.linux-x86_64/egg/modulus
creating build/bdist.linux-x86_64/egg/modulus/vpinn_utils
copying build/lib/modulus/vpinn_utils/__init__.py -> build/bdist.linux-x86_64/egg/modulus/vpinn_utils
copying build/lib/modulus/vpinn_utils/test_functions.py -> build/bdist.linux-x86_64/egg/modulus/vpinn_utils
copying build/lib/modulus/vpinn_utils/integral.py -> build/bdist.linux-x86_64/egg/modulus/vpinn_utils
copying build/lib/modulus/node.py -> build/bdist.linux-x86_64/egg/modulus
creating build/bdist.linux-x86_64/egg/modulus/continuous
creating build/bdist.linux-x86_64/egg/modulus/continuous/solvers
copying build/lib/modulus/continuous/solvers/solver.py -> build/bdist.linux-x86_64/egg/modulus/continuous/solvers
creating build/bdist.linux-x86_64/egg/modulus/continuous/domain
copying build/lib/modulus/continuous/domain/domain.py -> build/bdist.linux-x86_64/egg/modulus/continuous/domain
creating build/bdist.linux-x86_64/egg/modulus/continuous/constraints
copying build/lib/modulus/continuous/constraints/constraint.py -> build/bdist.linux-x86_64/egg/modulus/continuous/constraints
creating build/bdist.linux-x86_64/egg/modulus/continuous/monitor
copying build/lib/modulus/continuous/monitor/monitor.py -> build/bdist.linux-x86_64/egg/modulus/continuous/monitor
copying build/lib/modulus/continuous/__init__.py -> build/bdist.linux-x86_64/egg/modulus/continuous
creating build/bdist.linux-x86_64/egg/modulus/continuous/inferencer
copying build/lib/modulus/continuous/inferencer/inferencer.py -> build/bdist.linux-x86_64/egg/modulus/continuous/inferencer
creating build/bdist.linux-x86_64/egg/modulus/continuous/dataset
copying build/lib/modulus/continuous/dataset/dataset.py -> build/bdist.linux-x86_64/egg/modulus/continuous/dataset
creating build/bdist.linux-x86_64/egg/modulus/continuous/validator
copying build/lib/modulus/continuous/validator/validator.py -> build/bdist.linux-x86_64/egg/modulus/continuous/validator
creating build/bdist.linux-x86_64/egg/modulus/discrete
creating build/bdist.linux-x86_64/egg/modulus/discrete/solvers
copying build/lib/modulus/discrete/solvers/solver.py -> build/bdist.linux-x86_64/egg/modulus/discrete/solvers
creating build/bdist.linux-x86_64/egg/modulus/discrete/domain
copying build/lib/modulus/discrete/domain/domain.py -> build/bdist.linux-x86_64/egg/modulus/discrete/domain
creating build/bdist.linux-x86_64/egg/modulus/discrete/constraints
copying build/lib/modulus/discrete/constraints/constraint.py -> build/bdist.linux-x86_64/egg/modulus/discrete/constraints
creating build/bdist.linux-x86_64/egg/modulus/discrete/monitor
copying build/lib/modulus/discrete/monitor/monitor.py -> build/bdist.linux-x86_64/egg/modulus/discrete/monitor
copying build/lib/modulus/discrete/__init__.py -> build/bdist.linux-x86_64/egg/modulus/discrete
creating build/bdist.linux-x86_64/egg/modulus/discrete/inferencer
copying build/lib/modulus/discrete/inferencer/inferencer.py -> build/bdist.linux-x86_64/egg/modulus/discrete/inferencer
creating build/bdist.linux-x86_64/egg/modulus/discrete/dataset
copying build/lib/modulus/discrete/dataset/dataset.py -> build/bdist.linux-x86_64/egg/modulus/discrete/dataset
copying build/lib/modulus/discrete/dataset/datafile.py -> build/bdist.linux-x86_64/egg/modulus/discrete/dataset
creating build/bdist.linux-x86_64/egg/modulus/discrete/validator
copying build/lib/modulus/discrete/validator/validator.py -> build/bdist.linux-x86_64/egg/modulus/discrete/validator
creating build/bdist.linux-x86_64/egg/modulus/hydra
copying build/lib/modulus/hydra/pde.py -> build/bdist.linux-x86_64/egg/modulus/hydra
copying build/lib/modulus/hydra/help.yaml -> build/bdist.linux-x86_64/egg/modulus/hydra
copying build/lib/modulus/hydra/profiler.py -> build/bdist.linux-x86_64/egg/modulus/hydra
copying build/lib/modulus/hydra/hydra.py -> build/bdist.linux-x86_64/egg/modulus/hydra
copying build/lib/modulus/hydra/loss.py -> build/bdist.linux-x86_64/egg/modulus/hydra
copying build/lib/modulus/hydra/scheduler.py -> build/bdist.linux-x86_64/egg/modulus/hydra
copying build/lib/modulus/hydra/optimizer.py -> build/bdist.linux-x86_64/egg/modulus/hydra
copying build/lib/modulus/hydra/training.py -> build/bdist.linux-x86_64/egg/modulus/hydra
copying build/lib/modulus/hydra/arch.py -> build/bdist.linux-x86_64/egg/modulus/hydra
copying build/lib/modulus/hydra/__init__.py -> build/bdist.linux-x86_64/egg/modulus/hydra
copying build/lib/modulus/hydra/config.py -> build/bdist.linux-x86_64/egg/modulus/hydra
copying build/lib/modulus/hydra/utils.py -> build/bdist.linux-x86_64/egg/modulus/hydra
copying build/lib/modulus/hydra/metric.py -> build/bdist.linux-x86_64/egg/modulus/hydra
byte-compiling build/bdist.linux-x86_64/egg/modulus/key.py to key.cpython-39.pyc
byte-compiling build/bdist.linux-x86_64/egg/modulus/tensorboard_utils/plotter.py to plotter.cpython-39.pyc
byte-compiling build/bdist.linux-x86_64/egg/modulus/tensorboard_utils/__init__.py to __init__.cpython-39.pyc
byte-compiling build/bdist.linux-x86_64/egg/modulus/PDES/signed_distance_function.py to signed_distance_function.cpython-39.pyc
byte-compiling build/bdist.linux-x86_64/egg/modulus/PDES/diffusion.py to diffusion.cpython-39.pyc
byte-compiling build/bdist.linux-x86_64/egg/modulus/PDES/navier_stokes.py to navier_stokes.cpython-39.pyc
byte-compiling build/bdist.linux-x86_64/egg/modulus/PDES/electromagnetic.py to electromagnetic.cpython-39.pyc
byte-compiling build/bdist.linux-x86_64/egg/modulus/PDES/energy_equation.py to energy_equation.cpython-39.pyc
byte-compiling build/bdist.linux-x86_64/egg/modulus/PDES/advection_diffusion.py to advection_diffusion.cpython-39.pyc
byte-compiling build/bdist.linux-x86_64/egg/modulus/PDES/__init__.py to __init__.cpython-39.pyc
byte-compiling build/bdist.linux-x86_64/egg/modulus/PDES/basic.py to basic.cpython-39.pyc
byte-compiling build/bdist.linux-x86_64/egg/modulus/PDES/wave_equation.py to wave_equation.cpython-39.pyc
byte-compiling build/bdist.linux-x86_64/egg/modulus/PDES/turbulence_zero_eq.py to turbulence_zero_eq.cpython-39.pyc
byte-compiling build/bdist.linux-x86_64/egg/modulus/PDES/linear_elasticity.py to linear_elasticity.cpython-39.pyc
byte-compiling build/bdist.linux-x86_64/egg/modulus/geometry/csg/csg_1d.py to csg_1d.cpython-39.pyc
byte-compiling build/bdist.linux-x86_64/egg/modulus/geometry/csg/csg_2d.py to csg_2d.cpython-39.pyc
byte-compiling build/bdist.linux-x86_64/egg/modulus/geometry/csg/adf.py to adf.cpython-39.pyc
byte-compiling build/bdist.linux-x86_64/egg/modulus/geometry/csg/__init__.py to __init__.cpython-39.pyc
byte-compiling build/bdist.linux-x86_64/egg/modulus/geometry/csg/csg.py to csg.cpython-39.pyc
byte-compiling build/bdist.linux-x86_64/egg/modulus/geometry/csg/csg_3d.py to csg_3d.cpython-39.pyc
byte-compiling build/bdist.linux-x86_64/egg/modulus/geometry/csg/curves.py to curves.cpython-39.pyc
byte-compiling build/bdist.linux-x86_64/egg/modulus/geometry/geometry.py to geometry.cpython-39.pyc
byte-compiling build/bdist.linux-x86_64/egg/modulus/geometry/__init__.py to __init__.cpython-39.pyc
byte-compiling build/bdist.linux-x86_64/egg/modulus/geometry/tessellation/tessellation.py to tessellation.cpython-39.pyc
byte-compiling build/bdist.linux-x86_64/egg/modulus/pdes.py to pdes.cpython-39.pyc
byte-compiling build/bdist.linux-x86_64/egg/modulus/tests/test_interpolation.py to test_interpolation.cpython-39.pyc
byte-compiling build/bdist.linux-x86_64/egg/modulus/tests/test_importance_sampling.py to test_importance_sampling.cpython-39.pyc
byte-compiling build/bdist.linux-x86_64/egg/modulus/tests/test_derivatives.py to test_derivatives.cpython-39.pyc
byte-compiling build/bdist.linux-x86_64/egg/modulus/tests/test_grid_constraint.py to test_grid_constraint.cpython-39.pyc
byte-compiling build/bdist.linux-x86_64/egg/modulus/tests/test_integral_constraint.py to test_integral_constraint.cpython-39.pyc
byte-compiling build/bdist.linux-x86_64/egg/modulus/tests/test_tesselated_geometry.py to test_tesselated_geometry.cpython-39.pyc
byte-compiling build/bdist.linux-x86_64/egg/modulus/tests/test_sympy_printer.py to test_sympy_printer.cpython-39.pyc
byte-compiling build/bdist.linux-x86_64/egg/modulus/tests/test_point_constraint.py to test_point_constraint.cpython-39.pyc
byte-compiling build/bdist.linux-x86_64/egg/modulus/tests/__init__.py to __init__.cpython-39.pyc
byte-compiling build/bdist.linux-x86_64/egg/modulus/tests/test_graph.py to test_graph.cpython-39.pyc
byte-compiling build/bdist.linux-x86_64/egg/modulus/tests/test_sympy_node.py to test_sympy_node.cpython-39.pyc
byte-compiling build/bdist.linux-x86_64/egg/modulus/csv_utils/csv_rw.py to csv_rw.cpython-39.pyc
byte-compiling build/bdist.linux-x86_64/egg/modulus/csv_utils/__init__.py to __init__.cpython-39.pyc
byte-compiling build/bdist.linux-x86_64/egg/modulus/sympy_utils/numpy_printer.py to numpy_printer.cpython-39.pyc
byte-compiling build/bdist.linux-x86_64/egg/modulus/sympy_utils/functions.py to functions.cpython-39.pyc
byte-compiling build/bdist.linux-x86_64/egg/modulus/sympy_utils/torch_printer.py to torch_printer.cpython-39.pyc
byte-compiling build/bdist.linux-x86_64/egg/modulus/sympy_utils/__init__.py to __init__.cpython-39.pyc
byte-compiling build/bdist.linux-x86_64/egg/modulus/graph.py to graph.cpython-39.pyc
byte-compiling build/bdist.linux-x86_64/egg/modulus/plot_utils/field.py to field.cpython-39.pyc
byte-compiling build/bdist.linux-x86_64/egg/modulus/plot_utils/vtk.py to vtk.cpython-39.pyc
byte-compiling build/bdist.linux-x86_64/egg/modulus/plot_utils/time_series.py to time_series.cpython-39.pyc
byte-compiling build/bdist.linux-x86_64/egg/modulus/plot_utils/__init__.py to __init__.cpython-39.pyc
byte-compiling build/bdist.linux-x86_64/egg/modulus/trainer.py to trainer.cpython-39.pyc
byte-compiling build/bdist.linux-x86_64/egg/modulus/distributed/manager.py to manager.cpython-39.pyc
byte-compiling build/bdist.linux-x86_64/egg/modulus/distributed/__init__.py to __init__.cpython-39.pyc
byte-compiling build/bdist.linux-x86_64/egg/modulus/distributed/utils.py to utils.cpython-39.pyc
byte-compiling build/bdist.linux-x86_64/egg/modulus/loss.py to loss.cpython-39.pyc
byte-compiling build/bdist.linux-x86_64/egg/modulus/constants.py to constants.cpython-39.pyc
byte-compiling build/bdist.linux-x86_64/egg/modulus/architecture/highway_fourier_net.py to highway_fourier_net.cpython-39.pyc
byte-compiling build/bdist.linux-x86_64/egg/modulus/architecture/afno.py to afno.cpython-39.pyc
byte-compiling build/bdist.linux-x86_64/egg/modulus/architecture/moving_time_window.py to moving_time_window.cpython-39.pyc
byte-compiling build/bdist.linux-x86_64/egg/modulus/architecture/deeponet.py to deeponet.cpython-39.pyc
byte-compiling build/bdist.linux-x86_64/egg/modulus/architecture/hash_encoding_net.py to hash_encoding_net.cpython-39.pyc
byte-compiling build/bdist.linux-x86_64/egg/modulus/architecture/pix2pix.py to pix2pix.cpython-39.pyc
byte-compiling build/bdist.linux-x86_64/egg/modulus/architecture/multiplicative_filter_net.py to multiplicative_filter_net.cpython-39.pyc
byte-compiling build/bdist.linux-x86_64/egg/modulus/architecture/super_res_net.py to super_res_net.cpython-39.pyc
byte-compiling build/bdist.linux-x86_64/egg/modulus/architecture/multiscale_fourier_net.py to multiscale_fourier_net.cpython-39.pyc
byte-compiling build/bdist.linux-x86_64/egg/modulus/architecture/fully_connected.py to fully_connected.cpython-39.pyc
byte-compiling build/bdist.linux-x86_64/egg/modulus/architecture/fourier_net.py to fourier_net.cpython-39.pyc
byte-compiling build/bdist.linux-x86_64/egg/modulus/architecture/modified_fourier_net.py to modified_fourier_net.cpython-39.pyc
byte-compiling build/bdist.linux-x86_64/egg/modulus/architecture/fno.py to fno.cpython-39.pyc
byte-compiling build/bdist.linux-x86_64/egg/modulus/architecture/__init__.py to __init__.cpython-39.pyc
byte-compiling build/bdist.linux-x86_64/egg/modulus/architecture/dgm.py to dgm.cpython-39.pyc
byte-compiling build/bdist.linux-x86_64/egg/modulus/architecture/layers.py to layers.cpython-39.pyc
byte-compiling build/bdist.linux-x86_64/egg/modulus/architecture/interpolation.py to interpolation.cpython-39.pyc
byte-compiling build/bdist.linux-x86_64/egg/modulus/architecture/radial_basis.py to radial_basis.cpython-39.pyc
byte-compiling build/bdist.linux-x86_64/egg/modulus/architecture/siren.py to siren.cpython-39.pyc
byte-compiling build/bdist.linux-x86_64/egg/modulus/aggregator.py to aggregator.cpython-39.pyc
byte-compiling build/bdist.linux-x86_64/egg/modulus/arch.py to arch.cpython-39.pyc
byte-compiling build/bdist.linux-x86_64/egg/modulus/constraint.py to constraint.cpython-39.pyc
byte-compiling build/bdist.linux-x86_64/egg/modulus/__init__.py to __init__.cpython-39.pyc
byte-compiling build/bdist.linux-x86_64/egg/modulus/derivatives.py to derivatives.cpython-39.pyc
byte-compiling build/bdist.linux-x86_64/egg/modulus/vpinn_utils/__init__.py to __init__.cpython-39.pyc
byte-compiling build/bdist.linux-x86_64/egg/modulus/vpinn_utils/test_functions.py to test_functions.cpython-39.pyc
byte-compiling build/bdist.linux-x86_64/egg/modulus/vpinn_utils/integral.py to integral.cpython-39.pyc
byte-compiling build/bdist.linux-x86_64/egg/modulus/node.py to node.cpython-39.pyc
byte-compiling build/bdist.linux-x86_64/egg/modulus/continuous/solvers/solver.py to solver.cpython-39.pyc
byte-compiling build/bdist.linux-x86_64/egg/modulus/continuous/domain/domain.py to domain.cpython-39.pyc
byte-compiling build/bdist.linux-x86_64/egg/modulus/continuous/constraints/constraint.py to constraint.cpython-39.pyc
byte-compiling build/bdist.linux-x86_64/egg/modulus/continuous/monitor/monitor.py to monitor.cpython-39.pyc
byte-compiling build/bdist.linux-x86_64/egg/modulus/continuous/__init__.py to __init__.cpython-39.pyc
byte-compiling build/bdist.linux-x86_64/egg/modulus/continuous/inferencer/inferencer.py to inferencer.cpython-39.pyc
byte-compiling build/bdist.linux-x86_64/egg/modulus/continuous/dataset/dataset.py to dataset.cpython-39.pyc
byte-compiling build/bdist.linux-x86_64/egg/modulus/continuous/validator/validator.py to validator.cpython-39.pyc
byte-compiling build/bdist.linux-x86_64/egg/modulus/discrete/solvers/solver.py to solver.cpython-39.pyc
byte-compiling build/bdist.linux-x86_64/egg/modulus/discrete/domain/domain.py to domain.cpython-39.pyc
byte-compiling build/bdist.linux-x86_64/egg/modulus/discrete/constraints/constraint.py to constraint.cpython-39.pyc
byte-compiling build/bdist.linux-x86_64/egg/modulus/discrete/monitor/monitor.py to monitor.cpython-39.pyc
byte-compiling build/bdist.linux-x86_64/egg/modulus/discrete/__init__.py to __init__.cpython-39.pyc
byte-compiling build/bdist.linux-x86_64/egg/modulus/discrete/inferencer/inferencer.py to inferencer.cpython-39.pyc
byte-compiling build/bdist.linux-x86_64/egg/modulus/discrete/dataset/dataset.py to dataset.cpython-39.pyc
byte-compiling build/bdist.linux-x86_64/egg/modulus/discrete/dataset/datafile.py to datafile.cpython-39.pyc
byte-compiling build/bdist.linux-x86_64/egg/modulus/discrete/validator/validator.py to validator.cpython-39.pyc
byte-compiling build/bdist.linux-x86_64/egg/modulus/hydra/pde.py to pde.cpython-39.pyc
byte-compiling build/bdist.linux-x86_64/egg/modulus/hydra/profiler.py to profiler.cpython-39.pyc
byte-compiling build/bdist.linux-x86_64/egg/modulus/hydra/hydra.py to hydra.cpython-39.pyc
byte-compiling build/bdist.linux-x86_64/egg/modulus/hydra/loss.py to loss.cpython-39.pyc
byte-compiling build/bdist.linux-x86_64/egg/modulus/hydra/scheduler.py to scheduler.cpython-39.pyc
byte-compiling build/bdist.linux-x86_64/egg/modulus/hydra/optimizer.py to optimizer.cpython-39.pyc
byte-compiling build/bdist.linux-x86_64/egg/modulus/hydra/training.py to training.cpython-39.pyc
byte-compiling build/bdist.linux-x86_64/egg/modulus/hydra/arch.py to arch.cpython-39.pyc
byte-compiling build/bdist.linux-x86_64/egg/modulus/hydra/__init__.py to __init__.cpython-39.pyc
byte-compiling build/bdist.linux-x86_64/egg/modulus/hydra/config.py to config.cpython-39.pyc
byte-compiling build/bdist.linux-x86_64/egg/modulus/hydra/utils.py to utils.cpython-39.pyc
byte-compiling build/bdist.linux-x86_64/egg/modulus/hydra/metric.py to metric.cpython-39.pyc
creating build/bdist.linux-x86_64/egg/EGG-INFO
copying modulus.egg-info/PKG-INFO -> build/bdist.linux-x86_64/egg/EGG-INFO
copying modulus.egg-info/SOURCES.txt -> build/bdist.linux-x86_64/egg/EGG-INFO
copying modulus.egg-info/dependency_links.txt -> build/bdist.linux-x86_64/egg/EGG-INFO
copying modulus.egg-info/requires.txt -> build/bdist.linux-x86_64/egg/EGG-INFO
copying modulus.egg-info/top_level.txt -> build/bdist.linux-x86_64/egg/EGG-INFO
zip_safe flag not set; analyzing archive contents...
modulus.hydra.__pycache__.hydra.cpython-39: module references __file__
modulus.sympy_utils.__pycache__.numpy_printer.cpython-39: module MAY be using inspect.stack
creating 'dist/modulus-22.3-py3.9.egg' and adding 'build/bdist.linux-x86_64/egg' to it
removing 'build/bdist.linux-x86_64/egg' (and everything under it)
Processing modulus-22.3-py3.9.egg
creating /scratch/s.1915438/env/modulus/lib/python3.9/site-packages/modulus-22.3-py3.9.egg
Extracting modulus-22.3-py3.9.egg to /scratch/s.1915438/env/modulus/lib/python3.9/site-packages
Adding modulus 22.3 to easy-install.pth file

Installed /scratch/s.1915438/env/modulus/lib/python3.9/site-packages/modulus-22.3-py3.9.egg
Processing dependencies for modulus==22.3
Searching for numpy==1.21.6
Best match: numpy 1.21.6
Adding numpy 1.21.6 to easy-install.pth file
Installing f2py script to /scratch/s.1915438/env/modulus/bin
Installing f2py3 script to /scratch/s.1915438/env/modulus/bin
Installing f2py3.9 script to /scratch/s.1915438/env/modulus/bin

Using /scratch/s.1915438/env/modulus/lib/python3.9/site-packages
Finished processing dependencies for modulus==22.3
(modulus) [s.1915438@sl2 Modulus]$ cd ..
(modulus) [s.1915438@sl2 Modulus_source]$ cd ..
(modulus) [s.1915438@sl2 s.1915438]$ cd ..
(modulus) [s.1915438@sl2 scratch]$ pwd
/scratch
(modulus) [s.1915438@sl2 scratch]$ cd s
-bash: cd: s: No such file or directory
(modulus) [s.1915438@sl2 scratch]$ cd s.1915438
(modulus) [s.1915438@sl2 s.1915438]$ ls
ansys195  env  jupyter_log  jupyter.sh  modulus  Modulus_examples  Modulus_source
(modulus) [s.1915438@sl2 s.1915438]$ cd env/
(modulus) [s.1915438@sl2 env]$ ls
modulus
(modulus) [s.1915438@sl2 env]$ cd modulus/
(modulus) [s.1915438@sl2 modulus]$ ls
bin  include  lib  lib64  pyvenv.cfg  share
(modulus) [s.1915438@sl2 modulus]$ cd lib
(modulus) [s.1915438@sl2 lib]$ ls
python3.9
(modulus) [s.1915438@sl2 lib]$ cd python3.9/
(modulus) [s.1915438@sl2 python3.9]$ cd /scratch/s.1915438
(modulus) [s.1915438@sl2 s.1915438]$ ls
ansys195  env  jupyter_log  jupyter.sh  modulus  Modulus_examples  Modulus_source
(modulus) [s.1915438@sl2 s.1915438]$ cd Modulus_examples/
(modulus) [s.1915438@sl2 Modulus_examples]$ cd examples/
(modulus) [s.1915438@sl2 examples]$ ls
aneurysm      anti_derivative  chip_2d   darcy                   fpga            helmholtz  limerock         plane_displacement  seismic_wave      surface_pde   three_fin_2d  turbulent_channel  waveguide
annular_ring  bracket          cylinder  discontinuous_galerkin  fuselage_panel  ldc        ode_spring_mass  README.md           super_resolution  taylor_green  three_fin_3d  wave_equation
(modulus) [s.1915438@sl2 examples]$ cd ..
(modulus) [s.1915438@sl2 Modulus_examples]$ cd ..
(modulus) [s.1915438@sl2 s.1915438]$ ls
ansys195  env  jupyter_log  jupyter.sh  modulus  Modulus_examples  Modulus_source
(modulus) [s.1915438@sl2 s.1915438]$ Cd Modulus_source/
-bash: Cd: command not found
(modulus) [s.1915438@sl2 s.1915438]$ cd 
(modulus) [s.1915438@sl2 ~]$ cd 
(modulus) [s.1915438@sl2 ~]$ cd 
(modulus) [s.1915438@sl2 ~]$ cd 
2D_baseline_PINN/        .bashrc                  .dbus/                   .ipynb_checkpoints/      jupyter-modulus.sh       .mozilla/                .pki/                    .vnc/
.anaconda/               .cache/                  .deepxde/                ipynb_try/               jupyter.sh               Neural_SINDy/            .python_history          .vscode-server/
.ansys/                  .conda/                  deepxde_try/             .ipython/                .keras/                  .nv/                     pytorch_gpu_check/       .Xauthority
.bash_history            conda-bld/               .esd_auth                .java/                   .local/                  .oracle_jre_usage/       smi_try/                 
.bash_logout             .condarc                 garbage_don't delete/    .jupyter/                .matlab/                 Paper data regeneration/ .ssh/                    
.bash_profile            .config/                 .ICEauthority            jupyter_log/             modulus/                 parallel_gpu/            test/                    
(modulus) [s.1915438@sl2 ~]$ cd 
2D_baseline_PINN/        .bashrc                  .dbus/                   .ipynb_checkpoints/      jupyter-modulus.sh       .mozilla/                .pki/                    .vnc/
.anaconda/               .cache/                  .deepxde/                ipynb_try/               jupyter.sh               Neural_SINDy/            .python_history          .vscode-server/
.ansys/                  .conda/                  deepxde_try/             .ipython/                .keras/                  .nv/                     pytorch_gpu_check/       .Xauthority
.bash_history            conda-bld/               .esd_auth                .java/                   .local/                  .oracle_jre_usage/       smi_try/                 
.bash_logout             .condarc                 garbage_don't delete/    .jupyter/                .matlab/                 Paper data regeneration/ .ssh/                    
.bash_profile            .config/                 .ICEauthority            jupyter_log/             modulus/                 parallel_gpu/            test/                    
(modulus) [s.1915438@sl2 ~]$ cd pwd
-bash: cd: pwd: No such file or directory
(modulus) [s.1915438@sl2 ~]$ pwd
/home/s.1915438
(modulus) [s.1915438@sl2 ~]$ cd /scratch/s.1915438
(modulus) [s.1915438@sl2 s.1915438]$ cd Modulus_source/
(modulus) [s.1915438@sl2 Modulus_source]$ cd Modulus/
(modulus) [s.1915438@sl2 Modulus]$ ls
accompanying_licences  build  changelog_tensorflow.md  dist  Dockerfile  external  MANIFEST.in  modulus  modulus.egg-info  NVIDIA-OptiX-SDK-7.0.0-linux64.sh  README.md  requirements.txt  setup.cfg  setup.py
(modulus) [s.1915438@sl2 Modulus]$ cd external/
(modulus) [s.1915438@sl2 external]$ cd pysdf/
(modulus) [s.1915438@sl2 pysdf]$ ls
build  dist  environment.yml  include  pysdf  pysdf.egg-info  setup.py
(modulus) [s.1915438@sl2 pysdf]$ cd ..
(modulus) [s.1915438@sl2 external]$ cd ..
(modulus) [s.1915438@sl2 Modulus]$ pwd
/scratch/s.1915438/Modulus_source/Modulus
(modulus) [s.1915438@sl2 Modulus]$ ls
accompanying_licences  build  changelog_tensorflow.md  dist  Dockerfile  external  MANIFEST.in  modulus  modulus.egg-info  NVIDIA-OptiX-SDK-7.0.0-linux64.sh  README.md  requirements.txt  setup.cfg  setup.py
(modulus) [s.1915438@sl2 Modulus]$ cd ..
(modulus) [s.1915438@sl2 Modulus_source]$ pwd
/scratch/s.1915438/Modulus_source
(modulus) [s.1915438@sl2 Modulus_source]$ ls
Modulus
(modulus) [s.1915438@sl2 Modulus_source]$ export LD_LIBRARY_PATH=$(pwd)/Modulus/external/pysdf/build/:${LD_LIBRARY_PATH}
(modulus) [s.1915438@sl2 Modulus_source]$ cd $(pwd)/Modulus/external/pysdf/build/
(modulus) [s.1915438@sl2 build]$ ls
bdist.linux-x86_64  lib.linux-x86_64-3.9  libsdf.so  temp.linux-x86_64-3.9
(modulus) [s.1915438@sl2 build]$ cd ..
(modulus) [s.1915438@sl2 pysdf]$ ls
build  dist  environment.yml  include  pysdf  pysdf.egg-info  setup.py
(modulus) [s.1915438@sl2 pysdf]$ pwd
/scratch/s.1915438/Modulus_source/Modulus/external/pysdf
(modulus) [s.1915438@sl2 pysdf]$ python setup.py install
Compiling pysdf/sdf.pyx because it depends on /scratch/s.1915438/env/modulus/lib/python3.9/site-packages/Cython/Includes/libc/string.pxd.
[1/1] Cythonizing pysdf/sdf.pyx
/scratch/s.1915438/env/modulus/lib/python3.9/site-packages/Cython/Compiler/Main.py:369: FutureWarning: Cython directive 'language_level' not set, using 2 for now (Py2). This will change in a later release! File: /scratch/s.1915438/Modulus_source/Modulus/external/pysdf/pysdf/sdf.pyx
  tree = Parsing.p_module(s, pxd, full_module_name)
running install
running bdist_egg
running egg_info
writing pysdf.egg-info/PKG-INFO
writing dependency_links to pysdf.egg-info/dependency_links.txt
writing top-level names to pysdf.egg-info/top_level.txt
reading manifest file 'pysdf.egg-info/SOURCES.txt'
writing manifest file 'pysdf.egg-info/SOURCES.txt'
installing library code to build/bdist.linux-x86_64/egg
running install_lib
running build_ext
building 'pysdf.sdf' extension
gcc -pthread -B /scratch/s.1915438/modulus/compiler_compat -Wno-unused-result -Wsign-compare -DNDEBUG -O2 -Wall -fPIC -O2 -isystem /scratch/s.1915438/modulus/include -I/scratch/s.1915438/modulus/include -fPIC -O2 -isystem /scratch/s.1915438/modulus/include -fPIC -Iinclude -I/scratch/s.1915438/env/modulus/lib/python3.9/site-packages/numpy/core/include -I/scratch/s.1915438/env/modulus/include -I/scratch/s.1915438/modulus/include/python3.9 -c pysdf/sdf.c -o build/temp.linux-x86_64-3.9/pysdf/sdf.o
In file included from /scratch/s.1915438/env/modulus/lib/python3.9/site-packages/numpy/core/include/numpy/ndarraytypes.h:1969:0,
                 from /scratch/s.1915438/env/modulus/lib/python3.9/site-packages/numpy/core/include/numpy/ndarrayobject.h:12,
                 from /scratch/s.1915438/env/modulus/lib/python3.9/site-packages/numpy/core/include/numpy/arrayobject.h:4,
                 from pysdf/sdf.c:717:
/scratch/s.1915438/env/modulus/lib/python3.9/site-packages/numpy/core/include/numpy/npy_1_7_deprecated_api.h:17:2: warning: #warning "Using deprecated NumPy API, disable it with " "#define NPY_NO_DEPRECATED_API NPY_1_7_API_VERSION" [-Wcpp]
 #warning "Using deprecated NumPy API, disable it with " \
  ^
gcc -pthread -B /scratch/s.1915438/modulus/compiler_compat -shared -Wl,-rpath,/scratch/s.1915438/modulus/lib -Wl,-rpath-link,/scratch/s.1915438/modulus/lib -L/scratch/s.1915438/modulus/lib -L/scratch/s.1915438/modulus/lib -Wl,-rpath,/scratch/s.1915438/modulus/lib -Wl,-rpath-link,/scratch/s.1915438/modulus/lib -L/scratch/s.1915438/modulus/lib build/temp.linux-x86_64-3.9/pysdf/sdf.o -Lbuild -lsdf -o build/lib.linux-x86_64-3.9/pysdf/sdf.cpython-39-x86_64-linux-gnu.so
creating build/bdist.linux-x86_64/egg
creating build/bdist.linux-x86_64/egg/pysdf
copying build/lib.linux-x86_64-3.9/pysdf/sdf.cpython-39-x86_64-linux-gnu.so -> build/bdist.linux-x86_64/egg/pysdf
creating stub loader for pysdf/sdf.cpython-39-x86_64-linux-gnu.so
byte-compiling build/bdist.linux-x86_64/egg/pysdf/sdf.py to sdf.cpython-39.pyc
creating build/bdist.linux-x86_64/egg/EGG-INFO
copying pysdf.egg-info/PKG-INFO -> build/bdist.linux-x86_64/egg/EGG-INFO
copying pysdf.egg-info/SOURCES.txt -> build/bdist.linux-x86_64/egg/EGG-INFO
copying pysdf.egg-info/dependency_links.txt -> build/bdist.linux-x86_64/egg/EGG-INFO
copying pysdf.egg-info/top_level.txt -> build/bdist.linux-x86_64/egg/EGG-INFO
writing build/bdist.linux-x86_64/egg/EGG-INFO/native_libs.txt
zip_safe flag not set; analyzing archive contents...
pysdf.__pycache__.sdf.cpython-39: module references __file__
creating 'dist/pysdf-0.1-py3.9-linux-x86_64.egg' and adding 'build/bdist.linux-x86_64/egg' to it
removing 'build/bdist.linux-x86_64/egg' (and everything under it)
Processing pysdf-0.1-py3.9-linux-x86_64.egg
creating /scratch/s.1915438/env/modulus/lib/python3.9/site-packages/pysdf-0.1-py3.9-linux-x86_64.egg
Extracting pysdf-0.1-py3.9-linux-x86_64.egg to /scratch/s.1915438/env/modulus/lib/python3.9/site-packages
Adding pysdf 0.1 to easy-install.pth file

Installed /scratch/s.1915438/env/modulus/lib/python3.9/site-packages/pysdf-0.1-py3.9-linux-x86_64.egg
Processing dependencies for pysdf==0.1
Finished processing dependencies for pysdf==0.1
(modulus) [s.1915438@sl2 pysdf]$ cd ..
(modulus) [s.1915438@sl2 external]$ cd ..
(modulus) [s.1915438@sl2 Modulus]$ ls
accompanying_licences  build  changelog_tensorflow.md  dist  Dockerfile  external  MANIFEST.in  modulus  modulus.egg-info  NVIDIA-OptiX-SDK-7.0.0-linux64.sh  README.md  requirements.txt  setup.cfg  setup.py
(modulus) [s.1915438@sl2 Modulus]$ cd ..
(modulus) [s.1915438@sl2 Modulus_source]$ cd ..
(modulus) [s.1915438@sl2 s.1915438]$ ls
ansys195  env  jupyter_log  jupyter.sh  modulus  Modulus_examples  Modulus_source
(modulus) [s.1915438@sl2 s.1915438]$ jupyter-lab
-bash: jupyter-lab: command not found
(modulus) [s.1915438@sl2 s.1915438]$ pip install jupyterlab
Collecting jupyterlab
  Downloading jupyterlab-3.3.4-py3-none-any.whl (8.7 MB)
     â”â”â”â”â”â”â”â”â”â”â”â”â”â”â”â”â”â”â”â”â”â”â”â”â”â”â”â”â”â”â”â”â”â”â”â”â”â”â”â” 8.7/8.7 MB 77.0 MB/s eta 0:00:00
Collecting jinja2>=2.1
  Downloading Jinja2-3.1.1-py3-none-any.whl (132 kB)
     â”â”â”â”â”â”â”â”â”â”â”â”â”â”â”â”â”â”â”â”â”â”â”â”â”â”â”â”â”â”â”â”â”â”â”â”â”â”â”â” 132.6/132.6 KB 16.8 MB/s eta 0:00:00
Collecting tornado>=6.1.0
  Using cached tornado-6.1-cp39-cp39-manylinux2010_x86_64.whl (427 kB)
Collecting jupyterlab-server~=2.10
  Downloading jupyterlab_server-2.12.0-py3-none-any.whl (53 kB)
     â”â”â”â”â”â”â”â”â”â”â”â”â”â”â”â”â”â”â”â”â”â”â”â”â”â”â”â”â”â”â”â”â”â”â”â”â”â”â”â” 53.5/53.5 KB 6.0 MB/s eta 0:00:00
Collecting ipython
  Downloading ipython-8.2.0-py3-none-any.whl (750 kB)
     â”â”â”â”â”â”â”â”â”â”â”â”â”â”â”â”â”â”â”â”â”â”â”â”â”â”â”â”â”â”â”â”â”â”â”â”â”â”â”â” 750.7/750.7 KB 39.1 MB/s eta 0:00:00
Collecting jupyter-core
  Using cached jupyter_core-4.9.2-py3-none-any.whl (86 kB)
Collecting jupyter-server~=1.4
  Downloading jupyter_server-1.16.0-py3-none-any.whl (343 kB)
     â”â”â”â”â”â”â”â”â”â”â”â”â”â”â”â”â”â”â”â”â”â”â”â”â”â”â”â”â”â”â”â”â”â”â”â”â”â”â”â” 343.1/343.1 KB 35.1 MB/s eta 0:00:00
Requirement already satisfied: packaging in ./env/modulus/lib/python3.9/site-packages (from jupyterlab) (21.3)
Collecting nbclassic~=0.2
  Using cached nbclassic-0.3.7-py3-none-any.whl (13 kB)
Collecting MarkupSafe>=2.0
  Using cached MarkupSafe-2.1.1-cp39-cp39-manylinux_2_17_x86_64.manylinux2014_x86_64.whl (25 kB)
Collecting nbconvert>=6.4.4
  Downloading nbconvert-6.5.0-py3-none-any.whl (561 kB)
     â”â”â”â”â”â”â”â”â”â”â”â”â”â”â”â”â”â”â”â”â”â”â”â”â”â”â”â”â”â”â”â”â”â”â”â”â”â”â”â” 561.6/561.6 KB 47.5 MB/s eta 0:00:00
Collecting jupyter-client>=6.1.12
  Downloading jupyter_client-7.2.2-py3-none-any.whl (130 kB)
     â”â”â”â”â”â”â”â”â”â”â”â”â”â”â”â”â”â”â”â”â”â”â”â”â”â”â”â”â”â”â”â”â”â”â”â”â”â”â”â” 130.6/130.6 KB 16.9 MB/s eta 0:00:00
Collecting anyio>=3.1.0
  Using cached anyio-3.5.0-py3-none-any.whl (79 kB)
Collecting prometheus-client
  Downloading prometheus_client-0.14.1-py3-none-any.whl (59 kB)
     â”â”â”â”â”â”â”â”â”â”â”â”â”â”â”â”â”â”â”â”â”â”â”â”â”â”â”â”â”â”â”â”â”â”â”â”â”â”â”â” 59.5/59.5 KB 8.2 MB/s eta 0:00:00
Collecting websocket-client
  Downloading websocket_client-1.3.2-py3-none-any.whl (54 kB)
     â”â”â”â”â”â”â”â”â”â”â”â”â”â”â”â”â”â”â”â”â”â”â”â”â”â”â”â”â”â”â”â”â”â”â”â”â”â”â”â” 54.3/54.3 KB 3.4 MB/s eta 0:00:00
Collecting argon2-cffi
  Using cached argon2_cffi-21.3.0-py3-none-any.whl (14 kB)
Collecting Send2Trash
  Using cached Send2Trash-1.8.0-py3-none-any.whl (18 kB)
Collecting nbformat>=5.2.0
  Downloading nbformat-5.3.0-py3-none-any.whl (73 kB)
     â”â”â”â”â”â”â”â”â”â”â”â”â”â”â”â”â”â”â”â”â”â”â”â”â”â”â”â”â”â”â”â”â”â”â”â”â”â”â”â” 73.2/73.2 KB 8.7 MB/s eta 0:00:00
Collecting traitlets>=5.1.0
  Using cached traitlets-5.1.1-py3-none-any.whl (102 kB)
Collecting terminado>=0.8.3
  Using cached terminado-0.13.3-py3-none-any.whl (14 kB)
Collecting pyzmq>=17
  Using cached pyzmq-22.3.0-cp39-cp39-manylinux_2_12_x86_64.manylinux2010_x86_64.whl (1.1 MB)
Collecting jsonschema>=3.0.1
  Using cached jsonschema-4.4.0-py3-none-any.whl (72 kB)
Requirement already satisfied: requests in ./env/modulus/lib/python3.9/site-packages (from jupyterlab-server~=2.10->jupyterlab) (2.27.1)
Collecting json5
  Using cached json5-0.9.6-py2.py3-none-any.whl (18 kB)
Collecting babel
  Using cached Babel-2.9.1-py2.py3-none-any.whl (8.8 MB)
Collecting entrypoints>=0.2.2
  Using cached entrypoints-0.4-py3-none-any.whl (5.3 kB)
Collecting notebook<7
  Using cached notebook-6.4.10-py3-none-any.whl (9.9 MB)
Collecting notebook-shim>=0.1.0
  Using cached notebook_shim-0.1.0-py3-none-any.whl (13 kB)
Collecting pexpect>4.3
  Using cached pexpect-4.8.0-py2.py3-none-any.whl (59 kB)
Collecting backcall
  Using cached backcall-0.2.0-py2.py3-none-any.whl (11 kB)
Collecting pickleshare
  Using cached pickleshare-0.7.5-py2.py3-none-any.whl (6.9 kB)
Collecting matplotlib-inline
  Using cached matplotlib_inline-0.1.3-py3-none-any.whl (8.2 kB)
Collecting decorator
  Using cached decorator-5.1.1-py3-none-any.whl (9.1 kB)
Collecting stack-data
  Using cached stack_data-0.2.0-py3-none-any.whl (21 kB)
Collecting jedi>=0.16
  Using cached jedi-0.18.1-py2.py3-none-any.whl (1.6 MB)
Requirement already satisfied: setuptools>=18.5 in ./env/modulus/lib/python3.9/site-packages (from ipython->jupyterlab) (58.1.0)
Collecting prompt-toolkit!=3.0.0,!=3.0.1,<3.1.0,>=2.0.0
  Downloading prompt_toolkit-3.0.29-py3-none-any.whl (381 kB)
     â”â”â”â”â”â”â”â”â”â”â”â”â”â”â”â”â”â”â”â”â”â”â”â”â”â”â”â”â”â”â”â”â”â”â”â”â”â”â”â” 381.5/381.5 KB 24.2 MB/s eta 0:00:00
Requirement already satisfied: pygments>=2.4.0 in ./env/modulus/lib/python3.9/site-packages (from ipython->jupyterlab) (2.11.2)
Requirement already satisfied: pyparsing!=3.0.5,>=2.0.2 in ./env/modulus/lib/python3.9/site-packages (from packaging->jupyterlab) (3.0.8)
Collecting sniffio>=1.1
  Using cached sniffio-1.2.0-py3-none-any.whl (10 kB)
Requirement already satisfied: idna>=2.8 in ./env/modulus/lib/python3.9/site-packages (from anyio>=3.1.0->jupyter-server~=1.4->jupyterlab) (3.3)
Collecting parso<0.9.0,>=0.8.0
  Using cached parso-0.8.3-py2.py3-none-any.whl (100 kB)
Requirement already satisfied: attrs>=17.4.0 in ./env/modulus/lib/python3.9/site-packages (from jsonschema>=3.0.1->jupyterlab-server~=2.10->jupyterlab) (21.4.0)
Collecting pyrsistent!=0.17.0,!=0.17.1,!=0.17.2,>=0.14.0
  Using cached pyrsistent-0.18.1-cp39-cp39-manylinux_2_17_x86_64.manylinux2014_x86_64.whl (115 kB)
Requirement already satisfied: python-dateutil>=2.8.2 in ./env/modulus/lib/python3.9/site-packages (from jupyter-client>=6.1.12->jupyter-server~=1.4->jupyterlab) (2.8.2)
Collecting nest-asyncio>=1.5.4
  Downloading nest_asyncio-1.5.5-py3-none-any.whl (5.2 kB)
Collecting nbclient>=0.5.0
  Downloading nbclient-0.6.0-py3-none-any.whl (70 kB)
     â”â”â”â”â”â”â”â”â”â”â”â”â”â”â”â”â”â”â”â”â”â”â”â”â”â”â”â”â”â”â”â”â”â”â”â”â”â”â”â” 70.8/70.8 KB 9.0 MB/s eta 0:00:00
Collecting pandocfilters>=1.4.1
  Using cached pandocfilters-1.5.0-py2.py3-none-any.whl (8.7 kB)
Collecting jupyterlab-pygments
  Downloading jupyterlab_pygments-0.2.2-py2.py3-none-any.whl (21 kB)
Collecting mistune<2,>=0.8.1
  Using cached mistune-0.8.4-py2.py3-none-any.whl (16 kB)
Collecting tinycss2
  Downloading tinycss2-1.1.1-py3-none-any.whl (21 kB)
Collecting bleach
  Downloading bleach-5.0.0-py3-none-any.whl (160 kB)
     â”â”â”â”â”â”â”â”â”â”â”â”â”â”â”â”â”â”â”â”â”â”â”â”â”â”â”â”â”â”â”â”â”â”â”â”â”â”â”â” 160.3/160.3 KB 18.2 MB/s eta 0:00:00
Collecting beautifulsoup4
  Downloading beautifulsoup4-4.11.1-py3-none-any.whl (128 kB)
     â”â”â”â”â”â”â”â”â”â”â”â”â”â”â”â”â”â”â”â”â”â”â”â”â”â”â”â”â”â”â”â”â”â”â”â”â”â”â”â” 128.2/128.2 KB 14.2 MB/s eta 0:00:00
Collecting defusedxml
  Using cached defusedxml-0.7.1-py2.py3-none-any.whl (25 kB)
Collecting fastjsonschema
  Downloading fastjsonschema-2.15.3-py3-none-any.whl (22 kB)
Collecting ipython-genutils
  Using cached ipython_genutils-0.2.0-py2.py3-none-any.whl (26 kB)
Collecting ipykernel
  Downloading ipykernel-6.13.0-py3-none-any.whl (131 kB)
     â”â”â”â”â”â”â”â”â”â”â”â”â”â”â”â”â”â”â”â”â”â”â”â”â”â”â”â”â”â”â”â”â”â”â”â”â”â”â”â” 131.8/131.8 KB 16.4 MB/s eta 0:00:00
Collecting ptyprocess>=0.5
  Using cached ptyprocess-0.7.0-py2.py3-none-any.whl (13 kB)
Collecting wcwidth
  Using cached wcwidth-0.2.5-py2.py3-none-any.whl (30 kB)
Collecting argon2-cffi-bindings
  Using cached argon2_cffi_bindings-21.2.0-cp36-abi3-manylinux_2_17_x86_64.manylinux2014_x86_64.whl (86 kB)
Requirement already satisfied: pytz>=2015.7 in ./env/modulus/lib/python3.9/site-packages (from babel->jupyterlab-server~=2.10->jupyterlab) (2022.1)
Requirement already satisfied: charset-normalizer~=2.0.0 in ./env/modulus/lib/python3.9/site-packages (from requests->jupyterlab-server~=2.10->jupyterlab) (2.0.12)
Requirement already satisfied: urllib3<1.27,>=1.21.1 in ./env/modulus/lib/python3.9/site-packages (from requests->jupyterlab-server~=2.10->jupyterlab) (1.26.9)
Requirement already satisfied: certifi>=2017.4.17 in ./env/modulus/lib/python3.9/site-packages (from requests->jupyterlab-server~=2.10->jupyterlab) (2021.10.8)
Collecting executing
  Using cached executing-0.8.3-py2.py3-none-any.whl (16 kB)
Collecting asttokens
  Using cached asttokens-2.0.5-py2.py3-none-any.whl (20 kB)
Collecting pure-eval
  Using cached pure_eval-0.2.2-py3-none-any.whl (11 kB)
Requirement already satisfied: six>=1.5 in ./env/modulus/lib/python3.9/site-packages (from python-dateutil>=2.8.2->jupyter-client>=6.1.12->jupyter-server~=1.4->jupyterlab) (1.16.0)
Requirement already satisfied: cffi>=1.0.1 in ./env/modulus/lib/python3.9/site-packages (from argon2-cffi-bindings->argon2-cffi->jupyter-server~=1.4->jupyterlab) (1.15.0)
Collecting soupsieve>1.2
  Downloading soupsieve-2.3.2.post1-py3-none-any.whl (37 kB)
Collecting webencodings
  Using cached webencodings-0.5.1-py2.py3-none-any.whl (11 kB)
Requirement already satisfied: psutil in ./env/modulus/lib/python3.9/site-packages (from ipykernel->notebook<7->nbclassic~=0.2->jupyterlab) (5.9.0)
Collecting debugpy>=1.0
  Downloading debugpy-1.6.0-cp39-cp39-manylinux_2_5_x86_64.manylinux1_x86_64.manylinux_2_12_x86_64.manylinux2010_x86_64.whl (1.8 MB)
     â”â”â”â”â”â”â”â”â”â”â”â”â”â”â”â”â”â”â”â”â”â”â”â”â”â”â”â”â”â”â”â”â”â”â”â”â”â”â”â” 1.8/1.8 MB 79.6 MB/s eta 0:00:00
Requirement already satisfied: pycparser in ./env/modulus/lib/python3.9/site-packages (from cffi>=1.0.1->argon2-cffi-bindings->argon2-cffi->jupyter-server~=1.4->jupyterlab) (2.21)
Installing collected packages: webencodings, wcwidth, Send2Trash, pure-eval, ptyprocess, pickleshare, mistune, json5, ipython-genutils, fastjsonschema, executing, backcall, websocket-client, traitlets, tornado, tinycss2, soupsieve, sniffio, pyzmq, pyrsistent, prompt-toolkit, prometheus-client, pexpect, parso, pandocfilters, nest-asyncio, MarkupSafe, jupyterlab-pygments, entrypoints, defusedxml, decorator, debugpy, bleach, babel, asttokens, terminado, stack-data, matplotlib-inline, jupyter-core, jsonschema, jinja2, jedi, beautifulsoup4, argon2-cffi-bindings, anyio, nbformat, jupyter-client, ipython, argon2-cffi, nbclient, ipykernel, nbconvert, notebook, jupyter-server, notebook-shim, jupyterlab-server, nbclassic, jupyterlab
Successfully installed MarkupSafe-2.1.1 Send2Trash-1.8.0 anyio-3.5.0 argon2-cffi-21.3.0 argon2-cffi-bindings-21.2.0 asttokens-2.0.5 babel-2.9.1 backcall-0.2.0 beautifulsoup4-4.11.1 bleach-5.0.0 debugpy-1.6.0 decorator-5.1.1 defusedxml-0.7.1 entrypoints-0.4 executing-0.8.3 fastjsonschema-2.15.3 ipykernel-6.13.0 ipython-8.2.0 ipython-genutils-0.2.0 jedi-0.18.1 jinja2-3.1.1 json5-0.9.6 jsonschema-4.4.0 jupyter-client-7.2.2 jupyter-core-4.9.2 jupyter-server-1.16.0 jupyterlab-3.3.4 jupyterlab-pygments-0.2.2 jupyterlab-server-2.12.0 matplotlib-inline-0.1.3 mistune-0.8.4 nbclassic-0.3.7 nbclient-0.6.0 nbconvert-6.5.0 nbformat-5.3.0 nest-asyncio-1.5.5 notebook-6.4.10 notebook-shim-0.1.0 pandocfilters-1.5.0 parso-0.8.3 pexpect-4.8.0 pickleshare-0.7.5 prometheus-client-0.14.1 prompt-toolkit-3.0.29 ptyprocess-0.7.0 pure-eval-0.2.2 pyrsistent-0.18.1 pyzmq-22.3.0 sniffio-1.2.0 soupsieve-2.3.2.post1 stack-data-0.2.0 terminado-0.13.3 tinycss2-1.1.1 tornado-6.1 traitlets-5.1.1 wcwidth-0.2.5 webencodings-0.5.1 websocket-client-1.3.2
(modulus) [s.1915438@sl2 s.1915438]$ jupyter-lab
[I 2022-04-17 14:57:15.814 ServerApp] jupyterlab | extension was successfully linked.
[I 2022-04-17 14:57:15.823 ServerApp] nbclassic | extension was successfully linked.
[I 2022-04-17 14:57:16.289 ServerApp] notebook_shim | extension was successfully linked.
[I 2022-04-17 14:57:16.316 ServerApp] notebook_shim | extension was successfully loaded.
[I 2022-04-17 14:57:16.317 LabApp] JupyterLab extension loaded from /scratch/s.1915438/env/modulus/lib/python3.9/site-packages/jupyterlab
[I 2022-04-17 14:57:16.317 LabApp] JupyterLab application directory is /scratch/s.1915438/env/modulus/share/jupyter/lab
[I 2022-04-17 14:57:16.320 ServerApp] jupyterlab | extension was successfully loaded.
[I 2022-04-17 14:57:16.327 ServerApp] nbclassic | extension was successfully loaded.
[I 2022-04-17 14:57:16.327 ServerApp] Serving notebooks from local directory: /scratch/s.1915438
[I 2022-04-17 14:57:16.327 ServerApp] Jupyter Server 1.16.0 is running at:
[I 2022-04-17 14:57:16.327 ServerApp] http://localhost:8888/lab?token=329358d8bdd3c85621ea312e96bd2d19d2e1a12ea78992e5
[I 2022-04-17 14:57:16.327 ServerApp]  or http://127.0.0.1:8888/lab?token=329358d8bdd3c85621ea312e96bd2d19d2e1a12ea78992e5
[I 2022-04-17 14:57:16.327 ServerApp] Use Control-C to stop this server and shut down all kernels (twice to skip confirmation).
[W 2022-04-17 14:57:16.334 ServerApp] No web browser found: could not locate runnable browser.
[C 2022-04-17 14:57:16.334 ServerApp] 
    
    To access the server, open this file in a browser:
        file:///lustrehome/home/s.1915438/.local/share/jupyter/runtime/jpserver-54521-open.html
    Or copy and paste one of these URLs:
        http://localhost:8888/lab?token=329358d8bdd3c85621ea312e96bd2d19d2e1a12ea78992e5
     or http://127.0.0.1:8888/lab?token=329358d8bdd3c85621ea312e96bd2d19d2e1a12ea78992e5
^C[I 2022-04-17 14:57:24.513 ServerApp] interrupted
Serving notebooks from local directory: /scratch/s.1915438
0 active kernels
Jupyter Server 1.16.0 is running at:
http://localhost:8888/lab?token=329358d8bdd3c85621ea312e96bd2d19d2e1a12ea78992e5
 or http://127.0.0.1:8888/lab?token=329358d8bdd3c85621ea312e96bd2d19d2e1a12ea78992e5
Shutdown this Jupyter server (y/[n])? y
[C 2022-04-17 14:57:26.296 ServerApp] Shutdown confirmed
[I 2022-04-17 14:57:26.297 ServerApp] Shutting down 3 extensions
[I 2022-04-17 14:57:26.298 ServerApp] Shutting down 0 kernels
[I 2022-04-17 14:57:26.298 ServerApp] Shutting down 0 terminals
(modulus) [s.1915438@sl2 s.1915438]$ cd env/modulus/bin/
(modulus) [s.1915438@sl2 bin]$ ls
activate                cygdb      futurize              jupyter                   jupyter-labextension  jupyter-run              numba       pyftmerge      pyrsa-priv2pub   send2trash   wheel
activate.csh            cython     google-oauthlib-tool  jupyter-bundlerextension  jupyter-labhub        jupyter-server           pasteurize  pyftsubset     pyrsa-sign       stl          wsdump
activate.fish           cythonize  ipython               jupyter-dejavu            jupyter-migrate       jupyter-serverextension  pip         pygmentize     pyrsa-verify     stl2ascii
Activate.ps1            f2py       ipython3              jupyter-execute           jupyter-nbclassic     jupyter-troubleshoot     pip3        pyjson5        python           stl2bin
cmark                   f2py3      isympy                jupyter-kernel            jupyter-nbconvert     jupyter-trust            pip3.9      pyrsa-decrypt  python3          tensorboard
convert-caffe2-to-onnx  f2py3.9    jlpm                  jupyter-kernelspec        jupyter-nbextension   markdown_py              pybabel     pyrsa-encrypt  python3.9        torchrun
convert-onnx-to-caffe2  fonttools  jsonschema            jupyter-lab               jupyter-notebook      normalizer               pycc        pyrsa-keygen   quadpy-optimize  ttx
(modulus) [s.1915438@sl2 bin]$ pwd
/scratch/s.1915438/env/modulus/bin
(modulus) [s.1915438@sl2 bin]$ pwd
/scratch/s.1915438/env/modulus/bin
(modulus) [s.1915438@sl2 bin]$ cd /scratch/s.1915438
(modulus) [s.1915438@sl2 s.1915438]$ ls
ansys195  env  jupyter_env.sh  jupyter_log  jupyter.sh  modulus  Modulus_examples  Modulus_source
(modulus) [s.1915438@sl2 s.1915438]$ sbatch jupyter_
jupyter_env.sh  jupyter_log/    
(modulus) [s.1915438@sl2 s.1915438]$ sbatch jupyter_env.sh 
Submitted batch job 7161836
(modulus) [s.1915438@sl2 s.1915438]$ squeue --partition=accel_ai
             JOBID PARTITION     NAME     USER ST       TIME  NODES NODELIST(REASON)
           7161836  accel_ai Nvidia-m s.191543  R       0:11      1 scs2041
           7161825  accel_ai Eval_ens   a.bip5  R      41:18      1 scs2041
(modulus) [s.1915438@sl2 s.1915438]$ ls -l jupyter_log/
total 72
-rw-rw-r--. 1 s.1915438 s.1915438 39114 Apr 17 14:01 jupyter-lab-7161823.log
-rw-rw-r--. 1 s.1915438 s.1915438 20753 Apr 17 14:25 jupyter-lab-7161824.log
-rw-rw-r--. 1 s.1915438 s.1915438  1730 Apr 17 15:00 jupyter-lab-7161836.log
(modulus) [s.1915438@sl2 s.1915438]$ cat jupyter_log/jupyter-lab-7161836.log
[I 2022-04-17 15:00:17.675 ServerApp] jupyterlab | extension was successfully linked.
[I 2022-04-17 15:00:17.688 ServerApp] nbclassic | extension was successfully linked.
[I 2022-04-17 15:00:18.539 ServerApp] notebook_shim | extension was successfully linked.
[I 2022-04-17 15:00:18.603 ServerApp] notebook_shim | extension was successfully loaded.
[I 2022-04-17 15:00:18.605 LabApp] JupyterLab extension loaded from /scratch/s.1915438/env/modulus/lib/python3.9/site-packages/jupyterlab
[I 2022-04-17 15:00:18.605 LabApp] JupyterLab application directory is /scratch/s.1915438/env/modulus/share/jupyter/lab
[I 2022-04-17 15:00:18.610 ServerApp] jupyterlab | extension was successfully loaded.
[I 2022-04-17 15:00:18.629 ServerApp] nbclassic | extension was successfully loaded.
[I 2022-04-17 15:00:18.629 ServerApp] Serving notebooks from local directory: /scratch/s.1915438
[I 2022-04-17 15:00:18.629 ServerApp] Jupyter Server 1.16.0 is running at:
[I 2022-04-17 15:00:18.630 ServerApp] http://scs2041:8888/lab?token=d6a5d59e78ad37c9c6550ae9c362348eefe0f9f452a62523
[I 2022-04-17 15:00:18.630 ServerApp]  or http://127.0.0.1:8888/lab?token=d6a5d59e78ad37c9c6550ae9c362348eefe0f9f452a62523
[I 2022-04-17 15:00:18.630 ServerApp] Use Control-C to stop this server and shut down all kernels (twice to skip confirmation).
[C 2022-04-17 15:00:18.638 ServerApp] 
    
    To access the server, open this file in a browser:
        file:///lustrehome/home/s.1915438/.local/share/jupyter/runtime/jpserver-20181-open.html
    Or copy and paste one of these URLs:
        http://scs2041:8888/lab?token=d6a5d59e78ad37c9c6550ae9c362348eefe0f9f452a62523
     or http://127.0.0.1:8888/lab?token=d6a5d59e78ad37c9c6550ae9c362348eefe0f9f452a62523
(modulus) [s.1915438@sl2 s.1915438]$ module load open
openblas/0.3.7                 opencv/3.4.5                   openmpi/gnu/ilp64/3.1.4.3      openmpi/gnu/mt/ilp64/2.0.4.12  openmpi/icc/ilp64/3.1.4.3      
opencv/3.4.1                   openmpi/gnu/3.1.4.3            openmpi/gnu/mt/2.0.4.12        openmpi/icc/3.1.4.3            
(modulus) [s.1915438@sl2 s.1915438]$ python -m easy_install 
/scratch/s.1915438/env/modulus/bin/python: No module named easy_install
(modulus) [s.1915438@sl2 s.1915438]$ cd Modulus_examples/
(modulus) [s.1915438@sl2 Modulus_examples]$ cd examples/
(modulus) [s.1915438@sl2 examples]$ cd helmholtz/
(modulus) [s.1915438@sl2 helmholtz]$ srun python helmholtz.py
srun: error: User s.1915438 did not specify project account code for this job but is a member of multiple project accounts (scw1901,scw1706,).
srun: error: Please specify project account code for this job submission using the '--account=scw0000' style argument to sbatch.
srun: error: Please access the MySCW web portal (https://my.supercomputing.wales) for full membership details.
srun: error: Unable to allocate resources: Unspecified error
(modulus) [s.1915438@sl2 helmholtz]$ salloc --nodes=1 --account=scw1901 --partition=accel_ai --gres=gpu:1
salloc: Granted job allocation 7161838
salloc: Waiting for resource configuration
salloc: Nodes scs2041 are ready for job
(modulus) [s.1915438@sl2 helmholtz]$ squeue --partition=accel_ai
             JOBID PARTITION     NAME     USER ST       TIME  NODES NODELIST(REASON)
           7161836  accel_ai Nvidia-m s.191543  R       8:37      1 scs2041
           7161838  accel_ai     bash s.191543  R       0:24      1 scs2041
           7161825  accel_ai Eval_ens   a.bip5  R      49:44      1 scs2041
(modulus) [s.1915438@sl2 helmholtz]$ srun python helmholtz.py
/scratch/s.1915438/env/modulus/lib/python3.9/site-packages/torch/cuda/__init__.py:145: UserWarning: 
NVIDIA A100-PCIE-40GB with CUDA capability sm_80 is not compatible with the current PyTorch installation.
The current PyTorch install supports CUDA capabilities sm_37 sm_50 sm_60 sm_70.
If you want to use the NVIDIA A100-PCIE-40GB GPU with PyTorch, please check the instructions at https://pytorch.org/get-started/locally/

  warnings.warn(incompatible_device_warn.format(device_name, capability, " ".join(arch_list), device_name))
training:
  max_steps: 20000
  grad_agg_freq: 1
  rec_results_freq: 1000
  rec_validation_freq: ${training.rec_results_freq}
  rec_inference_freq: ${training.rec_results_freq}
  rec_monitor_freq: ${training.rec_results_freq}
  rec_constraint_freq: 2000
  save_network_freq: 1000
  print_stats_freq: 100
  summary_freq: 1000
  amp: false
  amp_dtype: float16
  ntk:
    use_ntk: false
    save_name: null
    run_freq: 1000
profiler:
  profile: false
  start_step: 0
  end_step: 100
  name: nvtx
network_dir: .
initialization_network_dir: ''
save_filetypes: vtk
summary_histograms: false
jit: false
device: ''
debug: false
run_mode: train
arch:
  fully_connected:
    _target_: modulus.architecture.fully_connected.FullyConnectedArch
    layer_size: 512
    nr_layers: 6
    skip_connections: false
    adaptive_activations: false
    weight_norm: true
loss:
  _target_: modulus.aggregator.Sum
  weights: null
optimizer:
  _params_:
    compute_gradients: adam_compute_gradients
    apply_gradients: adam_apply_gradients
  _target_: torch.optim.Adam
  lr: 0.001
  betas:
  - 0.9
  - 0.999
  eps: 1.0e-08
  weight_decay: 0.0
  amsgrad: false
scheduler:
  _target_: custom
  _name_: tf.ExponentialLR
  decay_rate: 0.95
  decay_steps: 200
batch_size:
  wall: 800
  interior: 4000
custom: ???

[15:09:34] - attempting to restore from: outputs/helmholtz
[15:09:34] - optimizer checkpoint not found
[15:09:34] - model wave_network.pth not found
Error executing job with overrides: []
Traceback (most recent call last):
  File "/scratch/s.1915438/Modulus_examples/examples/helmholtz/helmholtz.py", line 91, in run
    slv.solve()
  File "/scratch/s.1915438/env/modulus/lib/python3.9/site-packages/modulus-22.3-py3.9.egg/modulus/continuous/solvers/solver.py", line 131, in solve
    self._train_loop()
  File "/scratch/s.1915438/env/modulus/lib/python3.9/site-packages/modulus-22.3-py3.9.egg/modulus/trainer.py", line 433, in _train_loop
    loss, losses = self.compute_gradients(
  File "/scratch/s.1915438/env/modulus/lib/python3.9/site-packages/modulus-22.3-py3.9.egg/modulus/trainer.py", line 52, in adam_compute_gradients
    losses_minibatch = self.compute_losses(step)
  File "/scratch/s.1915438/env/modulus/lib/python3.9/site-packages/modulus-22.3-py3.9.egg/modulus/continuous/solvers/solver.py", line 68, in compute_losses
    return self.domain.compute_losses(step)
  File "/scratch/s.1915438/env/modulus/lib/python3.9/site-packages/modulus-22.3-py3.9.egg/modulus/continuous/domain/domain.py", line 99, in compute_losses
    constraint_losses = constraint.loss(step)
  File "/scratch/s.1915438/env/modulus/lib/python3.9/site-packages/modulus-22.3-py3.9.egg/modulus/continuous/constraints/constraint.py", line 126, in loss
    pred_outvar = self.model(invar)
  File "/scratch/s.1915438/env/modulus/lib/python3.9/site-packages/torch/nn/modules/module.py", line 1110, in _call_impl
    return forward_call(*input, **kwargs)
  File "/scratch/s.1915438/env/modulus/lib/python3.9/site-packages/modulus-22.3-py3.9.egg/modulus/graph.py", line 147, in forward
    outvar.update(e(outvar))
  File "/scratch/s.1915438/env/modulus/lib/python3.9/site-packages/torch/nn/modules/module.py", line 1110, in _call_impl
    return forward_call(*input, **kwargs)
  File "/scratch/s.1915438/env/modulus/lib/python3.9/site-packages/modulus-22.3-py3.9.egg/modulus/architecture/fully_connected.py", line 166, in forward
    x = self.prepare_input(
  File "/scratch/s.1915438/env/modulus/lib/python3.9/site-packages/modulus-22.3-py3.9.egg/modulus/arch.py", line 137, in prepare_input
    x = (x - input_scales[key][0]) / input_scales[key][1]
RuntimeError: CUDA error: no kernel image is available for execution on the device
CUDA kernel errors might be asynchronously reported at some other API call,so the stacktrace below might be incorrect.
For debugging consider passing CUDA_LAUNCH_BLOCKING=1.

Set the environment variable HYDRA_FULL_ERROR=1 for a complete stack trace.
srun: error: scs2041: task 0: Exited with exit code 1
(modulus) [s.1915438@sl2 helmholtz]$ module load CUDA/
CUDA/10.0  CUDA/10.1  CUDA/11.2  CUDA/11.3  CUDA/11.4  CUDA/11.5  CUDA/11.6  CUDA/8.0   CUDA/9.0   CUDA/9.1   CUDA/9.2   
(modulus) [s.1915438@sl2 helmholtz]$ module load CUDA/10.2
ModuleCmd_Load.c(213):ERROR:105: Unable to locate a modulefile for 'CUDA/10.2'
(modulus) [s.1915438@sl2 helmholtz]$ module load CUDA/11.2
(modulus) [s.1915438@sl2 helmholtz]$ srun python helmholtz.py
/scratch/s.1915438/env/modulus/lib/python3.9/site-packages/torch/cuda/__init__.py:145: UserWarning: 
NVIDIA A100-PCIE-40GB with CUDA capability sm_80 is not compatible with the current PyTorch installation.
The current PyTorch install supports CUDA capabilities sm_37 sm_50 sm_60 sm_70.
If you want to use the NVIDIA A100-PCIE-40GB GPU with PyTorch, please check the instructions at https://pytorch.org/get-started/locally/

  warnings.warn(incompatible_device_warn.format(device_name, capability, " ".join(arch_list), device_name))
training:
  max_steps: 20000
  grad_agg_freq: 1
  rec_results_freq: 1000
  rec_validation_freq: ${training.rec_results_freq}
  rec_inference_freq: ${training.rec_results_freq}
  rec_monitor_freq: ${training.rec_results_freq}
  rec_constraint_freq: 2000
  save_network_freq: 1000
  print_stats_freq: 100
  summary_freq: 1000
  amp: false
  amp_dtype: float16
  ntk:
    use_ntk: false
    save_name: null
    run_freq: 1000
profiler:
  profile: false
  start_step: 0
  end_step: 100
  name: nvtx
network_dir: .
initialization_network_dir: ''
save_filetypes: vtk
summary_histograms: false
jit: false
device: ''
debug: false
run_mode: train
arch:
  fully_connected:
    _target_: modulus.architecture.fully_connected.FullyConnectedArch
    layer_size: 512
    nr_layers: 6
    skip_connections: false
    adaptive_activations: false
    weight_norm: true
loss:
  _target_: modulus.aggregator.Sum
  weights: null
optimizer:
  _params_:
    compute_gradients: adam_compute_gradients
    apply_gradients: adam_apply_gradients
  _target_: torch.optim.Adam
  lr: 0.001
  betas:
  - 0.9
  - 0.999
  eps: 1.0e-08
  weight_decay: 0.0
  amsgrad: false
scheduler:
  _target_: custom
  _name_: tf.ExponentialLR
  decay_rate: 0.95
  decay_steps: 200
batch_size:
  wall: 800
  interior: 4000
custom: ???

[15:12:45] - attempting to restore from: outputs/helmholtz
[15:12:45] - optimizer checkpoint not found
[15:12:45] - model wave_network.pth not found
Error executing job with overrides: []
Traceback (most recent call last):
  File "/scratch/s.1915438/Modulus_examples/examples/helmholtz/helmholtz.py", line 91, in run
    slv.solve()
  File "/scratch/s.1915438/env/modulus/lib/python3.9/site-packages/modulus-22.3-py3.9.egg/modulus/continuous/solvers/solver.py", line 131, in solve
    self._train_loop()
  File "/scratch/s.1915438/env/modulus/lib/python3.9/site-packages/modulus-22.3-py3.9.egg/modulus/trainer.py", line 433, in _train_loop
    loss, losses = self.compute_gradients(
  File "/scratch/s.1915438/env/modulus/lib/python3.9/site-packages/modulus-22.3-py3.9.egg/modulus/trainer.py", line 52, in adam_compute_gradients
    losses_minibatch = self.compute_losses(step)
  File "/scratch/s.1915438/env/modulus/lib/python3.9/site-packages/modulus-22.3-py3.9.egg/modulus/continuous/solvers/solver.py", line 68, in compute_losses
    return self.domain.compute_losses(step)
  File "/scratch/s.1915438/env/modulus/lib/python3.9/site-packages/modulus-22.3-py3.9.egg/modulus/continuous/domain/domain.py", line 99, in compute_losses
    constraint_losses = constraint.loss(step)
  File "/scratch/s.1915438/env/modulus/lib/python3.9/site-packages/modulus-22.3-py3.9.egg/modulus/continuous/constraints/constraint.py", line 126, in loss
    pred_outvar = self.model(invar)
  File "/scratch/s.1915438/env/modulus/lib/python3.9/site-packages/torch/nn/modules/module.py", line 1110, in _call_impl
    return forward_call(*input, **kwargs)
  File "/scratch/s.1915438/env/modulus/lib/python3.9/site-packages/modulus-22.3-py3.9.egg/modulus/graph.py", line 147, in forward
    outvar.update(e(outvar))
  File "/scratch/s.1915438/env/modulus/lib/python3.9/site-packages/torch/nn/modules/module.py", line 1110, in _call_impl
    return forward_call(*input, **kwargs)
  File "/scratch/s.1915438/env/modulus/lib/python3.9/site-packages/modulus-22.3-py3.9.egg/modulus/architecture/fully_connected.py", line 166, in forward
    x = self.prepare_input(
  File "/scratch/s.1915438/env/modulus/lib/python3.9/site-packages/modulus-22.3-py3.9.egg/modulus/arch.py", line 137, in prepare_input
    x = (x - input_scales[key][0]) / input_scales[key][1]
RuntimeError: CUDA error: no kernel image is available for execution on the device
CUDA kernel errors might be asynchronously reported at some other API call,so the stacktrace below might be incorrect.
For debugging consider passing CUDA_LAUNCH_BLOCKING=1.

Set the environment variable HYDRA_FULL_ERROR=1 for a complete stack trace.
srun: error: scs2041: task 0: Exited with exit code 1
(modulus) [s.1915438@sl2 helmholtz]$ module purge
(modulus) [s.1915438@sl2 helmholtz]$ pip3 install torch torchvision torchaudio --extra-index-url https://download.pytorch.org/whl/cu113
Looking in indexes: https://pypi.org/simple, https://download.pytorch.org/whl/cu113
Requirement already satisfied: torch in /scratch/s.1915438/env/modulus/lib/python3.9/site-packages (1.11.0)
Requirement already satisfied: torchvision in /scratch/s.1915438/env/modulus/lib/python3.9/site-packages (0.12.0)
Requirement already satisfied: torchaudio in /scratch/s.1915438/env/modulus/lib/python3.9/site-packages (0.11.0)
Requirement already satisfied: typing-extensions in /scratch/s.1915438/env/modulus/lib/python3.9/site-packages (from torch) (4.1.1)
Requirement already satisfied: requests in /scratch/s.1915438/env/modulus/lib/python3.9/site-packages (from torchvision) (2.27.1)
Requirement already satisfied: numpy in /scratch/s.1915438/env/modulus/lib/python3.9/site-packages (from torchvision) (1.21.6)
Requirement already satisfied: pillow!=8.3.*,>=5.3.0 in /scratch/s.1915438/env/modulus/lib/python3.9/site-packages (from torchvision) (9.1.0)
Requirement already satisfied: certifi>=2017.4.17 in /scratch/s.1915438/env/modulus/lib/python3.9/site-packages (from requests->torchvision) (2021.10.8)
Requirement already satisfied: urllib3<1.27,>=1.21.1 in /scratch/s.1915438/env/modulus/lib/python3.9/site-packages (from requests->torchvision) (1.26.9)
Requirement already satisfied: idna<4,>=2.5 in /scratch/s.1915438/env/modulus/lib/python3.9/site-packages (from requests->torchvision) (3.3)
Requirement already satisfied: charset-normalizer~=2.0.0 in /scratch/s.1915438/env/modulus/lib/python3.9/site-packages (from requests->torchvision) (2.0.12)
(modulus) [s.1915438@sl2 helmholtz]$ python
Python 3.9.12 (main, Apr  5 2022, 06:56:58) 
[GCC 7.5.0] :: Anaconda, Inc. on linux
Type "help", "copyright", "credits" or "license" for more information.
>>> import torch
torfc>>> torch.__version__
'1.11.0+cu102'
>>> exit()
(modulus) [s.1915438@sl2 helmholtz]$ pip uninstall torch
Found existing installation: torch 1.11.0
Uninstalling torch-1.11.0:
  Would remove:
    /scratch/s.1915438/env/modulus/bin/convert-caffe2-to-onnx
    /scratch/s.1915438/env/modulus/bin/convert-onnx-to-caffe2
    /scratch/s.1915438/env/modulus/bin/torchrun
    /scratch/s.1915438/env/modulus/lib/python3.9/site-packages/caffe2/*
    /scratch/s.1915438/env/modulus/lib/python3.9/site-packages/torch-1.11.0.dist-info/*
    /scratch/s.1915438/env/modulus/lib/python3.9/site-packages/torch/*
Proceed (Y/n)? y
  Successfully uninstalled torch-1.11.0
(modulus) [s.1915438@sl2 helmholtz]$ pip3 install torch torchvision torchaudio --extra-index-url https://download.pytorch.org/whl/cu113
Looking in indexes: https://pypi.org/simple, https://download.pytorch.org/whl/cu113
Collecting torch
  Downloading https://download.pytorch.org/whl/cu113/torch-1.11.0%2Bcu113-cp39-cp39-linux_x86_64.whl (1637.0 MB)
     â”â”â”â”â”â”â”â”â”â”â”â”â”â”â”â”â”â”â”â”â”â”â”â”â”â”â”â”â”â”â”â”â”â”â”â”â”â”â”â” 1.6/1.6 GB 606.8 kB/s eta 0:00:00
Requirement already satisfied: torchvision in /scratch/s.1915438/env/modulus/lib/python3.9/site-packages (0.12.0)
Requirement already satisfied: torchaudio in /scratch/s.1915438/env/modulus/lib/python3.9/site-packages (0.11.0)
Requirement already satisfied: typing-extensions in /scratch/s.1915438/env/modulus/lib/python3.9/site-packages (from torch) (4.1.1)
Requirement already satisfied: pillow!=8.3.*,>=5.3.0 in /scratch/s.1915438/env/modulus/lib/python3.9/site-packages (from torchvision) (9.1.0)
Requirement already satisfied: numpy in /scratch/s.1915438/env/modulus/lib/python3.9/site-packages (from torchvision) (1.21.6)
Requirement already satisfied: requests in /scratch/s.1915438/env/modulus/lib/python3.9/site-packages (from torchvision) (2.27.1)
Requirement already satisfied: charset-normalizer~=2.0.0 in /scratch/s.1915438/env/modulus/lib/python3.9/site-packages (from requests->torchvision) (2.0.12)
Requirement already satisfied: urllib3<1.27,>=1.21.1 in /scratch/s.1915438/env/modulus/lib/python3.9/site-packages (from requests->torchvision) (1.26.9)
Requirement already satisfied: certifi>=2017.4.17 in /scratch/s.1915438/env/modulus/lib/python3.9/site-packages (from requests->torchvision) (2021.10.8)
Requirement already satisfied: idna<4,>=2.5 in /scratch/s.1915438/env/modulus/lib/python3.9/site-packages (from requests->torchvision) (3.3)
Installing collected packages: torch
Successfully installed torch-1.11.0+cu113
(modulus) [s.1915438@sl2 helmholtz]$ python
Python 3.9.12 (main, Apr  5 2022, 06:56:58) 
[GCC 7.5.0] :: Anaconda, Inc. on linux
Type "help", "copyright", "credits" or "license" for more information.
>>> import torch
>>> torch.__version__
'1.11.0+cu113'
>>> exit()
(modulus) [s.1915438@sl2 helmholtz]$ module purge
(modulus) [s.1915438@sl2 helmholtz]$ python helmholtz.py
training:
  max_steps: 20000
  grad_agg_freq: 1
  rec_results_freq: 1000
  rec_validation_freq: ${training.rec_results_freq}
  rec_inference_freq: ${training.rec_results_freq}
  rec_monitor_freq: ${training.rec_results_freq}
  rec_constraint_freq: 2000
  save_network_freq: 1000
  print_stats_freq: 100
  summary_freq: 1000
  amp: false
  amp_dtype: float16
  ntk:
    use_ntk: false
    save_name: null
    run_freq: 1000
profiler:
  profile: false
  start_step: 0
  end_step: 100
  name: nvtx
network_dir: .
initialization_network_dir: ''
save_filetypes: vtk
summary_histograms: false
jit: false
device: ''
debug: false
run_mode: train
arch:
  fully_connected:
    _target_: modulus.architecture.fully_connected.FullyConnectedArch
    layer_size: 512
    nr_layers: 6
    skip_connections: false
    adaptive_activations: false
    weight_norm: true
loss:
  _target_: modulus.aggregator.Sum
  weights: null
optimizer:
  _params_:
    compute_gradients: adam_compute_gradients
    apply_gradients: adam_apply_gradients
  _target_: torch.optim.Adam
  lr: 0.001
  betas:
  - 0.9
  - 0.999
  eps: 1.0e-08
  weight_decay: 0.0
  amsgrad: false
scheduler:
  _target_: custom
  _name_: tf.ExponentialLR
  decay_rate: 0.95
  decay_steps: 200
batch_size:
  wall: 800
  interior: 4000
custom: ???

[15:19:36] - attempting to restore from: outputs/helmholtz
[15:19:36] - optimizer checkpoint not found
[15:19:36] - model wave_network.pth not found
[15:19:38] - [step:          0] record contraint batch time:  4.707e-01s
[15:19:39] - [step:          0] record validators time:  1.482e+00s
[15:19:39] - [step:          0] saved checkpoint to outputs/helmholtz
[15:19:39] - [step:          0] loss:  9.843e+03
[15:20:26] - [step:        100] loss:  1.024e+04, time/iteration:  4.658e+02ms
^CTraceback (most recent call last):
  File "/scratch/s.1915438/Modulus_examples/examples/helmholtz/helmholtz.py", line 95, in <module>
    run()
  File "/scratch/s.1915438/env/modulus/lib/python3.9/site-packages/modulus-22.3-py3.9.egg/modulus/hydra/utils.py", line 66, in func_decorated
    _run_hydra(
  File "/scratch/s.1915438/env/modulus/lib/python3.9/site-packages/hydra/_internal/utils.py", line 377, in _run_hydra
    run_and_report(
  File "/scratch/s.1915438/env/modulus/lib/python3.9/site-packages/hydra/_internal/utils.py", line 211, in run_and_report
    return func()
  File "/scratch/s.1915438/env/modulus/lib/python3.9/site-packages/hydra/_internal/utils.py", line 378, in <lambda>
    lambda: hydra.run(
  File "/scratch/s.1915438/env/modulus/lib/python3.9/site-packages/hydra/_internal/hydra.py", line 98, in run
    ret = run_job(
  File "/scratch/s.1915438/env/modulus/lib/python3.9/site-packages/hydra/core/utils.py", line 160, in run_job
    ret.return_value = task_function(task_cfg)
  File "/scratch/s.1915438/Modulus_examples/examples/helmholtz/helmholtz.py", line 91, in run
    slv.solve()
  File "/scratch/s.1915438/env/modulus/lib/python3.9/site-packages/modulus-22.3-py3.9.egg/modulus/continuous/solvers/solver.py", line 131, in solve
    self._train_loop()
  File "/scratch/s.1915438/env/modulus/lib/python3.9/site-packages/modulus-22.3-py3.9.egg/modulus/trainer.py", line 433, in _train_loop
    loss, losses = self.compute_gradients(
  File "/scratch/s.1915438/env/modulus/lib/python3.9/site-packages/modulus-22.3-py3.9.egg/modulus/trainer.py", line 59, in adam_compute_gradients
    self.scaler.scale(loss_minibatch).backward()
  File "/scratch/s.1915438/env/modulus/lib/python3.9/site-packages/torch/_tensor.py", line 363, in backward
    torch.autograd.backward(self, gradient, retain_graph, create_graph, inputs=inputs)
  File "/scratch/s.1915438/env/modulus/lib/python3.9/site-packages/torch/autograd/__init__.py", line 173, in backward
    Variable._execution_engine.run_backward(  # Calls into the C++ engine to run the backward pass
KeyboardInterrupt

(modulus) [s.1915438@sl2 helmholtz]$ exit
exit
salloc: Relinquishing job allocation 7161838
(modulus) [s.1915438@sl2 helmholtz]$ squeue --partition=accel_ai
             JOBID PARTITION     NAME     USER ST       TIME  NODES NODELIST(REASON)
           7161825  accel_ai Eval_ens   a.bip5  R    1:02:27      1 scs2041
(modulus) [s.1915438@sl2 helmholtz]$ sbatch 
^C
(modulus) [s.1915438@sl2 helmholtz]$ sbatch /scratch/s.1915438/jupyter_env.sh 
Submitted batch job 7161841
(modulus) [s.1915438@sl2 helmholtz]$ squeue --partition=accel_ai
             JOBID PARTITION     NAME     USER ST       TIME  NODES NODELIST(REASON)
           7161841  accel_ai Nvidia-m s.191543  R       0:02      1 scs2041
           7161825  accel_ai Eval_ens   a.bip5  R    1:03:29      1 scs2041
(modulus) [s.1915438@sl2 helmholtz]$ ls -l /scratch/s.1915438/jupyter_log/
total 76
-rw-rw-r--. 1 s.1915438 s.1915438 39114 Apr 17 14:01 jupyter-lab-7161823.log
-rw-rw-r--. 1 s.1915438 s.1915438 20753 Apr 17 14:25 jupyter-lab-7161824.log
-rw-rw-r--. 1 s.1915438 s.1915438  3008 Apr 17 15:21 jupyter-lab-7161836.log
-rw-rw-r--. 1 s.1915438 s.1915438  1730 Apr 17 15:22 jupyter-lab-7161841.log
(modulus) [s.1915438@sl2 helmholtz]$ cat /scratch/s.1915438/jupyter_log/jupyter-lab-7161841.log
[I 2022-04-17 15:22:36.348 ServerApp] jupyterlab | extension was successfully linked.
[I 2022-04-17 15:22:36.360 ServerApp] nbclassic | extension was successfully linked.
[I 2022-04-17 15:22:36.694 ServerApp] notebook_shim | extension was successfully linked.
[I 2022-04-17 15:22:36.729 ServerApp] notebook_shim | extension was successfully loaded.
[I 2022-04-17 15:22:36.731 LabApp] JupyterLab extension loaded from /scratch/s.1915438/env/modulus/lib/python3.9/site-packages/jupyterlab
[I 2022-04-17 15:22:36.731 LabApp] JupyterLab application directory is /scratch/s.1915438/env/modulus/share/jupyter/lab
[I 2022-04-17 15:22:36.736 ServerApp] jupyterlab | extension was successfully loaded.
[I 2022-04-17 15:22:36.743 ServerApp] nbclassic | extension was successfully loaded.
[I 2022-04-17 15:22:36.744 ServerApp] Serving notebooks from local directory: /scratch/s.1915438
[I 2022-04-17 15:22:36.744 ServerApp] Jupyter Server 1.16.0 is running at:
[I 2022-04-17 15:22:36.744 ServerApp] http://scs2041:8888/lab?token=1f7ce616095a0e282f539ede8152f66693c09f04c5a37b35
[I 2022-04-17 15:22:36.744 ServerApp]  or http://127.0.0.1:8888/lab?token=1f7ce616095a0e282f539ede8152f66693c09f04c5a37b35
[I 2022-04-17 15:22:36.744 ServerApp] Use Control-C to stop this server and shut down all kernels (twice to skip confirmation).
[C 2022-04-17 15:22:36.752 ServerApp] 
    
    To access the server, open this file in a browser:
        file:///lustrehome/home/s.1915438/.local/share/jupyter/runtime/jpserver-22705-open.html
    Or copy and paste one of these URLs:
        http://scs2041:8888/lab?token=1f7ce616095a0e282f539ede8152f66693c09f04c5a37b35
     or http://127.0.0.1:8888/lab?token=1f7ce616095a0e282f539ede8152f66693c09f04c5a37b35
(modulus) [s.1915438@sl2 helmholtz]$ exit
logout
Connection to sunbird.swansea.ac.uk closed.
(base) hell@Dell-Precision-T1600:~$ ssh sunbird
Last login: Sun Apr 17 14:40:51 2022 from 5.151.27.169
====================== Supercomputing Wales - Sunbird ========================

   This system is for authorised users, if you do not have authorised access
        please disconnect immediately, and contact Technical Support.

 -----------------------------------------------------------------------------

            For user guides, documentation and technical support:
                  Web: http://portal.supercomputing.wales

 -------------------------- Message of the Day -------------------------------

  UPDATE: SCW SUPPORT DURING COVID-19, 18/03/2020

    Please be aware that, due to the current situation with COVID-19,
      support services are still available but may take longer to
      respond than normal.

  Please donâ€™t hesitate to ask if we can be of assistance to you at this time.

===============================================================================

[s.1915438@sl2 ~]$ sinfo -o "%.10P %.5a %.10l %.6D %.6t %.20N %.10G"
 PARTITION AVAIL  TIMELIMIT  NODES  STATE             NODELIST       GRES
  compute*    up 3-00:00:00      1 drain*              scs0123     (null)
  compute*    up 3-00:00:00      1  down*              scs0050     (null)
  compute*    up 3-00:00:00      1  drain              scs0016     (null)
  compute*    up 3-00:00:00      2   resv       scs[0101,0111]     (null)
  compute*    up 3-00:00:00     38    mix scs[0003,0015,0024,0     (null)
  compute*    up 3-00:00:00     74  alloc scs[0002,0004-0008,0     (null)
  compute*    up 3-00:00:00      6   idle scs[0001,0009,0110,0     (null)
developmen    up      30:00      1 drain*              scs0123     (null)
developmen    up      30:00      1  down*              scs0050     (null)
developmen    up      30:00      1  drain              scs0016     (null)
developmen    up      30:00      2   resv       scs[0101,0111]     (null)
developmen    up      30:00     38    mix scs[0003,0015,0024,0     (null)
developmen    up      30:00     74  alloc scs[0002,0004-0008,0     (null)
developmen    up      30:00      6   idle scs[0001,0009,0110,0     (null)
       gpu    up 2-00:00:00      3  alloc       scs[2001-2003] gpu:v100:2
       gpu    up 2-00:00:00      1   idle              scs2004 gpu:v100:2
  accel_ai    up 2-00:00:00      1    mix              scs2041 gpu:a100:8
  accel_ai    up 2-00:00:00      4   idle       scs[2042-2045] gpu:a100:8
accel_ai_d    up    2:00:00      1    mix              scs2041 gpu:a100:8
accel_ai_d    up    2:00:00      4   idle       scs[2042-2045] gpu:a100:8
accel_ai_m    up   12:00:00      1   idle              scs2046 gpu:1g.5gb
s_highmem_    up 3-00:00:00      2   idle       scs[0151-0152]     (null)
s_compute_    up 3-00:00:00      2   idle       scs[3001,3003]     (null)
s_compute_    up    1:00:00      2   idle       scs[3001,3003]     (null)
 s_gpu_eng    up 2-00:00:00      1   idle              scs2021 gpu:v100:4
[s.1915438@sl2 ~]$ salloc --nodes=1 --account=scw1901 --partition=accel_ai --gres=gpu:4
salloc: Granted job allocation 7161842
salloc: Waiting for resource configuration
salloc: Nodes scs2041 are ready for job
[s.1915438@sl2 ~]$ sinfo -o "%.10P %.5a %.10l %.6D %.6t %.20N %.10G"
 PARTITION AVAIL  TIMELIMIT  NODES  STATE             NODELIST       GRES
  compute*    up 3-00:00:00      1 drain*              scs0123     (null)
  compute*    up 3-00:00:00      1  down*              scs0050     (null)
  compute*    up 3-00:00:00      1  drain              scs0016     (null)
  compute*    up 3-00:00:00      2   resv       scs[0101,0111]     (null)
  compute*    up 3-00:00:00     38    mix scs[0003,0015,0024,0     (null)
  compute*    up 3-00:00:00     74  alloc scs[0002,0004-0008,0     (null)
  compute*    up 3-00:00:00      6   idle scs[0001,0009,0110,0     (null)
developmen    up      30:00      1 drain*              scs0123     (null)
developmen    up      30:00      1  down*              scs0050     (null)
developmen    up      30:00      1  drain              scs0016     (null)
developmen    up      30:00      2   resv       scs[0101,0111]     (null)
developmen    up      30:00     38    mix scs[0003,0015,0024,0     (null)
developmen    up      30:00     74  alloc scs[0002,0004-0008,0     (null)
developmen    up      30:00      6   idle scs[0001,0009,0110,0     (null)
       gpu    up 2-00:00:00      3  alloc       scs[2001-2003] gpu:v100:2
       gpu    up 2-00:00:00      1   idle              scs2004 gpu:v100:2
  accel_ai    up 2-00:00:00      1    mix              scs2041 gpu:a100:8
  accel_ai    up 2-00:00:00      4   idle       scs[2042-2045] gpu:a100:8
accel_ai_d    up    2:00:00      1    mix              scs2041 gpu:a100:8
accel_ai_d    up    2:00:00      4   idle       scs[2042-2045] gpu:a100:8
accel_ai_m    up   12:00:00      1   idle              scs2046 gpu:1g.5gb
s_highmem_    up 3-00:00:00      2   idle       scs[0151-0152]     (null)
s_compute_    up 3-00:00:00      2   idle       scs[3001,3003]     (null)
s_compute_    up    1:00:00      2   idle       scs[3001,3003]     (null)
 s_gpu_eng    up 2-00:00:00      1   idle              scs2021 gpu:v100:4
[s.1915438@sl2 ~]$ squeue --partition=accel_ai
             JOBID PARTITION     NAME     USER ST       TIME  NODES NODELIST(REASON)
           7161842  accel_ai     bash s.191543  R       0:38      1 scs2041
           7161825  accel_ai Eval_ens   a.bip5  R    1:08:17      1 scs2041
[s.1915438@sl2 ~]$ pwd
/home/s.1915438
[s.1915438@sl2 ~]$ cd /scratch/s.1915438
[s.1915438@sl2 s.1915438]$ source env/modulus/bin/activate
(modulus) [s.1915438@sl2 s.1915438]$ cd Modulus_examples/examples/ldc/
(modulus) [s.1915438@sl2 ldc]$ srun python ldc_2d.py 
training:
  max_steps: 10000
  grad_agg_freq: 1
  rec_results_freq: 1000
  rec_validation_freq: 1000
  rec_inference_freq: 2000
  rec_monitor_freq: 1000
  rec_constraint_freq: 2000
  save_network_freq: 1000
  print_stats_freq: 100
  summary_freq: 1000
  amp: false
  amp_dtype: float16
  ntk:
    use_ntk: false
    save_name: null
    run_freq: 1000
profiler:
  profile: false
  start_step: 0
  end_step: 100
  name: nvtx
network_dir: .
initialization_network_dir: ''
save_filetypes: vtk
summary_histograms: false
jit: false
device: ''
debug: false
run_mode: train
arch:
  fully_connected:
    _target_: modulus.architecture.fully_connected.FullyConnectedArch
    layer_size: 512
    nr_layers: 6
    skip_connections: false
    adaptive_activations: false
    weight_norm: true
loss:
  _target_: modulus.aggregator.Sum
  weights: null
optimizer:
  _params_:
    compute_gradients: adam_compute_gradients
    apply_gradients: adam_apply_gradients
  _target_: torch.optim.Adam
  lr: 0.001
  betas:
  - 0.9
  - 0.999
  eps: 1.0e-08
  weight_decay: 0.0
  amsgrad: false
scheduler:
  _target_: custom
  _name_: tf.ExponentialLR
  decay_rate: 0.95
  decay_steps: 4000
batch_size:
  TopWall: 1000
  NoSlip: 1000
  Interior: 4000
custom: ???

[15:28:39] - attempting to restore from: outputs/ldc_2d
[15:28:39] - Success loading optimizer: outputs/ldc_2d/optim_checkpoint.pth
[15:28:39] - Success loading model: outputs/ldc_2d/flow_network.pth
[15:28:40] - [step:          0] record contraint batch time:  7.515e-02s
[15:28:47] - [step:          0] record validators time:  7.461e+00s
[15:28:52] - [step:          0] record inferencers time:  5.246e+00s
[15:28:52] - [step:          0] saved checkpoint to outputs/ldc_2d
[15:28:52] - [step:          0] loss:  4.333e-02
[15:28:58] - [step:        100] loss:  7.993e-03, time/iteration:  5.271e+01ms
[15:29:03] - [step:        200] loss:  5.321e-03, time/iteration:  5.211e+01ms
[15:29:08] - [step:        300] loss:  3.240e-03, time/iteration:  5.205e+01ms
[15:29:13] - [step:        400] loss:  2.424e-03, time/iteration:  5.207e+01ms
[15:29:18] - [step:        500] loss:  2.147e-03, time/iteration:  5.206e+01ms
[15:29:24] - [step:        600] loss:  1.653e-03, time/iteration:  5.205e+01ms
[15:29:29] - [step:        700] loss:  1.602e-03, time/iteration:  5.208e+01ms
[15:29:34] - [step:        800] loss:  1.674e-03, time/iteration:  5.208e+01ms
[15:29:39] - [step:        900] loss:  1.326e-03, time/iteration:  5.207e+01ms
[15:29:52] - [step:       1000] record validators time:  7.306e+00s
[15:29:52] - [step:       1000] saved checkpoint to outputs/ldc_2d
[15:29:52] - [step:       1000] loss:  9.970e-04, time/iteration:  1.275e+02ms
[15:29:57] - [step:       1100] loss:  9.046e-04, time/iteration:  5.254e+01ms
[15:30:02] - [step:       1200] loss:  1.696e-03, time/iteration:  5.211e+01ms
[15:30:08] - [step:       1300] loss:  7.272e-04, time/iteration:  5.215e+01ms
[15:30:13] - [step:       1400] loss:  5.508e-04, time/iteration:  5.211e+01ms
[15:30:18] - [step:       1500] loss:  4.739e-04, time/iteration:  5.210e+01ms
[15:30:23] - [step:       1600] loss:  5.051e-04, time/iteration:  5.212e+01ms
[15:30:28] - [step:       1700] loss:  8.700e-04, time/iteration:  5.213e+01ms
[15:30:34] - [step:       1800] loss:  5.259e-04, time/iteration:  5.214e+01ms
[15:30:39] - [step:       1900] loss:  3.499e-04, time/iteration:  5.214e+01ms
[15:30:44] - [step:       2000] record contraint batch time:  6.687e-02s
[15:30:52] - [step:       2000] record validators time:  7.395e+00s
[15:30:57] - [step:       2000] record inferencers time:  5.254e+00s
[15:30:57] - [step:       2000] saved checkpoint to outputs/ldc_2d
[15:30:57] - [step:       2000] loss:  5.886e-04, time/iteration:  1.815e+02ms
[15:31:02] - [step:       2100] loss:  3.457e-04, time/iteration:  5.243e+01ms
[15:31:08] - [step:       2200] loss:  3.661e-04, time/iteration:  5.217e+01ms
[15:31:13] - [step:       2300] loss:  3.608e-04, time/iteration:  5.217e+01ms
[15:31:18] - [step:       2400] loss:  4.110e-04, time/iteration:  5.215e+01ms
[15:31:23] - [step:       2500] loss:  3.655e-04, time/iteration:  5.215e+01ms
[15:31:28] - [step:       2600] loss:  2.913e-04, time/iteration:  5.211e+01ms
[15:31:34] - [step:       2700] loss:  2.778e-04, time/iteration:  5.217e+01ms
[15:31:39] - [step:       2800] loss:  2.539e-04, time/iteration:  5.212e+01ms
[15:31:44] - [step:       2900] loss:  2.702e-04, time/iteration:  5.215e+01ms
[15:31:57] - [step:       3000] record validators time:  7.243e+00s
[15:31:57] - [step:       3000] saved checkpoint to outputs/ldc_2d
[15:31:57] - [step:       3000] loss:  4.240e-04, time/iteration:  1.269e+02ms
[15:32:02] - [step:       3100] loss:  2.309e-04, time/iteration:  5.260e+01ms
[15:32:07] - [step:       3200] loss:  3.314e-04, time/iteration:  5.211e+01ms
[15:32:12] - [step:       3300] loss:  2.936e-04, time/iteration:  5.215e+01ms
[15:32:18] - [step:       3400] loss:  2.283e-04, time/iteration:  5.212e+01ms
[15:32:23] - [step:       3500] loss:  2.372e-04, time/iteration:  5.211e+01ms
[15:32:28] - [step:       3600] loss:  3.427e-04, time/iteration:  5.214e+01ms
[15:32:33] - [step:       3700] loss:  4.391e-04, time/iteration:  5.211e+01ms
[15:32:38] - [step:       3800] loss:  1.892e-04, time/iteration:  5.211e+01ms
[15:32:44] - [step:       3900] loss:  2.620e-04, time/iteration:  5.215e+01ms
[15:32:49] - [step:       4000] record contraint batch time:  6.698e-02s
[15:32:57] - [step:       4000] record validators time:  7.353e+00s
[15:33:02] - [step:       4000] record inferencers time:  5.240e+00s
[15:33:02] - [step:       4000] saved checkpoint to outputs/ldc_2d
[15:33:02] - [step:       4000] loss:  1.888e-04, time/iteration:  1.810e+02ms
[15:33:07] - [step:       4100] loss:  5.352e-04, time/iteration:  5.263e+01ms
[15:33:12] - [step:       4200] loss:  2.444e-04, time/iteration:  5.218e+01ms
[15:33:17] - [step:       4300] loss:  2.233e-04, time/iteration:  5.217e+01ms
[15:33:23] - [step:       4400] loss:  2.188e-04, time/iteration:  5.219e+01ms
[15:33:28] - [step:       4500] loss:  1.647e-04, time/iteration:  5.216e+01ms
[15:33:33] - [step:       4600] loss:  1.848e-04, time/iteration:  5.217e+01ms
[15:33:38] - [step:       4700] loss:  3.381e-04, time/iteration:  5.215e+01ms
[15:33:44] - [step:       4800] loss:  1.798e-04, time/iteration:  5.219e+01ms
[15:33:49] - [step:       4900] loss:  4.039e-04, time/iteration:  5.215e+01ms
[15:34:01] - [step:       5000] record validators time:  7.226e+00s
[15:34:01] - [step:       5000] saved checkpoint to outputs/ldc_2d
[15:34:01] - [step:       5000] loss:  1.995e-04, time/iteration:  1.268e+02ms
[15:34:07] - [step:       5100] loss:  2.280e-04, time/iteration:  5.251e+01ms
[15:34:12] - [step:       5200] loss:  2.187e-04, time/iteration:  5.219e+01ms
[15:34:17] - [step:       5300] loss:  1.994e-04, time/iteration:  5.221e+01ms
[15:34:22] - [step:       5400] loss:  1.566e-04, time/iteration:  5.218e+01ms
[15:34:28] - [step:       5500] loss:  2.288e-04, time/iteration:  5.215e+01ms
[15:34:33] - [step:       5600] loss:  1.676e-04, time/iteration:  5.220e+01ms
[15:34:38] - [step:       5700] loss:  1.585e-04, time/iteration:  5.216e+01ms
[15:34:43] - [step:       5800] loss:  2.121e-04, time/iteration:  5.218e+01ms
[15:34:48] - [step:       5900] loss:  2.382e-04, time/iteration:  5.216e+01ms
[15:34:54] - [step:       6000] record contraint batch time:  6.623e-02s
[15:35:01] - [step:       6000] record validators time:  7.408e+00s
[15:35:07] - [step:       6000] record inferencers time:  5.212e+00s
[15:35:07] - [step:       6000] saved checkpoint to outputs/ldc_2d
[15:35:07] - [step:       6000] loss:  2.319e-04, time/iteration:  1.813e+02ms
[15:35:12] - [step:       6100] loss:  3.948e-04, time/iteration:  5.324e+01ms
[15:35:17] - [step:       6200] loss:  1.732e-04, time/iteration:  5.260e+01ms
[15:35:22] - [step:       6300] loss:  3.270e-04, time/iteration:  5.228e+01ms
[15:35:28] - [step:       6400] loss:  2.745e-04, time/iteration:  5.228e+01ms
[15:35:33] - [step:       6500] loss:  3.509e-04, time/iteration:  5.226e+01ms
[15:35:38] - [step:       6600] loss:  3.298e-04, time/iteration:  5.225e+01ms
[15:35:43] - [step:       6700] loss:  2.592e-04, time/iteration:  5.227e+01ms
[15:35:49] - [step:       6800] loss:  1.648e-04, time/iteration:  5.226e+01ms
[15:35:54] - [step:       6900] loss:  1.954e-04, time/iteration:  5.228e+01ms
^Csrun: interrupt (one more within 1 sec to abort)
srun: step:7161842.0 task 0: running
[15:36:06] - [step:       7000] record validators time:  7.266e+00s
[15:36:06] - [step:       7000] saved checkpoint to outputs/ldc_2d
[15:36:06] - [step:       7000] loss:  1.749e-04, time/iteration:  1.273e+02ms
^Csrun: interrupt (one more within 1 sec to abort)
srun: step:7161842.0 task 0: running
^Csrun: interrupt (one more within 1 sec to abort)
srun: step:7161842.0 task 0: running

[15:36:12] - [step:       7100] loss:  2.417e-04, time/iteration:  5.247e+01ms
^Csrun: interrupt (one more within 1 sec to abort)
srun: step:7161842.0 task 0: running
^Csrun: sending Ctrl-C to job 7161842.0
srun: Job step aborted: Waiting up to 32 seconds for job step to finish.
slurmstepd: error: *** STEP 7161842.0 ON scs2041 CANCELLED AT 2022-04-17T15:36:13 ***
^Csrun: forcing job termination
^Csrun: job abort in progress
(modulus) [s.1915438@sl2 ldc]$ squeue --partition=accel_ai
             JOBID PARTITION     NAME     USER ST       TIME  NODES NODELIST(REASON)
           7161842  accel_ai     bash s.191543  R       9:37      1 scs2041
           7161825  accel_ai Eval_ens   a.bip5  R    1:17:16      1 scs2041
(modulus) [s.1915438@sl2 ldc]$ cd ..
(modulus) [s.1915438@sl2 examples]$ ls
aneurysm      anti_derivative  chip_2d   darcy                   fpga            helmholtz  limerock         plane_displacement  seismic_wave      surface_pde   three_fin_2d  turbulent_channel  waveguide
annular_ring  bracket          cylinder  discontinuous_galerkin  fuselage_panel  ldc        ode_spring_mass  README.md           super_resolution  taylor_green  three_fin_3d  wave_equation
(modulus) [s.1915438@sl2 examples]$ cd three_fin_3d/
(modulus) [s.1915438@sl2 three_fin_3d]$ ls
conf  openfoam  three_fin_design.py  three_fin_flow.py  three_fin_geometry.py  three_fin_thermal.py
(modulus) [s.1915438@sl2 three_fin_3d]$ cd ..
(modulus) [s.1915438@sl2 examples]$ cd wave
bash: cd: wave: No such file or directory
(modulus) [s.1915438@sl2 examples]$ cd wave_equation/
(modulus) [s.1915438@sl2 wave_equation]$ ls
conf  wave_1d.py  wave_equation.py  wave_inverse.py
(modulus) [s.1915438@sl2 wave_equation]$ cd ..
(modulus) [s.1915438@sl2 examples]$ cd seismic_wave/
(modulus) [s.1915438@sl2 seismic_wave]$ ls
conf  Training_data  wave_2d.py
(modulus) [s.1915438@sl2 seismic_wave]$ srun python wave_2d.py 
training:
  max_steps: 40000
  grad_agg_freq: 1
  rec_results_freq: 1000
  rec_validation_freq: 1000
  rec_inference_freq: 1000
  rec_monitor_freq: 1000
  rec_constraint_freq: 2000
  save_network_freq: 1000
  print_stats_freq: 100
  summary_freq: 1000
  amp: false
  amp_dtype: float16
  ntk:
    use_ntk: false
    save_name: null
    run_freq: 1000
profiler:
  profile: false
  start_step: 0
  end_step: 100
  name: nvtx
network_dir: .
initialization_network_dir: ''
save_filetypes: vtk
summary_histograms: true
jit: true
device: ''
debug: false
run_mode: train
arch:
  fully_connected:
    _target_: modulus.architecture.fully_connected.FullyConnectedArch
    layer_size: 256
    nr_layers: 6
    skip_connections: false
    adaptive_activations: false
    weight_norm: true
loss:
  _target_: modulus.aggregator.Sum
  weights: null
optimizer:
  _params_:
    compute_gradients: adam_compute_gradients
    apply_gradients: adam_apply_gradients
  _target_: torch.optim.Adam
  lr: 0.0003
  betas:
  - 0.9
  - 0.999
  eps: 1.0e-08
  weight_decay: 0.0
  amsgrad: false
scheduler:
  _target_: torch.optim.lr_scheduler.ExponentialLR
  gamma: 0.99998718
batch_size: ???
custom: ???

[15:43:40] - Installed PyTorch version 1.11.0+cu113 is not TorchScript supported in Modulus. Version 1.11.0a0+17540c5 is officially supported.
[15:43:40] - Jit compiling network arch
[15:43:40] - Installed PyTorch version 1.11.0+cu113 is not TorchScript supported in Modulus. Version 1.11.0a0+17540c5 is officially supported.
[15:43:40] - Jit compiling network arch
/scratch/s.1915438/Modulus_examples/examples/seismic_wave/Training_data/wf_0150ms.npz
/scratch/s.1915438/Modulus_examples/examples/seismic_wave/Training_data/wf_0200ms.npz
/scratch/s.1915438/Modulus_examples/examples/seismic_wave/Training_data/wf_0250ms.npz
/scratch/s.1915438/Modulus_examples/examples/seismic_wave/Training_data/wf_0300ms.npz
/scratch/s.1915438/Modulus_examples/examples/seismic_wave/Training_data/wf_0350ms.npz
/scratch/s.1915438/Modulus_examples/examples/seismic_wave/Training_data/wf_0400ms.npz
/scratch/s.1915438/Modulus_examples/examples/seismic_wave/Training_data/wf_0450ms.npz
/scratch/s.1915438/Modulus_examples/examples/seismic_wave/Training_data/wf_0500ms.npz
/scratch/s.1915438/Modulus_examples/examples/seismic_wave/Training_data/wf_0550ms.npz
/scratch/s.1915438/Modulus_examples/examples/seismic_wave/Training_data/wf_0600ms.npz
/scratch/s.1915438/Modulus_examples/examples/seismic_wave/Training_data/wf_0650ms.npz
/scratch/s.1915438/Modulus_examples/examples/seismic_wave/Training_data/wf_0700ms.npz
/scratch/s.1915438/Modulus_examples/examples/seismic_wave/Training_data/wf_0750ms.npz
/scratch/s.1915438/Modulus_examples/examples/seismic_wave/Training_data/wf_0800ms.npz
/scratch/s.1915438/Modulus_examples/examples/seismic_wave/Training_data/wf_0850ms.npz
/scratch/s.1915438/Modulus_examples/examples/seismic_wave/Training_data/wf_0900ms.npz
/scratch/s.1915438/Modulus_examples/examples/seismic_wave/Training_data/wf_0950ms.npz
[15:43:47] - Installed PyTorch version 1.11.0+cu113 is not TorchScript supported in Modulus. Version 1.11.0a0+17540c5 is officially supported.
[15:43:47] - attempting to restore from: outputs/wave_2d
[15:43:47] - optimizer checkpoint not found
[15:43:47] - model speed_network.pth not found
[15:43:47] - model wave_network.pth not found
[15:44:00] - [step:          0] record contraint batch time:  2.336e+00s
[15:44:43] - [step:          0] record validators time:  4.250e+01s
[15:44:43] - [step:          0] saved checkpoint to outputs/wave_2d
[15:44:43] - [step:          0] loss:  2.554e+03
[15:44:49] - [step:        100] loss:  6.306e+01, time/iteration:  6.694e+01ms
[15:44:56] - [step:        200] loss:  6.104e+01, time/iteration:  6.308e+01ms
[15:45:02] - [step:        300] loss:  4.825e+01, time/iteration:  6.307e+01ms
[15:45:08] - [step:        400] loss:  3.666e+01, time/iteration:  6.336e+01ms
[15:45:15] - [step:        500] loss:  3.282e+01, time/iteration:  6.359e+01ms
[15:45:21] - [step:        600] loss:  2.114e+01, time/iteration:  6.330e+01ms
[15:45:27] - [step:        700] loss:  1.793e+01, time/iteration:  6.330e+01ms
[15:45:34] - [step:        800] loss:  1.715e+01, time/iteration:  6.346e+01ms
[15:45:40] - [step:        900] loss:  1.420e+01, time/iteration:  6.335e+01ms
[15:46:29] - [step:       1000] record validators time:  4.199e+01s
[15:46:29] - [step:       1000] saved checkpoint to outputs/wave_2d
[15:46:29] - [step:       1000] loss:  1.419e+01, time/iteration:  4.855e+02ms
[15:46:35] - [step:       1100] loss:  9.626e+00, time/iteration:  6.320e+01ms
[15:46:41] - [step:       1200] loss:  1.538e+01, time/iteration:  6.319e+01ms
[15:46:48] - [step:       1300] loss:  1.247e+01, time/iteration:  6.333e+01ms
[15:46:54] - [step:       1400] loss:  9.807e+00, time/iteration:  6.340e+01ms
[15:47:00] - [step:       1500] loss:  9.563e+00, time/iteration:  6.340e+01ms
[15:47:07] - [step:       1600] loss:  1.357e+01, time/iteration:  6.347e+01ms
[15:47:13] - [step:       1700] loss:  7.878e+00, time/iteration:  6.336e+01ms
[15:47:19] - [step:       1800] loss:  1.198e+01, time/iteration:  6.356e+01ms
[15:47:26] - [step:       1900] loss:  9.694e+00, time/iteration:  6.338e+01ms
[15:47:32] - [step:       2000] record contraint batch time:  8.262e-02s
[15:48:15] - [step:       2000] record validators time:  4.243e+01s
[15:48:15] - [step:       2000] saved checkpoint to outputs/wave_2d
[15:48:15] - [step:       2000] loss:  7.457e+00, time/iteration:  4.907e+02ms
[15:48:21] - [step:       2100] loss:  6.093e+00, time/iteration:  6.351e+01ms
[15:48:27] - [step:       2200] loss:  7.920e+00, time/iteration:  6.346e+01ms
[15:48:34] - [step:       2300] loss:  8.202e+00, time/iteration:  6.351e+01ms
^Csrun: interrupt (one more within 1 sec to abort)
srun: step:7161842.1 task 0: running
^Csrun: interrupt (one more within 1 sec to abort)
srun: step:7161842.1 task 0: running
^Csrun: sending Ctrl-C to job 7161842.1
srun: Job step aborted: Waiting up to 32 seconds for job step to finish.
slurmstepd: error: *** STEP 7161842.1 ON scs2041 CANCELLED AT 2022-04-17T15:48:37 ***
^Csrun: forcing job termination
(modulus) [s.1915438@sl2 seismic_wave]$ ^C
(modulus) [s.1915438@sl2 seismic_wave]$ ^C
(modulus) [s.1915438@sl2 seismic_wave]$ ^C
(modulus) [s.1915438@sl2 seismic_wave]$ ^C
(modulus) [s.1915438@sl2 seismic_wave]$ ^C
(modulus) [s.1915438@sl2 seismic_wave]$ exit
exit
salloc: Relinquishing job allocation 7161842
[s.1915438@sl2 ~]$ module load anaconda/2021.05 
[s.1915438@sl2 ~]$ pwd
/home/s.1915438
[s.1915438@sl2 ~]$ cd /scratch/
[s.1915438@sl2 scratch]$ cd s.1915438
[s.1915438@sl2 s.1915438]$ ls
ansys195  env  jupyter_env.sh  jupyter_log  jupyter.sh  modulus  Modulus_examples  Modulus_source
[s.1915438@sl2 s.1915438]$ source activate modulus
(modulus) [s.1915438@sl2 s.1915438]$ conda
usage: conda [-h] [-V] command ...

conda is a tool for managing and deploying applications, environments and packages.

Options:

positional arguments:
  command
    clean        Remove unused packages and caches.
    compare      Compare packages between conda environments.
    config       Modify configuration values in .condarc. This is modeled after the git config command. Writes to the user .condarc file (/home/s.1915438/.condarc) by default.
    create       Create a new conda environment from a list of specified packages.
    help         Displays a list of available conda commands and their help strings.
    info         Display information about current conda install.
    init         Initialize conda for shell interaction. [Experimental]
    install      Installs a list of packages into a specified conda environment.
    list         List linked packages in a conda environment.
    package      Low-level conda package utility. (EXPERIMENTAL)
    remove       Remove a list of packages from a specified conda environment.
    uninstall    Alias for conda remove.
    run          Run an executable in a conda environment. [Experimental]
    search       Search for packages and display associated information. The input is a MatchSpec, a query language for conda packages. See examples below.
    update       Updates conda packages to the latest compatible version.
    upgrade      Alias for conda update.

optional arguments:
  -h, --help     Show this help message and exit.
  -V, --version  Show the conda version number and exit.

conda commands available from other packages:
  build
  content-trust
  convert
  debug
  develop
  env
  index
  inspect
  metapackage
  render
  repo
  server
  skeleton
  token
  verify
(modulus) [s.1915438@sl2 s.1915438]$ salloc --nodes=1 --account=scw1901 --partition=accel_ai --gres=gpu:1
salloc: Granted job allocation 7161861
salloc: Waiting for resource configuration
salloc: Nodes scs2041 are ready for job
[s.1915438@sl2 s.1915438]$ pwd
/scratch/s.1915438
[s.1915438@sl2 s.1915438]$ ls
ansys195  env  jupyter_env.sh  jupyter_log  jupyter.sh  modulus  Modulus_examples  Modulus_source
[s.1915438@sl2 s.1915438]$ srun python Modulus_examples/examples/ldc/ldc_2d.py 
/home/s.1915438/.conda/envs/modulus/lib/python3.6/site-packages/modulus-21.6-py3.6.egg/modulus/controller.py:8: UserWarning: horovod was not imported. This will make multi-gpu runs impossible
  warnings.warn("horovod was not imported. This will make multi-gpu runs impossible")
WARNING:tensorflow:From /home/s.1915438/.conda/envs/modulus/lib/python3.6/site-packages/modulus-21.6-py3.6.egg/modulus/optimizer.py:353: The name tf.train.AdamOptimizer is deprecated. Please use tf.compat.v1.train.AdamOptimizer instead.

WARNING:tensorflow:From /home/s.1915438/.conda/envs/modulus/lib/python3.6/site-packages/modulus-21.6-py3.6.egg/modulus/optimizer.py:361: The name tf.train.Optimizer is deprecated. Please use tf.compat.v1.train.Optimizer instead.

Traceback (most recent call last):
  File "Modulus_examples/examples/ldc/ldc_2d.py", line 4, in <module>
    from modulus.hydra import to_absolute_path, to_yaml, instantiate_arch
ModuleNotFoundError: No module named 'modulus.hydra'
srun: error: scs2041: task 0: Exited with exit code 1
[s.1915438@sl2 s.1915438]$ which python
~/.conda/envs/modulus/bin/python
[s.1915438@sl2 s.1915438]$ python --version
Python 3.6.13 :: Anaconda, Inc.
[s.1915438@sl2 s.1915438]$ python3 --version
Python 3.6.13 :: Anaconda, Inc.
[s.1915438@sl2 s.1915438]$ conda
usage: conda [-h] [-V] command ...

conda is a tool for managing and deploying applications, environments and packages.

Options:

positional arguments:
  command
    clean        Remove unused packages and caches.
    compare      Compare packages between conda environments.
    config       Modify configuration values in .condarc. This is modeled after the git config command. Writes to the user .condarc file (/home/s.1915438/.condarc) by default.
    create       Create a new conda environment from a list of specified packages.
    help         Displays a list of available conda commands and their help strings.
    info         Display information about current conda install.
    init         Initialize conda for shell interaction. [Experimental]
    install      Installs a list of packages into a specified conda environment.
    list         List linked packages in a conda environment.
    package      Low-level conda package utility. (EXPERIMENTAL)
    remove       Remove a list of packages from a specified conda environment.
    uninstall    Alias for conda remove.
    run          Run an executable in a conda environment. [Experimental]
    search       Search for packages and display associated information. The input is a MatchSpec, a query language for conda packages. See examples below.
    update       Updates conda packages to the latest compatible version.
    upgrade      Alias for conda update.

optional arguments:
  -h, --help     Show this help message and exit.
  -V, --version  Show the conda version number and exit.

conda commands available from other packages:
  build
  content-trust
  convert
  debug
  develop
  env
  index
  inspect
  metapackage
  render
  repo
  server
  skeleton
  token
  verify
[s.1915438@sl2 s.1915438]$ pwd
/scratch/s.1915438
[s.1915438@sl2 s.1915438]$ ls
ansys195  env  jupyter_env.sh  jupyter_log  jupyter.sh  modulus  Modulus_examples  Modulus_source
[s.1915438@sl2 s.1915438]$ source env/modulus/bin/activate
(modulus) [s.1915438@sl2 s.1915438]$ which python
/scratch/s.1915438/env/modulus/bin/python
(modulus) [s.1915438@sl2 s.1915438]$ python --version
Python 3.9.12
(modulus) [s.1915438@sl2 s.1915438]$ conda activate base

CommandNotFoundError: Your shell has not been properly configured to use 'conda activate'.
To initialize your shell, run

    $ conda init <SHELL_NAME>

Currently supported shells are:
  - bash
  - fish
  - tcsh
  - xonsh
  - zsh
  - powershell

See 'conda init --help' for more information and options.

IMPORTANT: You may need to close and restart your shell after running 'conda init'.


(modulus) [s.1915438@sl2 s.1915438]$ conda env list
# conda environments:
#
base                     /apps/local/languages/anaconda/2021.05
ml                       /home/s.1915438/.conda/envs/ml
modulus               *  /home/s.1915438/.conda/envs/modulus
                         /scratch/s.1915438/modulus

(modulus) [s.1915438@sl2 s.1915438]$ ls /usr/bin/python*
/usr/bin/python  /usr/bin/python2  /usr/bin/python2.7  /usr/bin/python2.7-config  /usr/bin/python2-config  /usr/bin/python3  /usr/bin/python3.6  /usr/bin/python3.6m  /usr/bin/python-config
(modulus) [s.1915438@sl2 s.1915438]$ which python
/scratch/s.1915438/env/modulus/bin/python
(modulus) [s.1915438@sl2 s.1915438]$ python --version
Python 3.9.12
(modulus) [s.1915438@sl2 s.1915438]$ pwd
/scratch/s.1915438
(modulus) [s.1915438@sl2 s.1915438]$ cd /scratch/s.1915438
(modulus) [s.1915438@sl2 s.1915438]$ ls
ansys195  env  jupyter_env.sh  jupyter_log  jupyter.sh  modulus  Modulus_examples  Modulus_source
(modulus) [s.1915438@sl2 s.1915438]$ cd env
(modulus) [s.1915438@sl2 env]$ cd modulus/bin/
(modulus) [s.1915438@sl2 bin]$ ls
activate                cygdb      futurize              jupyter                   jupyter-labextension  jupyter-run              numba       pyftmerge      pyrsa-priv2pub   send2trash   wheel
activate.csh            cython     google-oauthlib-tool  jupyter-bundlerextension  jupyter-labhub        jupyter-server           pasteurize  pyftsubset     pyrsa-sign       stl          wsdump
activate.fish           cythonize  ipython               jupyter-dejavu            jupyter-migrate       jupyter-serverextension  pip         pygmentize     pyrsa-verify     stl2ascii
Activate.ps1            f2py       ipython3              jupyter-execute           jupyter-nbclassic     jupyter-troubleshoot     pip3        pyjson5        python           stl2bin
cmark                   f2py3      isympy                jupyter-kernel            jupyter-nbconvert     jupyter-trust            pip3.9      pyrsa-decrypt  python3          tensorboard
convert-caffe2-to-onnx  f2py3.9    jlpm                  jupyter-kernelspec        jupyter-nbextension   markdown_py              pybabel     pyrsa-encrypt  python3.9        torchrun
convert-onnx-to-caffe2  fonttools  jsonschema            jupyter-lab               jupyter-notebook      normalizer               pycc        pyrsa-keygen   quadpy-optimize  ttx
(modulus) [s.1915438@sl2 bin]$ cd ..
(modulus) [s.1915438@sl2 modulus]$ which python
/scratch/s.1915438/env/modulus/bin/python
(modulus) [s.1915438@sl2 modulus]$ exit
exit
salloc: Relinquishing job allocation 7161861
(modulus) [s.1915438@sl2 s.1915438]$ exit
logout
Connection to sunbird.swansea.ac.uk closed.
(base) hell@Dell-Precision-T1600:~$ ssh sunbird
Last login: Sun Apr 17 15:35:38 2022 from 5.151.27.169
====================== Supercomputing Wales - Sunbird ========================

   This system is for authorised users, if you do not have authorised access
        please disconnect immediately, and contact Technical Support.

 -----------------------------------------------------------------------------

            For user guides, documentation and technical support:
                  Web: http://portal.supercomputing.wales

 -------------------------- Message of the Day -------------------------------

  UPDATE: SCW SUPPORT DURING COVID-19, 18/03/2020

    Please be aware that, due to the current situation with COVID-19,
      support services are still available but may take longer to
      respond than normal.

  Please donâ€™t hesitate to ask if we can be of assistance to you at this time.

===============================================================================

[s.1915438@sl1 ~]$ cd /scratch/s.1915438
[s.1915438@sl1 s.1915438]$ source env/modulus/bin/activate
(modulus) [s.1915438@sl1 s.1915438]$ which python
/scratch/s.1915438/env/modulus/bin/python
(modulus) [s.1915438@sl1 s.1915438]$ python --version
Python 3.9.12
(modulus) [s.1915438@sl1 s.1915438]$ 

